<?xml version="1.0" encoding="UTF-8"?>
<testsuites name="MMA Merchandising With Channel Wise Data Verification" time="2226" tests="3" failures="1" errors="0">
   <testsuite name="MMA Merchandising With Channel Wise Data Verification" tests="3" failures="1" errors="0" time="2226" timestamp="2018-12-03 18:08:30" hostname="Fahad Shah - DESKTOP-L12UUAD" id="Test Suites/MMA Merchandising With Channel Wise Data Verification">
      <properties>
[...]
</properties>
      <testcase name="Test Cases/LaunchingApp/LaunchApp" classname="Test Cases/LaunchingApp/LaunchApp" status="PASSED">
         <system-out><![CDATA[2018-12-03 18:08:30 - [TEST_CASE][PASSED] - Test Cases/LaunchingApp/LaunchApp: Test Cases/LaunchingApp/LaunchApp

2018-12-03 18:08:31 - [TEST_STEP][PASSED] - startApplication: Started app at: 'F:\QA_Automation\Builds\mmaplus_301118_v151_local.apk'

2018-12-03 18:08:48 - [MESSAGE][PASSED] - Started app at: 'F:\QA_Automation\Builds\mmaplus_301118_v151_local.apk'

2018-12-03 18:08:48 - [TEST_STEP][PASSED] - delay: Delayed 5 second(s)

2018-12-03 18:08:53 - [MESSAGE][PASSED] - Delayed 5 second(s)]]></system-out>
         <system-err><![CDATA[]]></system-err>
      </testcase>
      <testcase name="Test Cases/SliderOptions/VisitSliderOptions" classname="Test Cases/SliderOptions/VisitSliderOptions" status="PASSED">
         <system-out><![CDATA[2018-12-03 18:08:53 - [TEST_CASE][PASSED] - Test Cases/SliderOptions/VisitSliderOptions: Test Cases/SliderOptions/VisitSliderOptions

2018-12-03 18:08:54 - [TEST_STEP][PASSED] - verifyElementText: Actual text and expected text of test object 'Object Repository/DashboardScreenElements/Validate_DashboardScreen' are matched.

2018-12-03 18:08:59 - [MESSAGE][PASSED] - Actual text and expected text of test object 'Object Repository/DashboardScreenElements/Validate_DashboardScreen' are matched.

2018-12-03 18:08:59 - [TEST_STEP][PASSED] - swipe: Swiped from 2,250 to 400,250

2018-12-03 18:08:59 - [MESSAGE][PASSED] - Swiped from 2,250 to 400,250

2018-12-03 18:08:59 - [TEST_STEP][PASSED] - swipe: Swiped from 2,250 to 400,250

2018-12-03 18:09:00 - [MESSAGE][PASSED] - Swiped from 2,250 to 400,250

2018-12-03 18:09:00 - [TEST_STEP][PASSED] - verifyElementExist: Element 'Object Repository/SliderOptions/Validate_SliderItemsScreen' is exist

2018-12-03 18:09:00 - [MESSAGE][WARNING] - Timeout '0' is invalid. Using default page load timeout: '6'

2018-12-03 18:09:01 - [MESSAGE][PASSED] - Element 'Object Repository/SliderOptions/Validate_SliderItemsScreen' is exist

2018-12-03 18:09:01 - [TEST_STEP][PASSED] - com.ct.qa.keywords.SliderOptionsKeywords.valideSliderOptions: com.ct.qa.keywords.SliderOptionsKeywords.valideSliderOptions is PASSED

2018-12-03 18:09:08 - [MESSAGE][PASSED] - Swiped from 0,255 to 0,200

2018-12-03 18:09:11 - [MESSAGE][PASSED] - Swiped from 0,284 to 0,200

2018-12-03 18:09:15 - [MESSAGE][PASSED] - Swiped from 0,284 to 0,200

2018-12-03 18:09:19 - [MESSAGE][PASSED] - Swiped from 0,284 to 0,200

2018-12-03 18:09:23 - [MESSAGE][PASSED] - Swiped from 0,284 to 0,200

2018-12-03 18:09:25 - [MESSAGE][PASSED] - com.ct.qa.keywords.SliderOptionsKeywords.valideSliderOptions is PASSED

2018-12-03 18:09:25 - [TEST_STEP][PASSED] - swipe: Swiped from 5,200 to 5,500

2018-12-03 18:09:26 - [MESSAGE][PASSED] - Swiped from 5,200 to 5,500

2018-12-03 18:09:26 - [TEST_STEP][PASSED] - swipe: Swiped from 5,200 to 5,500

2018-12-03 18:09:27 - [MESSAGE][PASSED] - Swiped from 5,200 to 5,500

2018-12-03 18:09:27 - [TEST_STEP][PASSED] - com.ct.qa.keywords.SliderOptionsKeywords.findSliderOption: com.ct.qa.keywords.SliderOptionsKeywords.findSliderOption is PASSED

2018-12-03 18:09:28 - [MESSAGE][PASSED] - Swiped from 5,200 to 5,500

2018-12-03 18:09:28 - [MESSAGE][PASSED] - Swiped from 5,200 to 5,500

2018-12-03 18:09:31 - [MESSAGE][WARNING] - Timeout '0' is invalid. Using default page load timeout: '6'

2018-12-03 18:09:32 - [MESSAGE][PASSED] - Element 'Object Repository/SliderOptions/UpdateProfile_EnterEmail' is exist

2018-12-03 18:09:32 - [MESSAGE][WARNING] - Timeout '0' is invalid. Using default page load timeout: '6'

2018-12-03 18:09:33 - [MESSAGE][PASSED] - Element 'Object Repository/SliderOptions/UpdateProfile_EnterPhone' is exist

2018-12-03 18:09:33 - [MESSAGE][WARNING] - Timeout '0' is invalid. Using default page load timeout: '6'

2018-12-03 18:09:33 - [MESSAGE][PASSED] - Element 'Object Repository/SliderOptions/UpdateProfile_EnterCNIC' is exist

2018-12-03 18:09:33 - [MESSAGE][PASSED] - Press back button successfully

2018-12-03 18:09:33 - [MESSAGE][WARNING] - Timeout '0' is invalid. Using default page load timeout: '6'

2018-12-03 18:09:34 - [MESSAGE][PASSED] - Element 'Object Repository/SliderOptions/Validate_SliderItemsScreen' is exist

2018-12-03 18:09:34 - [MESSAGE][PASSED] - com.ct.qa.keywords.SliderOptionsKeywords.findSliderOption is PASSED

2018-12-03 18:09:34 - [TEST_STEP][PASSED] - com.ct.qa.keywords.SliderOptionsKeywords.findSliderOption: com.ct.qa.keywords.SliderOptionsKeywords.findSliderOption is PASSED

2018-12-03 18:09:35 - [MESSAGE][PASSED] - Swiped from 5,200 to 5,500

2018-12-03 18:09:36 - [MESSAGE][PASSED] - Swiped from 5,200 to 5,500

2018-12-03 18:09:42 - [MESSAGE][PASSED] - Actual text and expected text of test object 'Object Repository/SliderOptions/Validate_OutOfRoute_RouteListScreen' are matched.

2018-12-03 18:09:45 - [MESSAGE][PASSED] - Actual text and expected text of test object 'Object Repository/SliderOptions/Validate_OutOfRoute_ShopOnRouteScreen' are matched.

2018-12-03 18:09:46 - [MESSAGE][PASSED] - Press back button successfully

2018-12-03 18:09:46 - [MESSAGE][PASSED] - Actual text and expected text of test object 'Object Repository/SliderOptions/Validate_OutOfRoute_RouteListScreen' are matched.

2018-12-03 18:09:47 - [MESSAGE][PASSED] - Press back button successfully

2018-12-03 18:09:47 - [MESSAGE][WARNING] - Timeout '0' is invalid. Using default page load timeout: '6'

2018-12-03 18:09:48 - [MESSAGE][PASSED] - Element 'Object Repository/SliderOptions/Validate_SliderItemsScreen' is exist

2018-12-03 18:09:48 - [MESSAGE][PASSED] - com.ct.qa.keywords.SliderOptionsKeywords.findSliderOption is PASSED

2018-12-03 18:09:48 - [TEST_STEP][PASSED] - com.ct.qa.keywords.SliderOptionsKeywords.findSliderOption: com.ct.qa.keywords.SliderOptionsKeywords.findSliderOption is PASSED

2018-12-03 18:09:49 - [MESSAGE][PASSED] - Swiped from 5,200 to 5,500

2018-12-03 18:09:50 - [MESSAGE][PASSED] - Swiped from 5,200 to 5,500

2018-12-03 18:09:55 - [MESSAGE][PASSED] - Swiped from 0,255 to 0,200

2018-12-03 18:09:58 - [MESSAGE][PASSED] - Swiped from 0,284 to 0,200

2018-12-03 18:10:02 - [MESSAGE][PASSED] - Actual text and expected text of test object 'Object Repository/SliderOptions/Validate_LoginCode' are matched.

2018-12-03 18:10:03 - [MESSAGE][PASSED] - Actual text and expected text of test object 'Object Repository/SliderOptions/Validate_LoginTime' are matched.

2018-12-03 18:10:03 - [MESSAGE][PASSED] - Actual text and expected text of test object 'Object Repository/SliderOptions/Validate_SyncAttempted' are matched.

2018-12-03 18:10:03 - [MESSAGE][PASSED] - Actual text and expected text of test object 'Object Repository/SliderOptions/Validate_SyncSuccessful' are matched.

2018-12-03 18:10:03 - [MESSAGE][PASSED] - Actual text and expected text of test object 'Object Repository/SliderOptions/Validate_RefreshRoutes' are matched.

2018-12-03 18:10:04 - [MESSAGE][PASSED] - Actual text and expected text of test object 'Object Repository/SliderOptions/Validate_BuildVersion' are matched.

2018-12-03 18:10:04 - [MESSAGE][PASSED] - Press back button successfully

2018-12-03 18:10:04 - [MESSAGE][WARNING] - Timeout '0' is invalid. Using default page load timeout: '6'

2018-12-03 18:10:06 - [MESSAGE][PASSED] - Element 'Object Repository/SliderOptions/Validate_SliderItemsScreen' is exist

2018-12-03 18:10:06 - [MESSAGE][PASSED] - com.ct.qa.keywords.SliderOptionsKeywords.findSliderOption is PASSED

2018-12-03 18:10:06 - [TEST_STEP][PASSED] - swipe: Swiped from 320,5 to 2,5

2018-12-03 18:10:07 - [MESSAGE][PASSED] - Swiped from 320,5 to 2,5

2018-12-03 18:10:07 - [TEST_STEP][PASSED] - swipe: Swiped from 320,5 to 2,5

2018-12-03 18:10:08 - [MESSAGE][PASSED] - Swiped from 320,5 to 2,5

2018-12-03 18:10:08 - [TEST_STEP][PASSED] - com.ct.qa.keywords.SliderOptionsKeywords.displayMissingSliderOptionsInReport: com.ct.qa.keywords.SliderOptionsKeywords.displayMissingSliderOptionsInReport is PASSED

2018-12-03 18:10:08 - [MESSAGE][PASSED] - com.ct.qa.keywords.SliderOptionsKeywords.displayMissingSliderOptionsInReport is PASSED]]></system-out>
         <system-err><![CDATA[]]></system-err>
      </testcase>
      <testcase name="Test Cases/DistributionPoint/VisitDistributionPoint" classname="Test Cases/DistributionPoint/VisitDistributionPoint" status="PASSED">
         <system-out><![CDATA[2018-12-03 18:10:08 - [TEST_CASE][PASSED] - Test Cases/DistributionPoint/VisitDistributionPoint: Test Cases/DistributionPoint/VisitDistributionPoint

2018-12-03 18:10:08 - [TEST_STEP][PASSED] - verifyElementText: Actual text and expected text of test object 'Object Repository/DashboardScreenElements/Validate_DashboardScreen' are matched.

2018-12-03 18:10:08 - [MESSAGE][PASSED] - Actual text and expected text of test object 'Object Repository/DashboardScreenElements/Validate_DashboardScreen' are matched.

2018-12-03 18:10:08 - [TEST_STEP][PASSED] - com.ct.qa.keywords.CommonKeywords.selectday: com.ct.qa.keywords.CommonKeywords.selectday is PASSED

2018-12-03 18:10:08 - [MESSAGE][WARNING] - Timeout '0' is invalid. Using default page load timeout: '6'

2018-12-03 18:10:09 - [MESSAGE][PASSED] - Tapped on element 'Object Repository/DashboardScreenElements/DaysDropdownMenu'

2018-12-03 18:10:09 - [MESSAGE][WARNING] - Timeout '0' is invalid. Using default page load timeout: '6'

2018-12-03 18:10:10 - [MESSAGE][PASSED] - Element 'Object Repository/DashboardScreenElements/Validate_DaysListScreen' is exist

2018-12-03 18:10:11 - [MESSAGE][PASSED] - com.ct.qa.keywords.CommonKeywords.selectday is PASSED

2018-12-03 18:10:11 - [TEST_STEP][PASSED] - tap: Tapped on element 'Object Repository/DashboardScreenElements/StartYourDay'

2018-12-03 18:10:11 - [MESSAGE][WARNING] - Timeout '0' is invalid. Using default page load timeout: '6'

2018-12-03 18:10:12 - [MESSAGE][PASSED] - Tapped on element 'Object Repository/DashboardScreenElements/StartYourDay'

2018-12-03 18:10:12 - [TEST_STEP][PASSED] - delay: Delayed 15 second(s)

2018-12-03 18:10:28 - [MESSAGE][PASSED] - Delayed 15 second(s)

2018-12-03 18:10:28 - [TEST_STEP][PASSED] - verifyElementExist: Element 'Object Repository/CommonScreenElements/Validate_MapScreen' is exist

2018-12-03 18:10:28 - [MESSAGE][WARNING] - Timeout '0' is invalid. Using default page load timeout: '6'

2018-12-03 18:10:29 - [MESSAGE][PASSED] - Element 'Object Repository/CommonScreenElements/Validate_MapScreen' is exist

2018-12-03 18:10:29 - [TEST_STEP][PASSED] - tap: Tapped on element 'Object Repository/CommonScreenElements/Location_CheckIn'

2018-12-03 18:10:29 - [MESSAGE][WARNING] - Timeout '0' is invalid. Using default page load timeout: '6'

2018-12-03 18:10:29 - [MESSAGE][PASSED] - Tapped on element 'Object Repository/CommonScreenElements/Location_CheckIn'

2018-12-03 18:10:29 - [TEST_STEP][PASSED] - verifyElementExist: Element 'Object Repository/CommonScreenElements/Validate_InfoPopUP' is exist

2018-12-03 18:10:29 - [MESSAGE][WARNING] - Timeout '0' is invalid. Using default page load timeout: '6'

2018-12-03 18:10:30 - [MESSAGE][PASSED] - Element 'Object Repository/CommonScreenElements/Validate_InfoPopUP' is exist

2018-12-03 18:10:30 - [TEST_STEP][PASSED] - tap: Tapped on element 'Object Repository/CommonScreenElements/InfoPopUp_NoButton'

2018-12-03 18:10:30 - [MESSAGE][WARNING] - Timeout '0' is invalid. Using default page load timeout: '6'

2018-12-03 18:10:31 - [MESSAGE][PASSED] - Tapped on element 'Object Repository/CommonScreenElements/InfoPopUp_NoButton'

2018-12-03 18:10:31 - [TEST_STEP][PASSED] - verifyElementText: Actual text and expected text of test object 'Object Repository/DistributionPoint/Validate_RouteInfoScreen' are matched.

2018-12-03 18:10:32 - [MESSAGE][PASSED] - Actual text and expected text of test object 'Object Repository/DistributionPoint/Validate_RouteInfoScreen' are matched.

2018-12-03 18:10:32 - [TEST_STEP][PASSED] - tap: Tapped on element 'Object Repository/DistributionPoint/RouteInfoNextButton'

2018-12-03 18:10:32 - [MESSAGE][WARNING] - Timeout '0' is invalid. Using default page load timeout: '6'

2018-12-03 18:10:33 - [MESSAGE][PASSED] - Tapped on element 'Object Repository/DistributionPoint/RouteInfoNextButton'

2018-12-03 18:10:33 - [TEST_STEP][PASSED] - verifyElementText: Actual text and expected text of test object 'Object Repository/DistributionPoint/Validate_DistributionPointScreen' are matched.

2018-12-03 18:10:34 - [MESSAGE][PASSED] - Actual text and expected text of test object 'Object Repository/DistributionPoint/Validate_DistributionPointScreen' are matched.

2018-12-03 18:10:34 - [TEST_STEP][PASSED] - com.ct.qa.keywords.DistributionPointKeywords.visitdistributionPoint: com.ct.qa.keywords.DistributionPointKeywords.visitdistributionPoint is PASSED

2018-12-03 18:10:38 - [MESSAGE][PASSED] - Keyboard is hidden

2018-12-03 18:10:41 - [MESSAGE][PASSED] - Keyboard is hidden

2018-12-03 18:10:43 - [MESSAGE][PASSED] - Keyboard is hidden

2018-12-03 18:10:46 - [MESSAGE][PASSED] - Keyboard is hidden

2018-12-03 18:10:46 - [MESSAGE][PASSED] - com.ct.qa.keywords.DistributionPointKeywords.visitdistributionPoint is PASSED

2018-12-03 18:10:46 - [TEST_STEP][PASSED] - tap: Tapped on element 'Object Repository/DistributionPoint/DistributionPoint_SubmitButton'

2018-12-03 18:10:46 - [MESSAGE][WARNING] - Timeout '0' is invalid. Using default page load timeout: '6'

2018-12-03 18:10:47 - [MESSAGE][PASSED] - Tapped on element 'Object Repository/DistributionPoint/DistributionPoint_SubmitButton']]></system-out>
         <system-err><![CDATA[]]></system-err>
      </testcase>
      <testcase name="Test Cases/VisitShopScenarios/VisitShopsWithDataVerification" classname="Test Cases/VisitShopScenarios/VisitShopsWithDataVerification" status="FAILED">
         <failure type="FAILED" message="(Stack trace: com.kms.katalon.core.exception.StepFailedException: Failed to check for element 'Object Repository/Validate_ShopListScreen' exist (Root cause: org.openqa.selenium.NoSuchElementException: UiSelector[TEXT=Shops on Route, CLASS=android.widget.TextView, INSTANCE=0, RESOURCE_ID=com.concavetech.bloc:id/shops_list_id] (WARNING: The server did not provide any stacktrace information)
Command duration or timeout: 0 milliseconds
For documentation on this error, please visit: http://seleniumhq.org/exceptions/no_such_element.html
Build info: version: '3.7.1', revision: '8a0099a', time: '2017-11-06T21:07:36.161Z'
System info: host: 'DESKTOP-L12UUAD', ip: '192.168.3.221', os.name: 'Windows 10', os.arch: 'amd64', os.version: '10.0', java.version: '1.8.0_181'
Driver info: com.kms.katalon.core.appium.driver.SwipeableAndroidDriver
Capabilities {app: F:\QA_Automation\Builds\mma..., appActivity: com.audit.main.ui.SplashScreen, appPackage: com.concavetech.bloc, appWaitActivity: com.audit.main.ui.SplashScreen, appWaitPackage: com.concavetech.bloc, autoGrantPermissions: true, databaseEnabled: false, desired: {app: F:\QA_Automation\Builds\mma..., autoGrantPermissions: true, deviceId: , deviceName: samsung SM-J110H (Android 4..., fullReset: false, newCommandTimeout: 1800, noReset: true, platform: ANDROID, platformName: Android, udid: 11015a1136d0b24a}, deviceId: , deviceManufacturer: samsung, deviceModel: SM-J110H, deviceName: 11015a1136d0b24a, deviceScreenSize: 480x800, deviceUDID: 11015a1136d0b24a, fullReset: false, javascriptEnabled: true, locationContextEnabled: false, networkConnectionEnabled: true, newCommandTimeout: 1800, noReset: true, platform: ANDROID, platformName: ANDROID, platformVersion: 4.4.4, takesScreenshot: true, udid: 11015a1136d0b24a, warnings: {}, webStorageEnabled: false}
Session ID: 03a9d2e0-ca35-4b4e-9021-6cbb5ee4304e)
	at com.kms.katalon.core.keyword.internal.KeywordMain.stepFailed(KeywordMain.groovy:36)
	at com.kms.katalon.core.mobile.keyword.internal.MobileKeywordMain.stepFailed(MobileKeywordMain.groovy:40)
	at com.kms.katalon.core.mobile.keyword.internal.MobileKeywordMain.runKeyword(MobileKeywordMain.groovy:23)
	at com.kms.katalon.core.mobile.keyword.builtin.VerifyElementExistKeyword.verifyElementExist(VerifyElementExistKeyword.groovy:80)
	at com.kms.katalon.core.mobile.keyword.builtin.VerifyElementExistKeyword.execute(VerifyElementExistKeyword.groovy:64)
	at com.kms.katalon.core.keyword.internal.KeywordExecutor.executeKeywordForPlatform(KeywordExecutor.groovy:53)
	at com.kms.katalon.core.mobile.keyword.MobileBuiltInKeywords.verifyElementExist(MobileBuiltInKeywords.groovy:621)
	at com.kms.katalon.core.mobile.keyword.MobileBuiltInKeywords$verifyElementExist$2.call(Unknown Source)
	at org.codehaus.groovy.runtime.callsite.CallSiteArray.defaultCall(CallSiteArray.java:48)
	at org.codehaus.groovy.runtime.callsite.AbstractCallSite.call(AbstractCallSite.java:113)
	at org.codehaus.groovy.runtime.callsite.AbstractCallSite.call(AbstractCallSite.java:133)
	at com.ct.qa.keywords.ShopVisitingScenariosKeywords.visitShopWith_DataVerification(ShopVisitingScenariosKeywords.groovy:473)
	at sun.reflect.NativeMethodAccessorImpl.invoke0(Native Method)
	at sun.reflect.NativeMethodAccessorImpl.invoke(NativeMethodAccessorImpl.java:62)
	at sun.reflect.DelegatingMethodAccessorImpl.invoke(DelegatingMethodAccessorImpl.java:43)
	at java.lang.reflect.Method.invoke(Method.java:498)
	at org.codehaus.groovy.reflection.CachedMethod.invoke(CachedMethod.java:93)
	at groovy.lang.MetaMethod.doMethodInvoke(MetaMethod.java:325)
	at groovy.lang.MetaClassImpl.invokeMethod(MetaClassImpl.java:1215)
	at groovy.lang.MetaClassImpl.invokeMethod(MetaClassImpl.java:1024)
	at groovy.lang.MetaClassImpl.invokeMethod(MetaClassImpl.java:812)
	at groovy.lang.DelegatingMetaClass.invokeMethod(DelegatingMetaClass.java:144)
	at com.ct.qa.keywords.ShopVisitingScenariosKeywords.invokeMethod(ShopVisitingScenariosKeywords.groovy)
	at com.kms.katalon.core.main.CustomKeywordDelegatingMetaClass.invokeStaticMethod(CustomKeywordDelegatingMetaClass.java:46)
	at org.codehaus.groovy.runtime.callsite.StaticMetaClassSite.call(StaticMetaClassSite.java:53)
	at org.codehaus.groovy.runtime.callsite.CallSiteArray.defaultCall(CallSiteArray.java:48)
	at org.codehaus.groovy.runtime.callsite.AbstractCallSite.call(AbstractCallSite.java:113)
	at org.codehaus.groovy.runtime.callsite.AbstractCallSite.call(AbstractCallSite.java:117)
	at Script1539252870661.run(Script1539252870661.groovy:39)
	at com.kms.katalon.core.main.ScriptEngine.run(ScriptEngine.java:183)
	at com.kms.katalon.core.main.ScriptEngine.runScriptAsRawText(ScriptEngine.java:108)
	at com.kms.katalon.core.main.TestCaseExecutor.runScript(TestCaseExecutor.java:294)
	at com.kms.katalon.core.main.TestCaseExecutor.doExecute(TestCaseExecutor.java:285)
	at com.kms.katalon.core.main.TestCaseExecutor.processExecutionPhase(TestCaseExecutor.java:264)
	at com.kms.katalon.core.main.TestCaseExecutor.accessMainPhase(TestCaseExecutor.java:256)
	at com.kms.katalon.core.main.TestCaseExecutor.execute(TestCaseExecutor.java:200)
	at com.kms.katalon.core.main.TestSuiteExecutor.accessTestCaseMainPhase(TestSuiteExecutor.java:129)
	at com.kms.katalon.core.main.TestSuiteExecutor.accessTestSuiteMainPhase(TestSuiteExecutor.java:112)
	at com.kms.katalon.core.main.TestSuiteExecutor.execute(TestSuiteExecutor.java:81)
	at com.kms.katalon.core.main.TestCaseMain.startTestSuite(TestCaseMain.java:142)
	at com.kms.katalon.core.main.TestCaseMain$startTestSuite$0.call(Unknown Source)
	at org.codehaus.groovy.runtime.callsite.CallSiteArray.defaultCall(CallSiteArray.java:48)
	at org.codehaus.groovy.runtime.callsite.AbstractCallSite.call(AbstractCallSite.java:113)
	at org.codehaus.groovy.runtime.callsite.AbstractCallSite.call(AbstractCallSite.java:141)
	at TempTestSuite1543842508132.run(TempTestSuite1543842508132.groovy:36)
	at groovy.lang.GroovyShell.runScriptOrMainOrTestOrRunnable(GroovyShell.java:263)
	at groovy.lang.GroovyShell.run(GroovyShell.java:518)
	at groovy.lang.GroovyShell.run(GroovyShell.java:507)
	at groovy.ui.GroovyMain.processOnce(GroovyMain.java:653)
	at groovy.ui.GroovyMain.run(GroovyMain.java:384)
	at groovy.ui.GroovyMain.process(GroovyMain.java:370)
	at groovy.ui.GroovyMain.processArgs(GroovyMain.java:129)
	at groovy.ui.GroovyMain.main(GroovyMain.java:109)
	at sun.reflect.NativeMethodAccessorImpl.invoke0(Native Method)
	at sun.reflect.NativeMethodAccessorImpl.invoke(NativeMethodAccessorImpl.java:62)
	at sun.reflect.DelegatingMethodAccessorImpl.invoke(DelegatingMethodAccessorImpl.java:43)
	at java.lang.reflect.Method.invoke(Method.java:498)
	at org.codehaus.groovy.tools.GroovyStarter.rootLoader(GroovyStarter.java:109)
	at org.codehaus.groovy.tools.GroovyStarter.main(GroovyStarter.java:131)
)"/>
         <system-out><![CDATA[2018-12-03 18:10:47 - [TEST_CASE][FAILED] - Test Cases/VisitShopScenarios/VisitShopsWithDataVerification: Test Cases/VisitShopScenarios/VisitShopsWithDataVerification FAILED because (of) (Stack trace: com.kms.katalon.core.exception.StepFailedException: Failed to check for element 'Object Repository/Validate_ShopListScreen' exist (Root cause: org.openqa.selenium.NoSuchElementException: UiSelector[TEXT=Shops on Route, CLASS=android.widget.TextView, INSTANCE=0, RESOURCE_ID=com.concavetech.bloc:id/shops_list_id] (WARNING: The server did not provide any stacktrace information)
Command duration or timeout: 0 milliseconds
For documentation on this error, please visit: http://seleniumhq.org/exceptions/no_such_element.html
Build info: version: '3.7.1', revision: '8a0099a', time: '2017-11-06T21:07:36.161Z'
System info: host: 'DESKTOP-L12UUAD', ip: '192.168.3.221', os.name: 'Windows 10', os.arch: 'amd64', os.version: '10.0', java.version: '1.8.0_181'
Driver info: com.kms.katalon.core.appium.driver.SwipeableAndroidDriver
Capabilities {app: F:\QA_Automation\Builds\mma..., appActivity: com.audit.main.ui.SplashScreen, appPackage: com.concavetech.bloc, appWaitActivity: com.audit.main.ui.SplashScreen, appWaitPackage: com.concavetech.bloc, autoGrantPermissions: true, databaseEnabled: false, desired: {app: F:\QA_Automation\Builds\mma..., autoGrantPermissions: true, deviceId: , deviceName: samsung SM-J110H (Android 4..., fullReset: false, newCommandTimeout: 1800, noReset: true, platform: ANDROID, platformName: Android, udid: 11015a1136d0b24a}, deviceId: , deviceManufacturer: samsung, deviceModel: SM-J110H, deviceName: 11015a1136d0b24a, deviceScreenSize: 480x800, deviceUDID: 11015a1136d0b24a, fullReset: false, javascriptEnabled: true, locationContextEnabled: false, networkConnectionEnabled: true, newCommandTimeout: 1800, noReset: true, platform: ANDROID, platformName: ANDROID, platformVersion: 4.4.4, takesScreenshot: true, udid: 11015a1136d0b24a, warnings: {}, webStorageEnabled: false}
Session ID: 03a9d2e0-ca35-4b4e-9021-6cbb5ee4304e)
	at com.kms.katalon.core.keyword.internal.KeywordMain.stepFailed(KeywordMain.groovy:36)
	at com.kms.katalon.core.mobile.keyword.internal.MobileKeywordMain.stepFailed(MobileKeywordMain.groovy:40)
	at com.kms.katalon.core.mobile.keyword.internal.MobileKeywordMain.runKeyword(MobileKeywordMain.groovy:23)
	at com.kms.katalon.core.mobile.keyword.builtin.VerifyElementExistKeyword.verifyElementExist(VerifyElementExistKeyword.groovy:80)
	at com.kms.katalon.core.mobile.keyword.builtin.VerifyElementExistKeyword.execute(VerifyElementExistKeyword.groovy:64)
	at com.kms.katalon.core.keyword.internal.KeywordExecutor.executeKeywordForPlatform(KeywordExecutor.groovy:53)
	at com.kms.katalon.core.mobile.keyword.MobileBuiltInKeywords.verifyElementExist(MobileBuiltInKeywords.groovy:621)
	at com.kms.katalon.core.mobile.keyword.MobileBuiltInKeywords$verifyElementExist$2.call(Unknown Source)
	at org.codehaus.groovy.runtime.callsite.CallSiteArray.defaultCall(CallSiteArray.java:48)
	at org.codehaus.groovy.runtime.callsite.AbstractCallSite.call(AbstractCallSite.java:113)
	at org.codehaus.groovy.runtime.callsite.AbstractCallSite.call(AbstractCallSite.java:133)
	at com.ct.qa.keywords.ShopVisitingScenariosKeywords.visitShopWith_DataVerification(ShopVisitingScenariosKeywords.groovy:473)
	at sun.reflect.NativeMethodAccessorImpl.invoke0(Native Method)
	at sun.reflect.NativeMethodAccessorImpl.invoke(NativeMethodAccessorImpl.java:62)
	at sun.reflect.DelegatingMethodAccessorImpl.invoke(DelegatingMethodAccessorImpl.java:43)
	at java.lang.reflect.Method.invoke(Method.java:498)
	at org.codehaus.groovy.reflection.CachedMethod.invoke(CachedMethod.java:93)
	at groovy.lang.MetaMethod.doMethodInvoke(MetaMethod.java:325)
	at groovy.lang.MetaClassImpl.invokeMethod(MetaClassImpl.java:1215)
	at groovy.lang.MetaClassImpl.invokeMethod(MetaClassImpl.java:1024)
	at groovy.lang.MetaClassImpl.invokeMethod(MetaClassImpl.java:812)
	at groovy.lang.DelegatingMetaClass.invokeMethod(DelegatingMetaClass.java:144)
	at com.ct.qa.keywords.ShopVisitingScenariosKeywords.invokeMethod(ShopVisitingScenariosKeywords.groovy)
	at com.kms.katalon.core.main.CustomKeywordDelegatingMetaClass.invokeStaticMethod(CustomKeywordDelegatingMetaClass.java:46)
	at org.codehaus.groovy.runtime.callsite.StaticMetaClassSite.call(StaticMetaClassSite.java:53)
	at org.codehaus.groovy.runtime.callsite.CallSiteArray.defaultCall(CallSiteArray.java:48)
	at org.codehaus.groovy.runtime.callsite.AbstractCallSite.call(AbstractCallSite.java:113)
	at org.codehaus.groovy.runtime.callsite.AbstractCallSite.call(AbstractCallSite.java:117)
	at Script1539252870661.run(Script1539252870661.groovy:39)
	at com.kms.katalon.core.main.ScriptEngine.run(ScriptEngine.java:183)
	at com.kms.katalon.core.main.ScriptEngine.runScriptAsRawText(ScriptEngine.java:108)
	at com.kms.katalon.core.main.TestCaseExecutor.runScript(TestCaseExecutor.java:294)
	at com.kms.katalon.core.main.TestCaseExecutor.doExecute(TestCaseExecutor.java:285)
	at com.kms.katalon.core.main.TestCaseExecutor.processExecutionPhase(TestCaseExecutor.java:264)
	at com.kms.katalon.core.main.TestCaseExecutor.accessMainPhase(TestCaseExecutor.java:256)
	at com.kms.katalon.core.main.TestCaseExecutor.execute(TestCaseExecutor.java:200)
	at com.kms.katalon.core.main.TestSuiteExecutor.accessTestCaseMainPhase(TestSuiteExecutor.java:129)
	at com.kms.katalon.core.main.TestSuiteExecutor.accessTestSuiteMainPhase(TestSuiteExecutor.java:112)
	at com.kms.katalon.core.main.TestSuiteExecutor.execute(TestSuiteExecutor.java:81)
	at com.kms.katalon.core.main.TestCaseMain.startTestSuite(TestCaseMain.java:142)
	at com.kms.katalon.core.main.TestCaseMain$startTestSuite$0.call(Unknown Source)
	at org.codehaus.groovy.runtime.callsite.CallSiteArray.defaultCall(CallSiteArray.java:48)
	at org.codehaus.groovy.runtime.callsite.AbstractCallSite.call(AbstractCallSite.java:113)
	at org.codehaus.groovy.runtime.callsite.AbstractCallSite.call(AbstractCallSite.java:141)
	at TempTestSuite1543842508132.run(TempTestSuite1543842508132.groovy:36)
	at groovy.lang.GroovyShell.runScriptOrMainOrTestOrRunnable(GroovyShell.java:263)
	at groovy.lang.GroovyShell.run(GroovyShell.java:518)
	at groovy.lang.GroovyShell.run(GroovyShell.java:507)
	at groovy.ui.GroovyMain.processOnce(GroovyMain.java:653)
	at groovy.ui.GroovyMain.run(GroovyMain.java:384)
	at groovy.ui.GroovyMain.process(GroovyMain.java:370)
	at groovy.ui.GroovyMain.processArgs(GroovyMain.java:129)
	at groovy.ui.GroovyMain.main(GroovyMain.java:109)
	at sun.reflect.NativeMethodAccessorImpl.invoke0(Native Method)
	at sun.reflect.NativeMethodAccessorImpl.invoke(NativeMethodAccessorImpl.java:62)
	at sun.reflect.DelegatingMethodAccessorImpl.invoke(DelegatingMethodAccessorImpl.java:43)
	at java.lang.reflect.Method.invoke(Method.java:498)
	at org.codehaus.groovy.tools.GroovyStarter.rootLoader(GroovyStarter.java:109)
	at org.codehaus.groovy.tools.GroovyStarter.main(GroovyStarter.java:131)
)

2018-12-03 18:10:47 - [TEST_STEP][PASSED] - verifyElementText: Actual text and expected text of test object 'Object Repository/DashboardScreenElements/Validate_DashboardScreen' are matched.

2018-12-03 18:10:48 - [MESSAGE][PASSED] - Actual text and expected text of test object 'Object Repository/DashboardScreenElements/Validate_DashboardScreen' are matched.

2018-12-03 18:10:48 - [TEST_STEP][PASSED] - com.ct.qa.keywords.CommonKeywords.selectday: com.ct.qa.keywords.CommonKeywords.selectday is PASSED

2018-12-03 18:10:48 - [MESSAGE][WARNING] - Timeout '0' is invalid. Using default page load timeout: '6'

2018-12-03 18:10:49 - [MESSAGE][PASSED] - Tapped on element 'Object Repository/DashboardScreenElements/DaysDropdownMenu'

2018-12-03 18:10:49 - [MESSAGE][WARNING] - Timeout '0' is invalid. Using default page load timeout: '6'

2018-12-03 18:10:50 - [MESSAGE][PASSED] - Element 'Object Repository/DashboardScreenElements/Validate_DaysListScreen' is exist

2018-12-03 18:10:51 - [MESSAGE][PASSED] - com.ct.qa.keywords.CommonKeywords.selectday is PASSED

2018-12-03 18:10:51 - [TEST_STEP][PASSED] - tap: Tapped on element 'Object Repository/DashboardScreenElements/StartYourDay'

2018-12-03 18:10:51 - [MESSAGE][WARNING] - Timeout '0' is invalid. Using default page load timeout: '6'

2018-12-03 18:10:52 - [MESSAGE][PASSED] - Tapped on element 'Object Repository/DashboardScreenElements/StartYourDay'

2018-12-03 18:10:52 - [TEST_STEP][PASSED] - verifyElementText: Actual text and expected text of test object 'Object Repository/Validate_ShopListScreen' are matched.

2018-12-03 18:10:53 - [MESSAGE][PASSED] - Actual text and expected text of test object 'Object Repository/Validate_ShopListScreen' are matched.

2018-12-03 18:10:53 - [TEST_STEP][FAILED] - com.ct.qa.keywords.ShopVisitingScenariosKeywords.visitShopWith_DataVerification: Failed to check for element 'Object Repository/Validate_ShopListScreen' exist (Root cause: org.openqa.selenium.NoSuchElementException: UiSelector[TEXT=Shops on Route, CLASS=android.widget.TextView, INSTANCE=0, RESOURCE_ID=com.concavetech.bloc:id/shops_list_id] (WARNING: The server did not provide any stacktrace information)
Command duration or timeout: 0 milliseconds
For documentation on this error, please visit: http://seleniumhq.org/exceptions/no_such_element.html
Build info: version: '3.7.1', revision: '8a0099a', time: '2017-11-06T21:07:36.161Z'
System info: host: 'DESKTOP-L12UUAD', ip: '192.168.3.221', os.name: 'Windows 10', os.arch: 'amd64', os.version: '10.0', java.version: '1.8.0_181'
Driver info: com.kms.katalon.core.appium.driver.SwipeableAndroidDriver
Capabilities {app: F:\QA_Automation\Builds\mma..., appActivity: com.audit.main.ui.SplashScreen, appPackage: com.concavetech.bloc, appWaitActivity: com.audit.main.ui.SplashScreen, appWaitPackage: com.concavetech.bloc, autoGrantPermissions: true, databaseEnabled: false, desired: {app: F:\QA_Automation\Builds\mma..., autoGrantPermissions: true, deviceId: , deviceName: samsung SM-J110H (Android 4..., fullReset: false, newCommandTimeout: 1800, noReset: true, platform: ANDROID, platformName: Android, udid: 11015a1136d0b24a}, deviceId: , deviceManufacturer: samsung, deviceModel: SM-J110H, deviceName: 11015a1136d0b24a, deviceScreenSize: 480x800, deviceUDID: 11015a1136d0b24a, fullReset: false, javascriptEnabled: true, locationContextEnabled: false, networkConnectionEnabled: true, newCommandTimeout: 1800, noReset: true, platform: ANDROID, platformName: ANDROID, platformVersion: 4.4.4, takesScreenshot: true, udid: 11015a1136d0b24a, warnings: {}, webStorageEnabled: false}
Session ID: 03a9d2e0-ca35-4b4e-9021-6cbb5ee4304e)

2018-12-03 18:10:56 - [MESSAGE][PASSED] - Actual text and expected text of test object 'Object Repository/Validate_ShopOptionsScreen' are matched.

2018-12-03 18:10:58 - [MESSAGE][WARNING] - Timeout '0' is invalid. Using default page load timeout: '6'

2018-12-03 18:10:59 - [MESSAGE][PASSED] - Tapped on element 'Object Repository/StartWorking'

2018-12-03 18:11:14 - [MESSAGE][PASSED] - Delayed 15 second(s)

2018-12-03 18:11:14 - [MESSAGE][PASSED] - Element 'Object Repository/CommonScreenElements/Validate_MapScreen' is exist

2018-12-03 18:11:14 - [MESSAGE][WARNING] - Timeout '0' is invalid. Using default page load timeout: '6'

2018-12-03 18:11:15 - [MESSAGE][PASSED] - Tapped on element 'Object Repository/CommonScreenElements/Location_CheckIn'

2018-12-03 18:11:15 - [MESSAGE][WARNING] - Timeout '0' is invalid. Using default page load timeout: '6'

2018-12-03 18:11:16 - [MESSAGE][PASSED] - Element 'Object Repository/CommonScreenElements/Validate_InfoPopUP' is exist

2018-12-03 18:11:16 - [MESSAGE][WARNING] - Timeout '0' is invalid. Using default page load timeout: '6'

2018-12-03 18:11:17 - [MESSAGE][PASSED] - Tapped on element 'Object Repository/CommonScreenElements/InfoPopUp_NoButton'

2018-12-03 18:11:17 - [TEST_CASE][PASSED] - Test Cases/ShopOpen/VisitShopOpen: Test Cases/ShopOpen/VisitShopOpen

2018-12-03 18:11:17 - [TEST_STEP][PASSED] - verifyElementExist: Element 'Object Repository/ShopActions_List' is exist

2018-12-03 18:11:17 - [MESSAGE][WARNING] - Timeout '0' is invalid. Using default page load timeout: '6'

2018-12-03 18:11:18 - [MESSAGE][PASSED] - Element 'Object Repository/ShopActions_List' is exist

2018-12-03 18:11:18 - [TEST_STEP][PASSED] - tap: Tapped on element 'Object Repository/ShopOpen/ShopOpen'

2018-12-03 18:11:18 - [MESSAGE][WARNING] - Timeout '0' is invalid. Using default page load timeout: '6'

2018-12-03 18:11:20 - [MESSAGE][PASSED] - Tapped on element 'Object Repository/ShopOpen/ShopOpen'

2018-12-03 18:11:20 - [TEST_STEP][PASSED] - verifyElementExist: Element 'Object Repository/CommonScreenElements/Validate_CameraScreen' is exist

2018-12-03 18:11:20 - [MESSAGE][WARNING] - Timeout '0' is invalid. Using default page load timeout: '6'

2018-12-03 18:11:21 - [MESSAGE][PASSED] - Element 'Object Repository/CommonScreenElements/Validate_CameraScreen' is exist

2018-12-03 18:11:21 - [TEST_STEP][PASSED] - tap: Tapped on element 'Object Repository/CommonScreenElements/TakePictureButton'

2018-12-03 18:11:21 - [MESSAGE][WARNING] - Timeout '0' is invalid. Using default page load timeout: '6'

2018-12-03 18:11:24 - [MESSAGE][PASSED] - Tapped on element 'Object Repository/CommonScreenElements/TakePictureButton'

2018-12-03 18:11:24 - [TEST_STEP][PASSED] - delay: Delayed 5 second(s)

2018-12-03 18:11:29 - [MESSAGE][PASSED] - Delayed 5 second(s)

2018-12-03 18:11:29 - [TEST_STEP][PASSED] - tap: Tapped on element 'Object Repository/CommonScreenElements/DoneButton'

2018-12-03 18:11:29 - [MESSAGE][WARNING] - Timeout '0' is invalid. Using default page load timeout: '6'

2018-12-03 18:11:30 - [MESSAGE][PASSED] - Tapped on element 'Object Repository/CommonScreenElements/DoneButton'

2018-12-03 18:11:30 - [MESSAGE][PASSED] - Call Test Case 'Test Cases/ShopOpen/VisitShopOpen' successfully

2018-12-03 18:11:30 - [TEST_CASE][PASSED] - Test Cases/ShopOpen/VisitCategoryScenarios/VisitShopCategoriesWithDataVerification: Test Cases/ShopOpen/VisitCategoryScenarios/VisitShopCategoriesWithDataVerification

2018-12-03 18:11:31 - [TEST_STEP][PASSED] - verifyElementExist: Element 'Object Repository/ShopOpen/Validate_ShopCategoriesListScreen' is exist

2018-12-03 18:11:31 - [MESSAGE][WARNING] - Timeout '0' is invalid. Using default page load timeout: '6'

2018-12-03 18:11:32 - [MESSAGE][PASSED] - Element 'Object Repository/ShopOpen/Validate_ShopCategoriesListScreen' is exist

2018-12-03 18:11:32 - [TEST_STEP][PASSED] - com.ct.qa.keywords.CategoryVisitingScenariosKeywords.visitShopCategoriesWithDataVerification: com.ct.qa.keywords.CategoryVisitingScenariosKeywords.visitShopCategoriesWithDataVerification is PASSED

2018-12-03 18:11:37 - [MESSAGE][PASSED] - Swiped from 0,293 to 0,200

2018-12-03 18:11:41 - [MESSAGE][PASSED] - Swiped from 0,293 to 0,200

2018-12-03 18:11:44 - [MESSAGE][PASSED] - Swiped from 0,293 to 0,200

2018-12-03 18:11:47 - [MESSAGE][PASSED] - Swiped from 0,293 to 0,200

2018-12-03 18:11:50 - [MESSAGE][PASSED] - Swiped from 0,293 to 0,200

2018-12-03 18:11:53 - [MESSAGE][PASSED] - Swiped from 0,293 to 0,200

2018-12-03 18:11:56 - [MESSAGE][PASSED] - Swiped from 0,293 to 0,200

2018-12-03 18:11:59 - [MESSAGE][PASSED] - Swiped from 0,293 to 0,200

2018-12-03 18:12:03 - [MESSAGE][PASSED] - Swiped from 0,293 to 0,200

2018-12-03 18:12:06 - [MESSAGE][PASSED] - Swiped from 0,293 to 0,200

2018-12-03 18:12:10 - [MESSAGE][PASSED] - Swiped from 0,293 to 0,200

2018-12-03 18:12:12 - [MESSAGE][PASSED] - Swiped from 0,200 to 0,750

2018-12-03 18:12:13 - [MESSAGE][PASSED] - Swiped from 0,200 to 0,750

2018-12-03 18:12:15 - [MESSAGE][WARNING] - Timeout '0' is invalid. Using default page load timeout: '6'

2018-12-03 18:12:23 - [MESSAGE][WARNING] - Element 'Object Repository/CommonScreenElements/Validate_CameraScreen' not found
[[ATTACHMENT|F:\\Git Projects\\MMA_Merchandising\\MMA_Merchandising\\Reports\\MMA Merchandising With Channel Wise Data Verification\\20181203_180828\\1543842741757.png]]

2018-12-03 18:12:23 - [TEST_CASE][PASSED] - Test Cases/ShopOpen/Chiller/VisitChillerWithChillerNotAllocated: Test Cases/ShopOpen/Chiller/VisitChillerWithChillerNotAllocated

2018-12-03 18:12:23 - [TEST_STEP][PASSED] - verifyElementText: Actual text and expected text of test object 'Object Repository/ShopOpen/Chiller/Validate_ChillerScreen' are matched.

2018-12-03 18:12:24 - [MESSAGE][PASSED] - Actual text and expected text of test object 'Object Repository/ShopOpen/Chiller/Validate_ChillerScreen' are matched.

2018-12-03 18:12:24 - [TEST_STEP][PASSED] - tap: Tapped on element 'Object Repository/ShopOpen/Chiller/ChillerNotAllocated'

2018-12-03 18:12:24 - [MESSAGE][WARNING] - Timeout '0' is invalid. Using default page load timeout: '6'

2018-12-03 18:12:25 - [MESSAGE][PASSED] - Tapped on element 'Object Repository/ShopOpen/Chiller/ChillerNotAllocated'

2018-12-03 18:12:25 - [TEST_STEP][PASSED] - verifyElementText: Actual text and expected text of test object 'Object Repository/ShopOpen/Chiller/Validate_ChillerNotAllocatedProductCategoryScreen' are matched.

2018-12-03 18:12:26 - [MESSAGE][PASSED] - Actual text and expected text of test object 'Object Repository/ShopOpen/Chiller/Validate_ChillerNotAllocatedProductCategoryScreen' are matched.

2018-12-03 18:12:26 - [TEST_STEP][PASSED] - com.ct.qa.keywords.ChannelProductsDataKeywords.visitChillerNotAllocatedProductCategories: com.ct.qa.keywords.ChannelProductsDataKeywords.visitChillerNotAllocatedProductCategories is PASSED

2018-12-03 18:12:30 - [TEST_CASE][PASSED] - Test Cases/ShopOpen/Chiller/VisitProductCategoryAssets: Test Cases/ShopOpen/Chiller/VisitProductCategoryAssets

2018-12-03 18:12:30 - [TEST_STEP][PASSED] - verifyElementText: Actual text and expected text of test object 'Object Repository/ShopOpen/Chiller/Validate_ProductCategoryAssetsScreen' are matched.

2018-12-03 18:12:31 - [MESSAGE][PASSED] - Actual text and expected text of test object 'Object Repository/ShopOpen/Chiller/Validate_ProductCategoryAssetsScreen' are matched.

2018-12-03 18:12:31 - [TEST_STEP][PASSED] - tap: Tapped on element 'Object Repository/ShopOpen/Chiller/Facing'

2018-12-03 18:12:31 - [MESSAGE][WARNING] - Timeout '0' is invalid. Using default page load timeout: '6'

2018-12-03 18:12:32 - [MESSAGE][PASSED] - Tapped on element 'Object Repository/ShopOpen/Chiller/Facing'

2018-12-03 18:12:32 - [TEST_STEP][PASSED] - verifyElementText: Actual text and expected text of test object 'Object Repository/ShopOpen/Chiller/Validate_FacingScreen' are matched.

2018-12-03 18:12:34 - [MESSAGE][PASSED] - Actual text and expected text of test object 'Object Repository/ShopOpen/Chiller/Validate_FacingScreen' are matched.

2018-12-03 18:12:34 - [TEST_STEP][PASSED] - com.ct.qa.keywords.ChannelProductsDataKeywords.visitChannelWiseProductsData: com.ct.qa.keywords.ChannelProductsDataKeywords.visitChannelWiseProductsData is PASSED

2018-12-03 18:12:38 - [MESSAGE][PASSED] - Keyboard is hidden

2018-12-03 18:12:41 - [MESSAGE][PASSED] - Keyboard is hidden

2018-12-03 18:12:44 - [MESSAGE][PASSED] - Keyboard is hidden

2018-12-03 18:12:47 - [MESSAGE][PASSED] - Keyboard is hidden

2018-12-03 18:12:50 - [MESSAGE][PASSED] - Keyboard is hidden

2018-12-03 18:12:53 - [MESSAGE][PASSED] - Keyboard is hidden

2018-12-03 18:12:55 - [MESSAGE][PASSED] - Swiped from 55,359 to 55,250

2018-12-03 18:12:59 - [MESSAGE][PASSED] - Keyboard is hidden

2018-12-03 18:13:00 - [MESSAGE][PASSED] - Swiped from 55,359 to 55,250

2018-12-03 18:13:04 - [MESSAGE][PASSED] - Keyboard is hidden

2018-12-03 18:13:05 - [MESSAGE][PASSED] - Swiped from 55,359 to 55,250

2018-12-03 18:13:09 - [MESSAGE][PASSED] - Keyboard is hidden

2018-12-03 18:13:10 - [MESSAGE][PASSED] - Swiped from 55,359 to 55,250

2018-12-03 18:13:11 - [MESSAGE][PASSED] - com.ct.qa.keywords.ChannelProductsDataKeywords.visitChannelWiseProductsData is PASSED

2018-12-03 18:13:11 - [TEST_STEP][PASSED] - tap: Tapped on element 'Object Repository/ShopOpen/Chiller/SubmitButton'

2018-12-03 18:13:11 - [MESSAGE][WARNING] - Timeout '0' is invalid. Using default page load timeout: '6'

2018-12-03 18:13:12 - [MESSAGE][PASSED] - Tapped on element 'Object Repository/ShopOpen/Chiller/SubmitButton'

2018-12-03 18:13:12 - [TEST_STEP][PASSED] - verifyElementText: Actual text and expected text of test object 'Object Repository/ShopOpen/Chiller/Validate_ProductCategoryAssetsScreen' are matched.

2018-12-03 18:13:13 - [MESSAGE][PASSED] - Actual text and expected text of test object 'Object Repository/ShopOpen/Chiller/Validate_ProductCategoryAssetsScreen' are matched.

2018-12-03 18:13:13 - [TEST_STEP][PASSED] - tap: Tapped on element 'Object Repository/ShopOpen/Chiller/StockTaking'

2018-12-03 18:13:13 - [MESSAGE][WARNING] - Timeout '0' is invalid. Using default page load timeout: '6'

2018-12-03 18:13:14 - [MESSAGE][PASSED] - Tapped on element 'Object Repository/ShopOpen/Chiller/StockTaking'

2018-12-03 18:13:14 - [TEST_STEP][PASSED] - verifyElementText: Actual text and expected text of test object 'Object Repository/ShopOpen/Chiller/Validate_StockTakingScreen' are matched.

2018-12-03 18:13:16 - [MESSAGE][PASSED] - Actual text and expected text of test object 'Object Repository/ShopOpen/Chiller/Validate_StockTakingScreen' are matched.

2018-12-03 18:13:16 - [TEST_STEP][PASSED] - com.ct.qa.keywords.ChannelProductsDataKeywords.visitChannelWiseProductsData: com.ct.qa.keywords.ChannelProductsDataKeywords.visitChannelWiseProductsData is PASSED

2018-12-03 18:13:21 - [MESSAGE][PASSED] - Keyboard is hidden

2018-12-03 18:13:24 - [MESSAGE][PASSED] - Keyboard is hidden

2018-12-03 18:13:27 - [MESSAGE][PASSED] - Keyboard is hidden

2018-12-03 18:13:30 - [MESSAGE][PASSED] - Keyboard is hidden

2018-12-03 18:13:33 - [MESSAGE][PASSED] - Keyboard is hidden

2018-12-03 18:13:36 - [MESSAGE][PASSED] - Keyboard is hidden

2018-12-03 18:13:39 - [MESSAGE][PASSED] - Swiped from 55,359 to 55,250

2018-12-03 18:13:43 - [MESSAGE][PASSED] - Keyboard is hidden

2018-12-03 18:13:44 - [MESSAGE][PASSED] - Swiped from 55,359 to 55,250

2018-12-03 18:13:48 - [MESSAGE][PASSED] - Keyboard is hidden

2018-12-03 18:13:49 - [MESSAGE][PASSED] - Swiped from 55,359 to 55,250

2018-12-03 18:13:53 - [MESSAGE][PASSED] - Keyboard is hidden

2018-12-03 18:13:54 - [MESSAGE][PASSED] - Swiped from 55,359 to 55,250

2018-12-03 18:13:55 - [MESSAGE][PASSED] - com.ct.qa.keywords.ChannelProductsDataKeywords.visitChannelWiseProductsData is PASSED

2018-12-03 18:13:55 - [TEST_STEP][PASSED] - tap: Tapped on element 'Object Repository/ShopOpen/Chiller/SubmitButton'

2018-12-03 18:13:55 - [MESSAGE][WARNING] - Timeout '0' is invalid. Using default page load timeout: '6'

2018-12-03 18:13:57 - [MESSAGE][PASSED] - Tapped on element 'Object Repository/ShopOpen/Chiller/SubmitButton'

2018-12-03 18:13:57 - [TEST_STEP][PASSED] - verifyElementText: Actual text and expected text of test object 'Object Repository/ShopOpen/Chiller/Validate_ProductCategoryAssetsScreen' are matched.

2018-12-03 18:13:57 - [MESSAGE][PASSED] - Actual text and expected text of test object 'Object Repository/ShopOpen/Chiller/Validate_ProductCategoryAssetsScreen' are matched.

2018-12-03 18:13:57 - [TEST_STEP][PASSED] - tap: Tapped on element 'Object Repository/ShopOpen/Chiller/ChillerNotAllocatedProductCategory_BackButton'

2018-12-03 18:13:57 - [MESSAGE][WARNING] - Timeout '0' is invalid. Using default page load timeout: '6'

2018-12-03 18:13:58 - [MESSAGE][PASSED] - Tapped on element 'Object Repository/ShopOpen/Chiller/ChillerNotAllocatedProductCategory_BackButton'

2018-12-03 18:13:58 - [MESSAGE][PASSED] - Call Test Case 'Test Cases/ShopOpen/Chiller/VisitProductCategoryAssets' successfully

2018-12-03 18:13:59 - [MESSAGE][PASSED] - Actual text and expected text of test object 'Object Repository/ShopOpen/Chiller/Validate_ChillerNotAllocatedProductCategoryScreen' are matched.

2018-12-03 18:14:00 - [TEST_CASE][PASSED] - Test Cases/ShopOpen/Chiller/VisitProductCategoryAssets: Test Cases/ShopOpen/Chiller/VisitProductCategoryAssets

2018-12-03 18:14:00 - [TEST_STEP][PASSED] - verifyElementText: Actual text and expected text of test object 'Object Repository/ShopOpen/Chiller/Validate_ProductCategoryAssetsScreen' are matched.

2018-12-03 18:14:01 - [MESSAGE][PASSED] - Actual text and expected text of test object 'Object Repository/ShopOpen/Chiller/Validate_ProductCategoryAssetsScreen' are matched.

2018-12-03 18:14:01 - [TEST_STEP][PASSED] - tap: Tapped on element 'Object Repository/ShopOpen/Chiller/Facing'

2018-12-03 18:14:01 - [MESSAGE][WARNING] - Timeout '0' is invalid. Using default page load timeout: '6'

2018-12-03 18:14:02 - [MESSAGE][PASSED] - Tapped on element 'Object Repository/ShopOpen/Chiller/Facing'

2018-12-03 18:14:02 - [TEST_STEP][PASSED] - verifyElementText: Actual text and expected text of test object 'Object Repository/ShopOpen/Chiller/Validate_FacingScreen' are matched.

2018-12-03 18:14:04 - [MESSAGE][PASSED] - Actual text and expected text of test object 'Object Repository/ShopOpen/Chiller/Validate_FacingScreen' are matched.

2018-12-03 18:14:04 - [TEST_STEP][PASSED] - com.ct.qa.keywords.ChannelProductsDataKeywords.visitChannelWiseProductsData: com.ct.qa.keywords.ChannelProductsDataKeywords.visitChannelWiseProductsData is PASSED

2018-12-03 18:14:09 - [MESSAGE][PASSED] - Keyboard is hidden

2018-12-03 18:14:12 - [MESSAGE][PASSED] - Keyboard is hidden

2018-12-03 18:14:15 - [MESSAGE][PASSED] - Keyboard is hidden

2018-12-03 18:14:18 - [MESSAGE][PASSED] - Keyboard is hidden

2018-12-03 18:14:21 - [MESSAGE][PASSED] - Keyboard is hidden

2018-12-03 18:14:24 - [MESSAGE][PASSED] - Keyboard is hidden

2018-12-03 18:14:27 - [MESSAGE][PASSED] - Swiped from 23,359 to 23,250

2018-12-03 18:14:31 - [MESSAGE][PASSED] - Keyboard is hidden

2018-12-03 18:14:32 - [MESSAGE][PASSED] - Swiped from 23,359 to 23,250

2018-12-03 18:14:36 - [MESSAGE][PASSED] - Keyboard is hidden

2018-12-03 18:14:37 - [MESSAGE][PASSED] - Swiped from 23,359 to 23,250

2018-12-03 18:14:38 - [MESSAGE][PASSED] - com.ct.qa.keywords.ChannelProductsDataKeywords.visitChannelWiseProductsData is PASSED

2018-12-03 18:14:38 - [TEST_STEP][PASSED] - tap: Tapped on element 'Object Repository/ShopOpen/Chiller/SubmitButton'

2018-12-03 18:14:38 - [MESSAGE][WARNING] - Timeout '0' is invalid. Using default page load timeout: '6'

2018-12-03 18:14:39 - [MESSAGE][PASSED] - Tapped on element 'Object Repository/ShopOpen/Chiller/SubmitButton'

2018-12-03 18:14:39 - [TEST_STEP][PASSED] - verifyElementText: Actual text and expected text of test object 'Object Repository/ShopOpen/Chiller/Validate_ProductCategoryAssetsScreen' are matched.

2018-12-03 18:14:40 - [MESSAGE][PASSED] - Actual text and expected text of test object 'Object Repository/ShopOpen/Chiller/Validate_ProductCategoryAssetsScreen' are matched.

2018-12-03 18:14:40 - [TEST_STEP][PASSED] - tap: Tapped on element 'Object Repository/ShopOpen/Chiller/StockTaking'

2018-12-03 18:14:40 - [MESSAGE][WARNING] - Timeout '0' is invalid. Using default page load timeout: '6'

2018-12-03 18:14:41 - [MESSAGE][PASSED] - Tapped on element 'Object Repository/ShopOpen/Chiller/StockTaking'

2018-12-03 18:14:41 - [TEST_STEP][PASSED] - verifyElementText: Actual text and expected text of test object 'Object Repository/ShopOpen/Chiller/Validate_StockTakingScreen' are matched.

2018-12-03 18:14:42 - [MESSAGE][PASSED] - Actual text and expected text of test object 'Object Repository/ShopOpen/Chiller/Validate_StockTakingScreen' are matched.

2018-12-03 18:14:42 - [TEST_STEP][PASSED] - com.ct.qa.keywords.ChannelProductsDataKeywords.visitChannelWiseProductsData: com.ct.qa.keywords.ChannelProductsDataKeywords.visitChannelWiseProductsData is PASSED

2018-12-03 18:14:47 - [MESSAGE][PASSED] - Keyboard is hidden

2018-12-03 18:14:50 - [MESSAGE][PASSED] - Keyboard is hidden

2018-12-03 18:14:53 - [MESSAGE][PASSED] - Keyboard is hidden

2018-12-03 18:14:56 - [MESSAGE][PASSED] - Keyboard is hidden

2018-12-03 18:14:59 - [MESSAGE][PASSED] - Keyboard is hidden

2018-12-03 18:15:02 - [MESSAGE][PASSED] - Keyboard is hidden

2018-12-03 18:15:04 - [MESSAGE][PASSED] - Swiped from 23,359 to 23,250

2018-12-03 18:15:08 - [MESSAGE][PASSED] - Keyboard is hidden

2018-12-03 18:15:09 - [MESSAGE][PASSED] - Swiped from 23,359 to 23,250

2018-12-03 18:15:13 - [MESSAGE][PASSED] - Keyboard is hidden

2018-12-03 18:15:14 - [MESSAGE][PASSED] - Swiped from 23,359 to 23,250

2018-12-03 18:15:15 - [MESSAGE][PASSED] - com.ct.qa.keywords.ChannelProductsDataKeywords.visitChannelWiseProductsData is PASSED

2018-12-03 18:15:15 - [TEST_STEP][PASSED] - tap: Tapped on element 'Object Repository/ShopOpen/Chiller/SubmitButton'

2018-12-03 18:15:15 - [MESSAGE][WARNING] - Timeout '0' is invalid. Using default page load timeout: '6'

2018-12-03 18:15:16 - [MESSAGE][PASSED] - Tapped on element 'Object Repository/ShopOpen/Chiller/SubmitButton'

2018-12-03 18:15:16 - [TEST_STEP][PASSED] - verifyElementText: Actual text and expected text of test object 'Object Repository/ShopOpen/Chiller/Validate_ProductCategoryAssetsScreen' are matched.

2018-12-03 18:15:17 - [MESSAGE][PASSED] - Actual text and expected text of test object 'Object Repository/ShopOpen/Chiller/Validate_ProductCategoryAssetsScreen' are matched.

2018-12-03 18:15:17 - [TEST_STEP][PASSED] - tap: Tapped on element 'Object Repository/ShopOpen/Chiller/ChillerNotAllocatedProductCategory_BackButton'

2018-12-03 18:15:17 - [MESSAGE][WARNING] - Timeout '0' is invalid. Using default page load timeout: '6'

2018-12-03 18:15:18 - [MESSAGE][PASSED] - Tapped on element 'Object Repository/ShopOpen/Chiller/ChillerNotAllocatedProductCategory_BackButton'

2018-12-03 18:15:18 - [MESSAGE][PASSED] - Call Test Case 'Test Cases/ShopOpen/Chiller/VisitProductCategoryAssets' successfully

2018-12-03 18:15:19 - [MESSAGE][PASSED] - Actual text and expected text of test object 'Object Repository/ShopOpen/Chiller/Validate_ChillerNotAllocatedProductCategoryScreen' are matched.

2018-12-03 18:15:20 - [TEST_CASE][PASSED] - Test Cases/ShopOpen/Chiller/VisitProductCategoryAssets: Test Cases/ShopOpen/Chiller/VisitProductCategoryAssets

2018-12-03 18:15:20 - [TEST_STEP][PASSED] - verifyElementText: Actual text and expected text of test object 'Object Repository/ShopOpen/Chiller/Validate_ProductCategoryAssetsScreen' are matched.

2018-12-03 18:15:21 - [MESSAGE][PASSED] - Actual text and expected text of test object 'Object Repository/ShopOpen/Chiller/Validate_ProductCategoryAssetsScreen' are matched.

2018-12-03 18:15:21 - [TEST_STEP][PASSED] - tap: Tapped on element 'Object Repository/ShopOpen/Chiller/Facing'

2018-12-03 18:15:21 - [MESSAGE][WARNING] - Timeout '0' is invalid. Using default page load timeout: '6'

2018-12-03 18:15:22 - [MESSAGE][PASSED] - Tapped on element 'Object Repository/ShopOpen/Chiller/Facing'

2018-12-03 18:15:22 - [TEST_STEP][PASSED] - verifyElementText: Actual text and expected text of test object 'Object Repository/ShopOpen/Chiller/Validate_FacingScreen' are matched.

2018-12-03 18:15:23 - [MESSAGE][PASSED] - Actual text and expected text of test object 'Object Repository/ShopOpen/Chiller/Validate_FacingScreen' are matched.

2018-12-03 18:15:23 - [TEST_STEP][PASSED] - com.ct.qa.keywords.ChannelProductsDataKeywords.visitChannelWiseProductsData: com.ct.qa.keywords.ChannelProductsDataKeywords.visitChannelWiseProductsData is PASSED

2018-12-03 18:15:27 - [MESSAGE][PASSED] - Keyboard is hidden

2018-12-03 18:15:27 - [MESSAGE][PASSED] - com.ct.qa.keywords.ChannelProductsDataKeywords.visitChannelWiseProductsData is PASSED

2018-12-03 18:15:27 - [TEST_STEP][PASSED] - tap: Tapped on element 'Object Repository/ShopOpen/Chiller/SubmitButton'

2018-12-03 18:15:27 - [MESSAGE][WARNING] - Timeout '0' is invalid. Using default page load timeout: '6'

2018-12-03 18:15:28 - [MESSAGE][PASSED] - Tapped on element 'Object Repository/ShopOpen/Chiller/SubmitButton'

2018-12-03 18:15:28 - [TEST_STEP][PASSED] - verifyElementText: Actual text and expected text of test object 'Object Repository/ShopOpen/Chiller/Validate_ProductCategoryAssetsScreen' are matched.

2018-12-03 18:15:28 - [MESSAGE][PASSED] - Actual text and expected text of test object 'Object Repository/ShopOpen/Chiller/Validate_ProductCategoryAssetsScreen' are matched.

2018-12-03 18:15:28 - [TEST_STEP][PASSED] - tap: Tapped on element 'Object Repository/ShopOpen/Chiller/StockTaking'

2018-12-03 18:15:28 - [MESSAGE][WARNING] - Timeout '0' is invalid. Using default page load timeout: '6'

2018-12-03 18:15:29 - [MESSAGE][PASSED] - Tapped on element 'Object Repository/ShopOpen/Chiller/StockTaking'

2018-12-03 18:15:29 - [TEST_STEP][PASSED] - verifyElementText: Actual text and expected text of test object 'Object Repository/ShopOpen/Chiller/Validate_StockTakingScreen' are matched.

2018-12-03 18:15:30 - [MESSAGE][PASSED] - Actual text and expected text of test object 'Object Repository/ShopOpen/Chiller/Validate_StockTakingScreen' are matched.

2018-12-03 18:15:30 - [TEST_STEP][PASSED] - com.ct.qa.keywords.ChannelProductsDataKeywords.visitChannelWiseProductsData: com.ct.qa.keywords.ChannelProductsDataKeywords.visitChannelWiseProductsData is PASSED

2018-12-03 18:15:34 - [MESSAGE][PASSED] - Keyboard is hidden

2018-12-03 18:15:34 - [MESSAGE][PASSED] - com.ct.qa.keywords.ChannelProductsDataKeywords.visitChannelWiseProductsData is PASSED

2018-12-03 18:15:34 - [TEST_STEP][PASSED] - tap: Tapped on element 'Object Repository/ShopOpen/Chiller/SubmitButton'

2018-12-03 18:15:34 - [MESSAGE][WARNING] - Timeout '0' is invalid. Using default page load timeout: '6'

2018-12-03 18:15:35 - [MESSAGE][PASSED] - Tapped on element 'Object Repository/ShopOpen/Chiller/SubmitButton'

2018-12-03 18:15:35 - [TEST_STEP][PASSED] - verifyElementText: Actual text and expected text of test object 'Object Repository/ShopOpen/Chiller/Validate_ProductCategoryAssetsScreen' are matched.

2018-12-03 18:15:36 - [MESSAGE][PASSED] - Actual text and expected text of test object 'Object Repository/ShopOpen/Chiller/Validate_ProductCategoryAssetsScreen' are matched.

2018-12-03 18:15:36 - [TEST_STEP][PASSED] - tap: Tapped on element 'Object Repository/ShopOpen/Chiller/ChillerNotAllocatedProductCategory_BackButton'

2018-12-03 18:15:36 - [MESSAGE][WARNING] - Timeout '0' is invalid. Using default page load timeout: '6'

2018-12-03 18:15:37 - [MESSAGE][PASSED] - Tapped on element 'Object Repository/ShopOpen/Chiller/ChillerNotAllocatedProductCategory_BackButton'

2018-12-03 18:15:37 - [MESSAGE][PASSED] - Call Test Case 'Test Cases/ShopOpen/Chiller/VisitProductCategoryAssets' successfully

2018-12-03 18:15:37 - [MESSAGE][PASSED] - Actual text and expected text of test object 'Object Repository/ShopOpen/Chiller/Validate_ChillerNotAllocatedProductCategoryScreen' are matched.

2018-12-03 18:15:38 - [TEST_CASE][PASSED] - Test Cases/ShopOpen/Chiller/VisitProductCategoryAssets: Test Cases/ShopOpen/Chiller/VisitProductCategoryAssets

2018-12-03 18:15:38 - [TEST_STEP][PASSED] - verifyElementText: Actual text and expected text of test object 'Object Repository/ShopOpen/Chiller/Validate_ProductCategoryAssetsScreen' are matched.

2018-12-03 18:15:40 - [MESSAGE][PASSED] - Actual text and expected text of test object 'Object Repository/ShopOpen/Chiller/Validate_ProductCategoryAssetsScreen' are matched.

2018-12-03 18:15:40 - [TEST_STEP][PASSED] - tap: Tapped on element 'Object Repository/ShopOpen/Chiller/Facing'

2018-12-03 18:15:40 - [MESSAGE][WARNING] - Timeout '0' is invalid. Using default page load timeout: '6'

2018-12-03 18:15:42 - [MESSAGE][PASSED] - Tapped on element 'Object Repository/ShopOpen/Chiller/Facing'

2018-12-03 18:15:42 - [TEST_STEP][PASSED] - verifyElementText: Actual text and expected text of test object 'Object Repository/ShopOpen/Chiller/Validate_FacingScreen' are matched.

2018-12-03 18:15:43 - [MESSAGE][PASSED] - Actual text and expected text of test object 'Object Repository/ShopOpen/Chiller/Validate_FacingScreen' are matched.

2018-12-03 18:15:43 - [TEST_STEP][PASSED] - com.ct.qa.keywords.ChannelProductsDataKeywords.visitChannelWiseProductsData: com.ct.qa.keywords.ChannelProductsDataKeywords.visitChannelWiseProductsData is PASSED

2018-12-03 18:15:48 - [MESSAGE][PASSED] - Keyboard is hidden

2018-12-03 18:15:51 - [MESSAGE][PASSED] - Keyboard is hidden

2018-12-03 18:15:54 - [MESSAGE][PASSED] - Keyboard is hidden

2018-12-03 18:15:55 - [MESSAGE][PASSED] - com.ct.qa.keywords.ChannelProductsDataKeywords.visitChannelWiseProductsData is PASSED

2018-12-03 18:15:55 - [TEST_STEP][PASSED] - tap: Tapped on element 'Object Repository/ShopOpen/Chiller/SubmitButton'

2018-12-03 18:15:55 - [MESSAGE][WARNING] - Timeout '0' is invalid. Using default page load timeout: '6'

2018-12-03 18:15:56 - [MESSAGE][PASSED] - Tapped on element 'Object Repository/ShopOpen/Chiller/SubmitButton'

2018-12-03 18:15:56 - [TEST_STEP][PASSED] - verifyElementText: Actual text and expected text of test object 'Object Repository/ShopOpen/Chiller/Validate_ProductCategoryAssetsScreen' are matched.

2018-12-03 18:15:57 - [MESSAGE][PASSED] - Actual text and expected text of test object 'Object Repository/ShopOpen/Chiller/Validate_ProductCategoryAssetsScreen' are matched.

2018-12-03 18:15:57 - [TEST_STEP][PASSED] - tap: Tapped on element 'Object Repository/ShopOpen/Chiller/StockTaking'

2018-12-03 18:15:57 - [MESSAGE][WARNING] - Timeout '0' is invalid. Using default page load timeout: '6'

2018-12-03 18:15:57 - [MESSAGE][PASSED] - Tapped on element 'Object Repository/ShopOpen/Chiller/StockTaking'

2018-12-03 18:15:57 - [TEST_STEP][PASSED] - verifyElementText: Actual text and expected text of test object 'Object Repository/ShopOpen/Chiller/Validate_StockTakingScreen' are matched.

2018-12-03 18:15:59 - [MESSAGE][PASSED] - Actual text and expected text of test object 'Object Repository/ShopOpen/Chiller/Validate_StockTakingScreen' are matched.

2018-12-03 18:15:59 - [TEST_STEP][PASSED] - com.ct.qa.keywords.ChannelProductsDataKeywords.visitChannelWiseProductsData: com.ct.qa.keywords.ChannelProductsDataKeywords.visitChannelWiseProductsData is PASSED

2018-12-03 18:16:03 - [MESSAGE][PASSED] - Keyboard is hidden

2018-12-03 18:16:06 - [MESSAGE][PASSED] - Keyboard is hidden

2018-12-03 18:16:09 - [MESSAGE][PASSED] - Keyboard is hidden

2018-12-03 18:16:10 - [MESSAGE][PASSED] - com.ct.qa.keywords.ChannelProductsDataKeywords.visitChannelWiseProductsData is PASSED

2018-12-03 18:16:10 - [TEST_STEP][PASSED] - tap: Tapped on element 'Object Repository/ShopOpen/Chiller/SubmitButton'

2018-12-03 18:16:10 - [MESSAGE][WARNING] - Timeout '0' is invalid. Using default page load timeout: '6'

2018-12-03 18:16:11 - [MESSAGE][PASSED] - Tapped on element 'Object Repository/ShopOpen/Chiller/SubmitButton'

2018-12-03 18:16:11 - [TEST_STEP][PASSED] - verifyElementText: Actual text and expected text of test object 'Object Repository/ShopOpen/Chiller/Validate_ProductCategoryAssetsScreen' are matched.

2018-12-03 18:16:11 - [MESSAGE][PASSED] - Actual text and expected text of test object 'Object Repository/ShopOpen/Chiller/Validate_ProductCategoryAssetsScreen' are matched.

2018-12-03 18:16:11 - [TEST_STEP][PASSED] - tap: Tapped on element 'Object Repository/ShopOpen/Chiller/ChillerNotAllocatedProductCategory_BackButton'

2018-12-03 18:16:11 - [MESSAGE][WARNING] - Timeout '0' is invalid. Using default page load timeout: '6'

2018-12-03 18:16:12 - [MESSAGE][PASSED] - Tapped on element 'Object Repository/ShopOpen/Chiller/ChillerNotAllocatedProductCategory_BackButton'

2018-12-03 18:16:12 - [MESSAGE][PASSED] - Call Test Case 'Test Cases/ShopOpen/Chiller/VisitProductCategoryAssets' successfully

2018-12-03 18:16:13 - [MESSAGE][PASSED] - Actual text and expected text of test object 'Object Repository/ShopOpen/Chiller/Validate_ChillerNotAllocatedProductCategoryScreen' are matched.

2018-12-03 18:16:13 - [MESSAGE][PASSED] - com.ct.qa.keywords.ChannelProductsDataKeywords.visitChillerNotAllocatedProductCategories is PASSED

2018-12-03 18:16:13 - [TEST_STEP][PASSED] - verifyElementText: Actual text and expected text of test object 'Object Repository/ShopOpen/Chiller/Validate_ChillerNotAllocatedProductCategoryScreen' are matched.

2018-12-03 18:16:13 - [MESSAGE][PASSED] - Actual text and expected text of test object 'Object Repository/ShopOpen/Chiller/Validate_ChillerNotAllocatedProductCategoryScreen' are matched.

2018-12-03 18:16:13 - [TEST_STEP][PASSED] - com.ct.qa.keywords.CommonKeywords.visitPlanogramImageViewButton: com.ct.qa.keywords.CommonKeywords.visitPlanogramImageViewButton is PASSED

2018-12-03 18:16:15 - [MESSAGE][WARNING] - Timeout '0' is invalid. Using default page load timeout: '6'

2018-12-03 18:16:22 - [MESSAGE][WARNING] - Object Object Repository/CommonScreenElements/InfoPopUp_OKButton not found
[[ATTACHMENT|F:\\Git Projects\\MMA_Merchandising\\MMA_Merchandising\\Reports\\MMA Merchandising With Channel Wise Data Verification\\20181203_180828\\1543842981444.png]]

2018-12-03 18:16:23 - [MESSAGE][PASSED] - com.ct.qa.keywords.CommonKeywords.visitPlanogramImageViewButton is PASSED

2018-12-03 18:16:23 - [TEST_STEP][PASSED] - verifyElementText: Actual text and expected text of test object 'Object Repository/ShopOpen/Chiller/Validate_ChillerNotAllocatedProductCategoryScreen' are matched.

2018-12-03 18:16:23 - [MESSAGE][PASSED] - Actual text and expected text of test object 'Object Repository/ShopOpen/Chiller/Validate_ChillerNotAllocatedProductCategoryScreen' are matched.

2018-12-03 18:16:23 - [TEST_STEP][PASSED] - com.ct.qa.keywords.CommonKeywords.visitPictureImageViewButton: com.ct.qa.keywords.CommonKeywords.visitPictureImageViewButton is PASSED

2018-12-03 18:16:25 - [MESSAGE][WARNING] - Timeout '0' is invalid. Using default page load timeout: '6'

2018-12-03 18:16:27 - [MESSAGE][PASSED] - Element 'Object Repository/CommonScreenElements/Validate_CameraScreen' is exist

2018-12-03 18:16:27 - [MESSAGE][WARNING] - Timeout '0' is invalid. Using default page load timeout: '6'

2018-12-03 18:16:31 - [MESSAGE][PASSED] - Tapped on element 'Object Repository/CommonScreenElements/TakePictureButton'

2018-12-03 18:16:36 - [MESSAGE][PASSED] - Delayed 5 second(s)

2018-12-03 18:16:36 - [MESSAGE][WARNING] - Timeout '0' is invalid. Using default page load timeout: '6'

2018-12-03 18:16:37 - [MESSAGE][PASSED] - Tapped on element 'Object Repository/CommonScreenElements/DoneButton'

2018-12-03 18:16:37 - [MESSAGE][PASSED] - com.ct.qa.keywords.CommonKeywords.visitPictureImageViewButton is PASSED

2018-12-03 18:16:37 - [TEST_STEP][PASSED] - verifyElementText: Actual text and expected text of test object 'Object Repository/ShopOpen/Chiller/Validate_ChillerNotAllocatedProductCategoryScreen' are matched.

2018-12-03 18:16:37 - [MESSAGE][PASSED] - Actual text and expected text of test object 'Object Repository/ShopOpen/Chiller/Validate_ChillerNotAllocatedProductCategoryScreen' are matched.

2018-12-03 18:16:37 - [TEST_STEP][PASSED] - com.ct.qa.keywords.CommonKeywords.visitBackImageViewButton: com.ct.qa.keywords.CommonKeywords.visitBackImageViewButton is PASSED

2018-12-03 18:16:39 - [MESSAGE][PASSED] - com.ct.qa.keywords.CommonKeywords.visitBackImageViewButton is PASSED

2018-12-03 18:16:39 - [TEST_STEP][PASSED] - verifyElementExist: Element 'Object Repository/ShopOpen/Validate_ShopCategoriesListScreen' is exist

2018-12-03 18:16:39 - [MESSAGE][WARNING] - Timeout '0' is invalid. Using default page load timeout: '6'

2018-12-03 18:16:41 - [MESSAGE][PASSED] - Element 'Object Repository/ShopOpen/Validate_ShopCategoriesListScreen' is exist

2018-12-03 18:16:41 - [MESSAGE][PASSED] - Call Test Case 'Test Cases/ShopOpen/Chiller/VisitChillerWithChillerNotAllocated' successfully

2018-12-03 18:16:42 - [MESSAGE][WARNING] - Timeout '0' is invalid. Using default page load timeout: '6'

2018-12-03 18:16:49 - [MESSAGE][WARNING] - Element 'Object Repository/CommonScreenElements/Validate_CameraScreen' not found
[[ATTACHMENT|F:\\Git Projects\\MMA_Merchandising\\MMA_Merchandising\\Reports\\MMA Merchandising With Channel Wise Data Verification\\20181203_180828\\1543843008853.png]]

2018-12-03 18:16:49 - [TEST_CASE][PASSED] - Test Cases/ShopOpen/Nestrade/VisitNestradeWithDSA: Test Cases/ShopOpen/Nestrade/VisitNestradeWithDSA

2018-12-03 18:16:50 - [TEST_STEP][PASSED] - verifyElementText: Actual text and expected text of test object 'Object Repository/ShopOpen/RemainingCategories/Validate_MainCategoryDetailScreen' are matched.

2018-12-03 18:16:50 - [MESSAGE][PASSED] - Actual text and expected text of test object 'Object Repository/ShopOpen/RemainingCategories/Validate_MainCategoryDetailScreen' are matched.

2018-12-03 18:16:50 - [TEST_STEP][PASSED] - tap: Tapped on element 'Object Repository/ShopOpen/RemainingCategories/DisplaySpaceAvailable'

2018-12-03 18:16:50 - [MESSAGE][WARNING] - Timeout '0' is invalid. Using default page load timeout: '6'

2018-12-03 18:16:51 - [MESSAGE][PASSED] - Tapped on element 'Object Repository/ShopOpen/RemainingCategories/DisplaySpaceAvailable'

2018-12-03 18:16:51 - [TEST_STEP][PASSED] - verifyElementText: Actual text and expected text of test object 'Object Repository/ShopOpen/Nestrade/Validate_NestradePorductCategoryScreen' are matched.

2018-12-03 18:16:52 - [MESSAGE][PASSED] - Actual text and expected text of test object 'Object Repository/ShopOpen/Nestrade/Validate_NestradePorductCategoryScreen' are matched.

2018-12-03 18:16:52 - [TEST_STEP][PASSED] - com.ct.qa.keywords.ChannelProductsDataKeywords.visitNestradeProductsCategoriesWithDSA: com.ct.qa.keywords.ChannelProductsDataKeywords.visitNestradeProductsCategoriesWithDSA is PASSED

2018-12-03 18:16:55 - [TEST_CASE][PASSED] - Test Cases/ShopOpen/Nestrade/VisitProductCategoryAssetsWithDSA: Test Cases/ShopOpen/Nestrade/VisitProductCategoryAssetsWithDSA

2018-12-03 18:16:56 - [TEST_STEP][PASSED] - verifyElementText: Actual text and expected text of test object 'Object Repository/ShopOpen/RemainingCategories/Validate_ProductCategoryAssetScreen' are matched.

2018-12-03 18:16:57 - [MESSAGE][PASSED] - Actual text and expected text of test object 'Object Repository/ShopOpen/RemainingCategories/Validate_ProductCategoryAssetScreen' are matched.

2018-12-03 18:16:57 - [TEST_STEP][PASSED] - tap: Tapped on element 'Object Repository/ShopOpen/RemainingCategories/Facing'

2018-12-03 18:16:57 - [MESSAGE][WARNING] - Timeout '0' is invalid. Using default page load timeout: '6'

2018-12-03 18:16:57 - [MESSAGE][PASSED] - Tapped on element 'Object Repository/ShopOpen/RemainingCategories/Facing'

2018-12-03 18:16:57 - [TEST_STEP][PASSED] - verifyElementText: Actual text and expected text of test object 'Object Repository/ShopOpen/RemainingCategories/Validate_FacingScreen' are matched.

2018-12-03 18:16:59 - [MESSAGE][PASSED] - Actual text and expected text of test object 'Object Repository/ShopOpen/RemainingCategories/Validate_FacingScreen' are matched.

2018-12-03 18:16:59 - [TEST_STEP][PASSED] - com.ct.qa.keywords.ChannelProductsDataKeywords.visitChannelWiseProductsData: com.ct.qa.keywords.ChannelProductsDataKeywords.visitChannelWiseProductsData is PASSED

2018-12-03 18:17:03 - [MESSAGE][PASSED] - Keyboard is hidden

2018-12-03 18:17:06 - [MESSAGE][PASSED] - Keyboard is hidden

2018-12-03 18:17:09 - [MESSAGE][PASSED] - Keyboard is hidden

2018-12-03 18:17:12 - [MESSAGE][PASSED] - Keyboard is hidden

2018-12-03 18:17:13 - [MESSAGE][PASSED] - com.ct.qa.keywords.ChannelProductsDataKeywords.visitChannelWiseProductsData is PASSED

2018-12-03 18:17:13 - [TEST_STEP][PASSED] - tap: Tapped on element 'Object Repository/ShopOpen/RemainingCategories/SubmitButton'

2018-12-03 18:17:13 - [MESSAGE][WARNING] - Timeout '0' is invalid. Using default page load timeout: '6'

2018-12-03 18:17:14 - [MESSAGE][PASSED] - Tapped on element 'Object Repository/ShopOpen/RemainingCategories/SubmitButton'

2018-12-03 18:17:14 - [TEST_STEP][PASSED] - verifyElementText: Actual text and expected text of test object 'Object Repository/ShopOpen/RemainingCategories/Validate_ProductCategoryAssetScreen' are matched.

2018-12-03 18:17:15 - [MESSAGE][PASSED] - Actual text and expected text of test object 'Object Repository/ShopOpen/RemainingCategories/Validate_ProductCategoryAssetScreen' are matched.

2018-12-03 18:17:15 - [TEST_STEP][PASSED] - tap: Tapped on element 'Object Repository/ShopOpen/RemainingCategories/StockTaking'

2018-12-03 18:17:15 - [MESSAGE][WARNING] - Timeout '0' is invalid. Using default page load timeout: '6'

2018-12-03 18:17:16 - [MESSAGE][PASSED] - Tapped on element 'Object Repository/ShopOpen/RemainingCategories/StockTaking'

2018-12-03 18:17:16 - [TEST_STEP][PASSED] - verifyElementText: Actual text and expected text of test object 'Object Repository/ShopOpen/RemainingCategories/Validate_StockTakingScreen' are matched.

2018-12-03 18:17:17 - [MESSAGE][PASSED] - Actual text and expected text of test object 'Object Repository/ShopOpen/RemainingCategories/Validate_StockTakingScreen' are matched.

2018-12-03 18:17:17 - [TEST_STEP][PASSED] - com.ct.qa.keywords.ChannelProductsDataKeywords.visitChannelWiseProductsData: com.ct.qa.keywords.ChannelProductsDataKeywords.visitChannelWiseProductsData is PASSED

2018-12-03 18:17:22 - [MESSAGE][PASSED] - Keyboard is hidden

2018-12-03 18:17:25 - [MESSAGE][PASSED] - Keyboard is hidden

2018-12-03 18:17:28 - [MESSAGE][PASSED] - Keyboard is hidden

2018-12-03 18:17:31 - [MESSAGE][PASSED] - Keyboard is hidden

2018-12-03 18:17:32 - [MESSAGE][PASSED] - com.ct.qa.keywords.ChannelProductsDataKeywords.visitChannelWiseProductsData is PASSED

2018-12-03 18:17:32 - [TEST_STEP][PASSED] - tap: Tapped on element 'Object Repository/ShopOpen/RemainingCategories/SubmitButton'

2018-12-03 18:17:32 - [MESSAGE][WARNING] - Timeout '0' is invalid. Using default page load timeout: '6'

2018-12-03 18:17:33 - [MESSAGE][PASSED] - Tapped on element 'Object Repository/ShopOpen/RemainingCategories/SubmitButton'

2018-12-03 18:17:33 - [TEST_STEP][PASSED] - verifyElementText: Actual text and expected text of test object 'Object Repository/ShopOpen/RemainingCategories/Validate_ProductCategoryAssetScreen' are matched.

2018-12-03 18:17:33 - [MESSAGE][PASSED] - Actual text and expected text of test object 'Object Repository/ShopOpen/RemainingCategories/Validate_ProductCategoryAssetScreen' are matched.

2018-12-03 18:17:33 - [TEST_STEP][PASSED] - tap: Tapped on element 'Object Repository/ShopOpen/RemainingCategories/ProductCategoryAsset_BackButton'

2018-12-03 18:17:33 - [MESSAGE][WARNING] - Timeout '0' is invalid. Using default page load timeout: '6'

2018-12-03 18:17:34 - [MESSAGE][PASSED] - Tapped on element 'Object Repository/ShopOpen/RemainingCategories/ProductCategoryAsset_BackButton'

2018-12-03 18:17:34 - [TEST_STEP][PASSED] - verifyElementText: Actual text and expected text of test object 'Object Repository/ShopOpen/Nestrade/Validate_NestradePorductCategoryScreen' are matched.

2018-12-03 18:17:34 - [MESSAGE][PASSED] - Actual text and expected text of test object 'Object Repository/ShopOpen/Nestrade/Validate_NestradePorductCategoryScreen' are matched.

2018-12-03 18:17:34 - [MESSAGE][PASSED] - Call Test Case 'Test Cases/ShopOpen/Nestrade/VisitProductCategoryAssetsWithDSA' successfully

2018-12-03 18:17:36 - [TEST_CASE][PASSED] - Test Cases/ShopOpen/Nestrade/VisitProductCategoryAssetsWithDSA: Test Cases/ShopOpen/Nestrade/VisitProductCategoryAssetsWithDSA

2018-12-03 18:17:36 - [TEST_STEP][PASSED] - verifyElementText: Actual text and expected text of test object 'Object Repository/ShopOpen/RemainingCategories/Validate_ProductCategoryAssetScreen' are matched.

2018-12-03 18:17:37 - [MESSAGE][PASSED] - Actual text and expected text of test object 'Object Repository/ShopOpen/RemainingCategories/Validate_ProductCategoryAssetScreen' are matched.

2018-12-03 18:17:37 - [TEST_STEP][PASSED] - tap: Tapped on element 'Object Repository/ShopOpen/RemainingCategories/Facing'

2018-12-03 18:17:37 - [MESSAGE][WARNING] - Timeout '0' is invalid. Using default page load timeout: '6'

2018-12-03 18:17:38 - [MESSAGE][PASSED] - Tapped on element 'Object Repository/ShopOpen/RemainingCategories/Facing'

2018-12-03 18:17:38 - [TEST_STEP][PASSED] - verifyElementText: Actual text and expected text of test object 'Object Repository/ShopOpen/RemainingCategories/Validate_FacingScreen' are matched.

2018-12-03 18:17:39 - [MESSAGE][PASSED] - Actual text and expected text of test object 'Object Repository/ShopOpen/RemainingCategories/Validate_FacingScreen' are matched.

2018-12-03 18:17:39 - [TEST_STEP][PASSED] - com.ct.qa.keywords.ChannelProductsDataKeywords.visitChannelWiseProductsData: com.ct.qa.keywords.ChannelProductsDataKeywords.visitChannelWiseProductsData is PASSED

2018-12-03 18:17:45 - [MESSAGE][PASSED] - Keyboard is hidden

2018-12-03 18:17:48 - [MESSAGE][PASSED] - Keyboard is hidden

2018-12-03 18:17:51 - [MESSAGE][PASSED] - Keyboard is hidden

2018-12-03 18:17:54 - [MESSAGE][PASSED] - Keyboard is hidden

2018-12-03 18:17:57 - [MESSAGE][PASSED] - Keyboard is hidden

2018-12-03 18:18:00 - [MESSAGE][PASSED] - Keyboard is hidden

2018-12-03 18:18:02 - [MESSAGE][PASSED] - Swiped from 76,359 to 76,250

2018-12-03 18:18:06 - [MESSAGE][PASSED] - Keyboard is hidden

2018-12-03 18:18:07 - [MESSAGE][PASSED] - Swiped from 76,359 to 76,250

2018-12-03 18:18:08 - [MESSAGE][PASSED] - com.ct.qa.keywords.ChannelProductsDataKeywords.visitChannelWiseProductsData is PASSED

2018-12-03 18:18:08 - [TEST_STEP][PASSED] - tap: Tapped on element 'Object Repository/ShopOpen/RemainingCategories/SubmitButton'

2018-12-03 18:18:08 - [MESSAGE][WARNING] - Timeout '0' is invalid. Using default page load timeout: '6'

2018-12-03 18:18:09 - [MESSAGE][PASSED] - Tapped on element 'Object Repository/ShopOpen/RemainingCategories/SubmitButton'

2018-12-03 18:18:09 - [TEST_STEP][PASSED] - verifyElementText: Actual text and expected text of test object 'Object Repository/ShopOpen/RemainingCategories/Validate_ProductCategoryAssetScreen' are matched.

2018-12-03 18:18:10 - [MESSAGE][PASSED] - Actual text and expected text of test object 'Object Repository/ShopOpen/RemainingCategories/Validate_ProductCategoryAssetScreen' are matched.

2018-12-03 18:18:10 - [TEST_STEP][PASSED] - tap: Tapped on element 'Object Repository/ShopOpen/RemainingCategories/StockTaking'

2018-12-03 18:18:10 - [MESSAGE][WARNING] - Timeout '0' is invalid. Using default page load timeout: '6'

2018-12-03 18:18:10 - [MESSAGE][PASSED] - Tapped on element 'Object Repository/ShopOpen/RemainingCategories/StockTaking'

2018-12-03 18:18:10 - [TEST_STEP][PASSED] - verifyElementText: Actual text and expected text of test object 'Object Repository/ShopOpen/RemainingCategories/Validate_StockTakingScreen' are matched.

2018-12-03 18:18:12 - [MESSAGE][PASSED] - Actual text and expected text of test object 'Object Repository/ShopOpen/RemainingCategories/Validate_StockTakingScreen' are matched.

2018-12-03 18:18:12 - [TEST_STEP][PASSED] - com.ct.qa.keywords.ChannelProductsDataKeywords.visitChannelWiseProductsData: com.ct.qa.keywords.ChannelProductsDataKeywords.visitChannelWiseProductsData is PASSED

2018-12-03 18:18:17 - [MESSAGE][PASSED] - Keyboard is hidden

2018-12-03 18:18:20 - [MESSAGE][PASSED] - Keyboard is hidden

2018-12-03 18:18:23 - [MESSAGE][PASSED] - Keyboard is hidden

2018-12-03 18:18:26 - [MESSAGE][PASSED] - Keyboard is hidden

2018-12-03 18:18:29 - [MESSAGE][PASSED] - Keyboard is hidden

2018-12-03 18:18:32 - [MESSAGE][PASSED] - Keyboard is hidden

2018-12-03 18:18:34 - [MESSAGE][PASSED] - Swiped from 76,359 to 76,250

2018-12-03 18:18:38 - [MESSAGE][PASSED] - Keyboard is hidden

2018-12-03 18:18:39 - [MESSAGE][PASSED] - Swiped from 76,359 to 76,250

2018-12-03 18:18:40 - [MESSAGE][PASSED] - com.ct.qa.keywords.ChannelProductsDataKeywords.visitChannelWiseProductsData is PASSED

2018-12-03 18:18:40 - [TEST_STEP][PASSED] - tap: Tapped on element 'Object Repository/ShopOpen/RemainingCategories/SubmitButton'

2018-12-03 18:18:40 - [MESSAGE][WARNING] - Timeout '0' is invalid. Using default page load timeout: '6'

2018-12-03 18:18:41 - [MESSAGE][PASSED] - Tapped on element 'Object Repository/ShopOpen/RemainingCategories/SubmitButton'

2018-12-03 18:18:41 - [TEST_STEP][PASSED] - verifyElementText: Actual text and expected text of test object 'Object Repository/ShopOpen/RemainingCategories/Validate_ProductCategoryAssetScreen' are matched.

2018-12-03 18:18:42 - [MESSAGE][PASSED] - Actual text and expected text of test object 'Object Repository/ShopOpen/RemainingCategories/Validate_ProductCategoryAssetScreen' are matched.

2018-12-03 18:18:42 - [TEST_STEP][PASSED] - tap: Tapped on element 'Object Repository/ShopOpen/RemainingCategories/ProductCategoryAsset_BackButton'

2018-12-03 18:18:42 - [MESSAGE][WARNING] - Timeout '0' is invalid. Using default page load timeout: '6'

2018-12-03 18:18:42 - [MESSAGE][PASSED] - Tapped on element 'Object Repository/ShopOpen/RemainingCategories/ProductCategoryAsset_BackButton'

2018-12-03 18:18:42 - [TEST_STEP][PASSED] - verifyElementText: Actual text and expected text of test object 'Object Repository/ShopOpen/Nestrade/Validate_NestradePorductCategoryScreen' are matched.

2018-12-03 18:18:43 - [MESSAGE][PASSED] - Actual text and expected text of test object 'Object Repository/ShopOpen/Nestrade/Validate_NestradePorductCategoryScreen' are matched.

2018-12-03 18:18:43 - [MESSAGE][PASSED] - Call Test Case 'Test Cases/ShopOpen/Nestrade/VisitProductCategoryAssetsWithDSA' successfully

2018-12-03 18:18:44 - [TEST_CASE][PASSED] - Test Cases/ShopOpen/Nestrade/VisitProductCategoryAssetsWithDSA: Test Cases/ShopOpen/Nestrade/VisitProductCategoryAssetsWithDSA

2018-12-03 18:18:44 - [TEST_STEP][PASSED] - verifyElementText: Actual text and expected text of test object 'Object Repository/ShopOpen/RemainingCategories/Validate_ProductCategoryAssetScreen' are matched.

2018-12-03 18:18:45 - [MESSAGE][PASSED] - Actual text and expected text of test object 'Object Repository/ShopOpen/RemainingCategories/Validate_ProductCategoryAssetScreen' are matched.

2018-12-03 18:18:45 - [TEST_STEP][PASSED] - tap: Tapped on element 'Object Repository/ShopOpen/RemainingCategories/Facing'

2018-12-03 18:18:45 - [MESSAGE][WARNING] - Timeout '0' is invalid. Using default page load timeout: '6'

2018-12-03 18:18:46 - [MESSAGE][PASSED] - Tapped on element 'Object Repository/ShopOpen/RemainingCategories/Facing'

2018-12-03 18:18:46 - [TEST_STEP][PASSED] - verifyElementText: Actual text and expected text of test object 'Object Repository/ShopOpen/RemainingCategories/Validate_FacingScreen' are matched.

2018-12-03 18:18:48 - [MESSAGE][PASSED] - Actual text and expected text of test object 'Object Repository/ShopOpen/RemainingCategories/Validate_FacingScreen' are matched.

[...]
Session ID: 03a9d2e0-ca35-4b4e-9021-6cbb5ee4304e)
	at com.kms.katalon.core.keyword.internal.KeywordMain.stepFailed(KeywordMain.groovy:36)
	at com.kms.katalon.core.mobile.keyword.internal.MobileKeywordMain.stepFailed(MobileKeywordMain.groovy:40)
	at com.kms.katalon.core.mobile.keyword.internal.MobileKeywordMain.runKeyword(MobileKeywordMain.groovy:23)
	at com.kms.katalon.core.mobile.keyword.builtin.VerifyElementExistKeyword.verifyElementExist(VerifyElementExistKeyword.groovy:80)
	at com.kms.katalon.core.mobile.keyword.builtin.VerifyElementExistKeyword.execute(VerifyElementExistKeyword.groovy:64)
	at com.kms.katalon.core.keyword.internal.KeywordExecutor.executeKeywordForPlatform(KeywordExecutor.groovy:53)
	at com.kms.katalon.core.mobile.keyword.MobileBuiltInKeywords.verifyElementExist(MobileBuiltInKeywords.groovy:621)
	at com.kms.katalon.core.mobile.keyword.MobileBuiltInKeywords$verifyElementExist$2.call(Unknown Source)
	at org.codehaus.groovy.runtime.callsite.CallSiteArray.defaultCall(CallSiteArray.java:48)
	at org.codehaus.groovy.runtime.callsite.AbstractCallSite.call(AbstractCallSite.java:113)
	at org.codehaus.groovy.runtime.callsite.AbstractCallSite.call(AbstractCallSite.java:133)
	at com.ct.qa.keywords.ShopVisitingScenariosKeywords.visitShopWith_DataVerification(ShopVisitingScenariosKeywords.groovy:473)
	at sun.reflect.NativeMethodAccessorImpl.invoke0(Native Method)
	at sun.reflect.NativeMethodAccessorImpl.invoke(NativeMethodAccessorImpl.java:62)
	at sun.reflect.DelegatingMethodAccessorImpl.invoke(DelegatingMethodAccessorImpl.java:43)
	at java.lang.reflect.Method.invoke(Method.java:498)
	at org.codehaus.groovy.reflection.CachedMethod.invoke(CachedMethod.java:93)
	at groovy.lang.MetaMethod.doMethodInvoke(MetaMethod.java:325)
	at groovy.lang.MetaClassImpl.invokeMethod(MetaClassImpl.java:1215)
	at groovy.lang.MetaClassImpl.invokeMethod(MetaClassImpl.java:1024)
	at groovy.lang.MetaClassImpl.invokeMethod(MetaClassImpl.java:812)
	at groovy.lang.DelegatingMetaClass.invokeMethod(DelegatingMetaClass.java:144)
	at com.ct.qa.keywords.ShopVisitingScenariosKeywords.invokeMethod(ShopVisitingScenariosKeywords.groovy)
	at com.kms.katalon.core.main.CustomKeywordDelegatingMetaClass.invokeStaticMethod(CustomKeywordDelegatingMetaClass.java:46)
	at org.codehaus.groovy.runtime.callsite.StaticMetaClassSite.call(StaticMetaClassSite.java:53)
	at org.codehaus.groovy.runtime.callsite.CallSiteArray.defaultCall(CallSiteArray.java:48)
	at org.codehaus.groovy.runtime.callsite.AbstractCallSite.call(AbstractCallSite.java:113)
	at org.codehaus.groovy.runtime.callsite.AbstractCallSite.call(AbstractCallSite.java:117)
	at Script1539252870661.run(Script1539252870661.groovy:39)
	at com.kms.katalon.core.main.ScriptEngine.run(ScriptEngine.java:183)
	at com.kms.katalon.core.main.ScriptEngine.runScriptAsRawText(ScriptEngine.java:108)
	at com.kms.katalon.core.main.TestCaseExecutor.runScript(TestCaseExecutor.java:294)
	at com.kms.katalon.core.main.TestCaseExecutor.doExecute(TestCaseExecutor.java:285)
	at com.kms.katalon.core.main.TestCaseExecutor.processExecutionPhase(TestCaseExecutor.java:264)
	at com.kms.katalon.core.main.TestCaseExecutor.accessMainPhase(TestCaseExecutor.java:256)
	at com.kms.katalon.core.main.TestCaseExecutor.execute(TestCaseExecutor.java:200)
	at com.kms.katalon.core.main.TestSuiteExecutor.accessTestCaseMainPhase(TestSuiteExecutor.java:129)
	at com.kms.katalon.core.main.TestSuiteExecutor.accessTestSuiteMainPhase(TestSuiteExecutor.java:112)
	at com.kms.katalon.core.main.TestSuiteExecutor.execute(TestSuiteExecutor.java:81)
	at com.kms.katalon.core.main.TestCaseMain.startTestSuite(TestCaseMain.java:142)
	at com.kms.katalon.core.main.TestCaseMain$startTestSuite$0.call(Unknown Source)
	at org.codehaus.groovy.runtime.callsite.CallSiteArray.defaultCall(CallSiteArray.java:48)
	at org.codehaus.groovy.runtime.callsite.AbstractCallSite.call(AbstractCallSite.java:113)
	at org.codehaus.groovy.runtime.callsite.AbstractCallSite.call(AbstractCallSite.java:141)
	at TempTestSuite1543842508132.run(TempTestSuite1543842508132.groovy:36)
	at groovy.lang.GroovyShell.runScriptOrMainOrTestOrRunnable(GroovyShell.java:263)
	at groovy.lang.GroovyShell.run(GroovyShell.java:518)
	at groovy.lang.GroovyShell.run(GroovyShell.java:507)
	at groovy.ui.GroovyMain.processOnce(GroovyMain.java:653)
	at groovy.ui.GroovyMain.run(GroovyMain.java:384)
	at groovy.ui.GroovyMain.process(GroovyMain.java:370)
	at groovy.ui.GroovyMain.processArgs(GroovyMain.java:129)
	at groovy.ui.GroovyMain.main(GroovyMain.java:109)
	at sun.reflect.NativeMethodAccessorImpl.invoke0(Native Method)
	at sun.reflect.NativeMethodAccessorImpl.invoke(NativeMethodAccessorImpl.java:62)
	at sun.reflect.DelegatingMethodAccessorImpl.invoke(DelegatingMethodAccessorImpl.java:43)
	at java.lang.reflect.Method.invoke(Method.java:498)
	at org.codehaus.groovy.tools.GroovyStarter.rootLoader(GroovyStarter.java:109)
	at org.codehaus.groovy.tools.GroovyStarter.main(GroovyStarter.java:131)
)]]></system-err>
      </testcase>
      <system-out><![CDATA[2018-12-03 18:08:30 - [TEST_SUITE][FAILED] - MMA Merchandising With Channel Wise Data Verification: Test Cases/VisitShopScenarios/VisitShopsWithDataVerification FAILED because (of) (Stack trace: com.kms.katalon.core.exception.StepFailedException: Failed to check for element 'Object Repository/Validate_ShopListScreen' exist (Root cause: org.openqa.selenium.NoSuchElementException: UiSelector[TEXT=Shops on Route, CLASS=android.widget.TextView, INSTANCE=0, RESOURCE_ID=com.concavetech.bloc:id/shops_list_id] (WARNING: The server did not provide any stacktrace information)
Command duration or timeout: 0 milliseconds
For documentation on this error, please visit: http://seleniumhq.org/exceptions/no_such_element.html
Build info: version: '3.7.1', revision: '8a0099a', time: '2017-11-06T21:07:36.161Z'
System info: host: 'DESKTOP-L12UUAD', ip: '192.168.3.221', os.name: 'Windows 10', os.arch: 'amd64', os.version: '10.0', java.version: '1.8.0_181'
Driver info: com.kms.katalon.core.appium.driver.SwipeableAndroidDriver
Capabilities {app: F:\QA_Automation\Builds\mma..., appActivity: com.audit.main.ui.SplashScreen, appPackage: com.concavetech.bloc, appWaitActivity: com.audit.main.ui.SplashScreen, appWaitPackage: com.concavetech.bloc, autoGrantPermissions: true, databaseEnabled: false, desired: {app: F:\QA_Automation\Builds\mma..., autoGrantPermissions: true, deviceId: , deviceName: samsung SM-J110H (Android 4..., fullReset: false, newCommandTimeout: 1800, noReset: true, platform: ANDROID, platformName: Android, udid: 11015a1136d0b24a}, deviceId: , deviceManufacturer: samsung, deviceModel: SM-J110H, deviceName: 11015a1136d0b24a, deviceScreenSize: 480x800, deviceUDID: 11015a1136d0b24a, fullReset: false, javascriptEnabled: true, locationContextEnabled: false, networkConnectionEnabled: true, newCommandTimeout: 1800, noReset: true, platform: ANDROID, platformName: ANDROID, platformVersion: 4.4.4, takesScreenshot: true, udid: 11015a1136d0b24a, warnings: {}, webStorageEnabled: false}
Session ID: 03a9d2e0-ca35-4b4e-9021-6cbb5ee4304e)
	at com.kms.katalon.core.keyword.internal.KeywordMain.stepFailed(KeywordMain.groovy:36)
	at com.kms.katalon.core.mobile.keyword.internal.MobileKeywordMain.stepFailed(MobileKeywordMain.groovy:40)
	at com.kms.katalon.core.mobile.keyword.internal.MobileKeywordMain.runKeyword(MobileKeywordMain.groovy:23)
	at com.kms.katalon.core.mobile.keyword.builtin.VerifyElementExistKeyword.verifyElementExist(VerifyElementExistKeyword.groovy:80)
	at com.kms.katalon.core.mobile.keyword.builtin.VerifyElementExistKeyword.execute(VerifyElementExistKeyword.groovy:64)
	at com.kms.katalon.core.keyword.internal.KeywordExecutor.executeKeywordForPlatform(KeywordExecutor.groovy:53)
	at com.kms.katalon.core.mobile.keyword.MobileBuiltInKeywords.verifyElementExist(MobileBuiltInKeywords.groovy:621)
	at com.kms.katalon.core.mobile.keyword.MobileBuiltInKeywords$verifyElementExist$2.call(Unknown Source)
	at org.codehaus.groovy.runtime.callsite.CallSiteArray.defaultCall(CallSiteArray.java:48)
	at org.codehaus.groovy.runtime.callsite.AbstractCallSite.call(AbstractCallSite.java:113)
	at org.codehaus.groovy.runtime.callsite.AbstractCallSite.call(AbstractCallSite.java:133)
	at com.ct.qa.keywords.ShopVisitingScenariosKeywords.visitShopWith_DataVerification(ShopVisitingScenariosKeywords.groovy:473)
	at sun.reflect.NativeMethodAccessorImpl.invoke0(Native Method)
	at sun.reflect.NativeMethodAccessorImpl.invoke(NativeMethodAccessorImpl.java:62)
	at sun.reflect.DelegatingMethodAccessorImpl.invoke(DelegatingMethodAccessorImpl.java:43)
	at java.lang.reflect.Method.invoke(Method.java:498)
	at org.codehaus.groovy.reflection.CachedMethod.invoke(CachedMethod.java:93)
	at groovy.lang.MetaMethod.doMethodInvoke(MetaMethod.java:325)
	at groovy.lang.MetaClassImpl.invokeMethod(MetaClassImpl.java:1215)
	at groovy.lang.MetaClassImpl.invokeMethod(MetaClassImpl.java:1024)
	at groovy.lang.MetaClassImpl.invokeMethod(MetaClassImpl.java:812)
	at groovy.lang.DelegatingMetaClass.invokeMethod(DelegatingMetaClass.java:144)
	at com.ct.qa.keywords.ShopVisitingScenariosKeywords.invokeMethod(ShopVisitingScenariosKeywords.groovy)
	at com.kms.katalon.core.main.CustomKeywordDelegatingMetaClass.invokeStaticMethod(CustomKeywordDelegatingMetaClass.java:46)
	at org.codehaus.groovy.runtime.callsite.StaticMetaClassSite.call(StaticMetaClassSite.java:53)
	at org.codehaus.groovy.runtime.callsite.CallSiteArray.defaultCall(CallSiteArray.java:48)
	at org.codehaus.groovy.runtime.callsite.AbstractCallSite.call(AbstractCallSite.java:113)
	at org.codehaus.groovy.runtime.callsite.AbstractCallSite.call(AbstractCallSite.java:117)
	at Script1539252870661.run(Script1539252870661.groovy:39)
	at com.kms.katalon.core.main.ScriptEngine.run(ScriptEngine.java:183)
	at com.kms.katalon.core.main.ScriptEngine.runScriptAsRawText(ScriptEngine.java:108)
	at com.kms.katalon.core.main.TestCaseExecutor.runScript(TestCaseExecutor.java:294)
	at com.kms.katalon.core.main.TestCaseExecutor.doExecute(TestCaseExecutor.java:285)
	at com.kms.katalon.core.main.TestCaseExecutor.processExecutionPhase(TestCaseExecutor.java:264)
	at com.kms.katalon.core.main.TestCaseExecutor.accessMainPhase(TestCaseExecutor.java:256)
	at com.kms.katalon.core.main.TestCaseExecutor.execute(TestCaseExecutor.java:200)
	at com.kms.katalon.core.main.TestSuiteExecutor.accessTestCaseMainPhase(TestSuiteExecutor.java:129)
	at com.kms.katalon.core.main.TestSuiteExecutor.accessTestSuiteMainPhase(TestSuiteExecutor.java:112)
	at com.kms.katalon.core.main.TestSuiteExecutor.execute(TestSuiteExecutor.java:81)
	at com.kms.katalon.core.main.TestCaseMain.startTestSuite(TestCaseMain.java:142)
	at com.kms.katalon.core.main.TestCaseMain$startTestSuite$0.call(Unknown Source)
	at org.codehaus.groovy.runtime.callsite.CallSiteArray.defaultCall(CallSiteArray.java:48)
	at org.codehaus.groovy.runtime.callsite.AbstractCallSite.call(AbstractCallSite.java:113)
	at org.codehaus.groovy.runtime.callsite.AbstractCallSite.call(AbstractCallSite.java:141)
	at TempTestSuite1543842508132.run(TempTestSuite1543842508132.groovy:36)
	at groovy.lang.GroovyShell.runScriptOrMainOrTestOrRunnable(GroovyShell.java:263)
	at groovy.lang.GroovyShell.run(GroovyShell.java:518)
	at groovy.lang.GroovyShell.run(GroovyShell.java:507)
	at groovy.ui.GroovyMain.processOnce(GroovyMain.java:653)
	at groovy.ui.GroovyMain.run(GroovyMain.java:384)
	at groovy.ui.GroovyMain.process(GroovyMain.java:370)
	at groovy.ui.GroovyMain.processArgs(GroovyMain.java:129)
	at groovy.ui.GroovyMain.main(GroovyMain.java:109)
	at sun.reflect.NativeMethodAccessorImpl.invoke0(Native Method)
	at sun.reflect.NativeMethodAccessorImpl.invoke(NativeMethodAccessorImpl.java:62)
	at sun.reflect.DelegatingMethodAccessorImpl.invoke(DelegatingMethodAccessorImpl.java:43)
	at java.lang.reflect.Method.invoke(Method.java:498)
	at org.codehaus.groovy.tools.GroovyStarter.rootLoader(GroovyStarter.java:109)
	at org.codehaus.groovy.tools.GroovyStarter.main(GroovyStarter.java:131)
)]]></system-out>
      <system-err><![CDATA[2018-12-03 18:08:30 - [TEST_SUITE][FAILED] - MMA Merchandising With Channel Wise Data Verification: Test Cases/VisitShopScenarios/VisitShopsWithDataVerification FAILED because (of) (Stack trace: com.kms.katalon.core.exception.StepFailedException: Failed to check for element 'Object Repository/Validate_ShopListScreen' exist (Root cause: org.openqa.selenium.NoSuchElementException: UiSelector[TEXT=Shops on Route, CLASS=android.widget.TextView, INSTANCE=0, RESOURCE_ID=com.concavetech.bloc:id/shops_list_id] (WARNING: The server did not provide any stacktrace information)
Command duration or timeout: 0 milliseconds
For documentation on this error, please visit: http://seleniumhq.org/exceptions/no_such_element.html
Build info: version: '3.7.1', revision: '8a0099a', time: '2017-11-06T21:07:36.161Z'
System info: host: 'DESKTOP-L12UUAD', ip: '192.168.3.221', os.name: 'Windows 10', os.arch: 'amd64', os.version: '10.0', java.version: '1.8.0_181'
Driver info: com.kms.katalon.core.appium.driver.SwipeableAndroidDriver
Capabilities {app: F:\QA_Automation\Builds\mma..., appActivity: com.audit.main.ui.SplashScreen, appPackage: com.concavetech.bloc, appWaitActivity: com.audit.main.ui.SplashScreen, appWaitPackage: com.concavetech.bloc, autoGrantPermissions: true, databaseEnabled: false, desired: {app: F:\QA_Automation\Builds\mma..., autoGrantPermissions: true, deviceId: , deviceName: samsung SM-J110H (Android 4..., fullReset: false, newCommandTimeout: 1800, noReset: true, platform: ANDROID, platformName: Android, udid: 11015a1136d0b24a}, deviceId: , deviceManufacturer: samsung, deviceModel: SM-J110H, deviceName: 11015a1136d0b24a, deviceScreenSize: 480x800, deviceUDID: 11015a1136d0b24a, fullReset: false, javascriptEnabled: true, locationContextEnabled: false, networkConnectionEnabled: true, newCommandTimeout: 1800, noReset: true, platform: ANDROID, platformName: ANDROID, platformVersion: 4.4.4, takesScreenshot: true, udid: 11015a1136d0b24a, warnings: {}, webStorageEnabled: false}
Session ID: 03a9d2e0-ca35-4b4e-9021-6cbb5ee4304e)
	at com.kms.katalon.core.keyword.internal.KeywordMain.stepFailed(KeywordMain.groovy:36)
	at com.kms.katalon.core.mobile.keyword.internal.MobileKeywordMain.stepFailed(MobileKeywordMain.groovy:40)
	at com.kms.katalon.core.mobile.keyword.internal.MobileKeywordMain.runKeyword(MobileKeywordMain.groovy:23)
	at com.kms.katalon.core.mobile.keyword.builtin.VerifyElementExistKeyword.verifyElementExist(VerifyElementExistKeyword.groovy:80)
	at com.kms.katalon.core.mobile.keyword.builtin.VerifyElementExistKeyword.execute(VerifyElementExistKeyword.groovy:64)
	at com.kms.katalon.core.keyword.internal.KeywordExecutor.executeKeywordForPlatform(KeywordExecutor.groovy:53)
	at com.kms.katalon.core.mobile.keyword.MobileBuiltInKeywords.verifyElementExist(MobileBuiltInKeywords.groovy:621)
	at com.kms.katalon.core.mobile.keyword.MobileBuiltInKeywords$verifyElementExist$2.call(Unknown Source)
	at org.codehaus.groovy.runtime.callsite.CallSiteArray.defaultCall(CallSiteArray.java:48)
	at org.codehaus.groovy.runtime.callsite.AbstractCallSite.call(AbstractCallSite.java:113)
	at org.codehaus.groovy.runtime.callsite.AbstractCallSite.call(AbstractCallSite.java:133)
	at com.ct.qa.keywords.ShopVisitingScenariosKeywords.visitShopWith_DataVerification(ShopVisitingScenariosKeywords.groovy:473)
	at sun.reflect.NativeMethodAccessorImpl.invoke0(Native Method)
	at sun.reflect.NativeMethodAccessorImpl.invoke(NativeMethodAccessorImpl.java:62)
	at sun.reflect.DelegatingMethodAccessorImpl.invoke(DelegatingMethodAccessorImpl.java:43)
	at java.lang.reflect.Method.invoke(Method.java:498)
	at org.codehaus.groovy.reflection.CachedMethod.invoke(CachedMethod.java:93)
	at groovy.lang.MetaMethod.doMethodInvoke(MetaMethod.java:325)
	at groovy.lang.MetaClassImpl.invokeMethod(MetaClassImpl.java:1215)
	at groovy.lang.MetaClassImpl.invokeMethod(MetaClassImpl.java:1024)
	at groovy.lang.MetaClassImpl.invokeMethod(MetaClassImpl.java:812)
	at groovy.lang.DelegatingMetaClass.invokeMethod(DelegatingMetaClass.java:144)
	at com.ct.qa.keywords.ShopVisitingScenariosKeywords.invokeMethod(ShopVisitingScenariosKeywords.groovy)
	at com.kms.katalon.core.main.CustomKeywordDelegatingMetaClass.invokeStaticMethod(CustomKeywordDelegatingMetaClass.java:46)
	at org.codehaus.groovy.runtime.callsite.StaticMetaClassSite.call(StaticMetaClassSite.java:53)
	at org.codehaus.groovy.runtime.callsite.CallSiteArray.defaultCall(CallSiteArray.java:48)
	at org.codehaus.groovy.runtime.callsite.AbstractCallSite.call(AbstractCallSite.java:113)
	at org.codehaus.groovy.runtime.callsite.AbstractCallSite.call(AbstractCallSite.java:117)
	at Script1539252870661.run(Script1539252870661.groovy:39)
	at com.kms.katalon.core.main.ScriptEngine.run(ScriptEngine.java:183)
	at com.kms.katalon.core.main.ScriptEngine.runScriptAsRawText(ScriptEngine.java:108)
	at com.kms.katalon.core.main.TestCaseExecutor.runScript(TestCaseExecutor.java:294)
	at com.kms.katalon.core.main.TestCaseExecutor.doExecute(TestCaseExecutor.java:285)
	at com.kms.katalon.core.main.TestCaseExecutor.processExecutionPhase(TestCaseExecutor.java:264)
	at com.kms.katalon.core.main.TestCaseExecutor.accessMainPhase(TestCaseExecutor.java:256)
	at com.kms.katalon.core.main.TestCaseExecutor.execute(TestCaseExecutor.java:200)
	at com.kms.katalon.core.main.TestSuiteExecutor.accessTestCaseMainPhase(TestSuiteExecutor.java:129)
	at com.kms.katalon.core.main.TestSuiteExecutor.accessTestSuiteMainPhase(TestSuiteExecutor.java:112)
	at com.kms.katalon.core.main.TestSuiteExecutor.execute(TestSuiteExecutor.java:81)
	at com.kms.katalon.core.main.TestCaseMain.startTestSuite(TestCaseMain.java:142)
	at com.kms.katalon.core.main.TestCaseMain$startTestSuite$0.call(Unknown Source)
	at org.codehaus.groovy.runtime.callsite.CallSiteArray.defaultCall(CallSiteArray.java:48)
	at org.codehaus.groovy.runtime.callsite.AbstractCallSite.call(AbstractCallSite.java:113)
	at org.codehaus.groovy.runtime.callsite.AbstractCallSite.call(AbstractCallSite.java:141)
	at TempTestSuite1543842508132.run(TempTestSuite1543842508132.groovy:36)
	at groovy.lang.GroovyShell.runScriptOrMainOrTestOrRunnable(GroovyShell.java:263)
	at groovy.lang.GroovyShell.run(GroovyShell.java:518)
	at groovy.lang.GroovyShell.run(GroovyShell.java:507)
	at groovy.ui.GroovyMain.processOnce(GroovyMain.java:653)
	at groovy.ui.GroovyMain.run(GroovyMain.java:384)
	at groovy.ui.GroovyMain.process(GroovyMain.java:370)
	at groovy.ui.GroovyMain.processArgs(GroovyMain.java:129)
	at groovy.ui.GroovyMain.main(GroovyMain.java:109)
	at sun.reflect.NativeMethodAccessorImpl.invoke0(Native Method)
	at sun.reflect.NativeMethodAccessorImpl.invoke(NativeMethodAccessorImpl.java:62)
	at sun.reflect.DelegatingMethodAccessorImpl.invoke(DelegatingMethodAccessorImpl.java:43)
	at java.lang.reflect.Method.invoke(Method.java:498)
	at org.codehaus.groovy.tools.GroovyStarter.rootLoader(GroovyStarter.java:109)
	at org.codehaus.groovy.tools.GroovyStarter.main(GroovyStarter.java:131)
)]]></system-err>
   </testsuite>
</testsuites>
