<?xml version="1.0" encoding="UTF-8"?>
<testsuites name="MMA Merchandising Data Verification" time="1134" tests="2" failures="0" errors="0">
   <testsuite name="MMA Merchandising Data Verification" tests="2" failures="0" errors="0" time="1134" timestamp="2018-12-13 18:50:33" hostname="Fahad Shah - DESKTOP-L12UUAD" id="Test Suites/MMA Merchandising Data Verification">
      <properties>
         <property name="deviceName" value="samsung SM-J110H (Android 4.4.4)"/>
         <property name="devicePlatform" value=""/>
         <property name="logFolder" value="F:\\Git Projects\\MMA_Merchandising\\MMA_Merchandising\\Reports\\MMA Merchandising Data Verification\\20181213_185030"/>
         <property name="logFiles" value="F:\\Git Projects\\MMA_Merchandising\\MMA_Merchandising\\Reports\\MMA Merchandising Data Verification\\20181213_185030\\appium.log, F:\\Git Projects\\MMA_Merchandising\\MMA_Merchandising\\Reports\\MMA Merchandising Data Verification\\20181213_185030\\execution0.log"/>
         <property name="attachments" value=""/>
         <property name="hostName" value="Fahad Shah - DESKTOP-L12UUAD"/>
         <property name="os" value="Windows 10 64bit"/>
         <property name="katalonVersion" value="5.9.1.2"/>
         <property name="deviceOS" value="Android"/>
         <property name="appiumVersion" value="1.8.1"/>
         <property name="deviceModel" value="SM-J110H"/>
         <property name="hostAddress" value="192.168.3.221"/>
         <property name="deviceManufacturer" value="samsung"/>
         <property name="deviceId" value="11015a1136d0b24a"/>
         <property name="deviceName" value="samsung SM-J110H (Android 4.4.4)"/>
         <property name="deviceOSVersion" value="4.4.4"/>
      </properties>
      <testcase name="Test Cases/LaunchingApp/LaunchApp" classname="Test Cases/LaunchingApp/LaunchApp" status="PASSED">
         <system-out><![CDATA[2018-12-13 18:50:34 - [TEST_CASE][PASSED] - Test Cases/LaunchingApp/LaunchApp: Test Cases/LaunchingApp/LaunchApp

2018-12-13 18:50:34 - [TEST_STEP][PASSED] - startApplication("F:\QA_Automation\Builds\mmaplus_061218_local_v151.apk", false): Started app at: 'F:\QA_Automation\Builds\mmaplus_061218_local_v151.apk'

2018-12-13 18:50:35 - [MESSAGE][INFO] - User set preference: ['deviceId', '']

2018-12-13 18:50:40 - [MESSAGE][INFO] - Appium server started on port 57,664

2018-12-13 18:50:55 - [MESSAGE][PASSED] - Started app at: 'F:\QA_Automation\Builds\mmaplus_061218_local_v151.apk'

2018-12-13 18:50:55 - [TEST_STEP][PASSED] - delay(5): Delayed 5 second(s)

2018-12-13 18:51:00 - [MESSAGE][PASSED] - Delayed 5 second(s)]]></system-out>
         <system-err><![CDATA[]]></system-err>
      </testcase>
      <testcase name="Test Cases/VisitShopScenarios/VisitShopsWithDataVerification" classname="Test Cases/VisitShopScenarios/VisitShopsWithDataVerification" status="PASSED">
         <system-out><![CDATA[2018-12-13 18:51:00 - [TEST_CASE][PASSED] - Test Cases/VisitShopScenarios/VisitShopsWithDataVerification: Test Cases/VisitShopScenarios/VisitShopsWithDataVerification

2018-12-13 18:51:00 - [TEST_STEP][PASSED] - verifyElementText(findTestObject("DashboardScreenElements/Validate_DashboardScreen", ["package":PACKAGENAME]), "Dashboard"): Actual text and expected text of test object 'Object Repository/DashboardScreenElements/Validate_DashboardScreen' are matched.

2018-12-13 18:51:05 - [MESSAGE][PASSED] - Actual text and expected text of test object 'Object Repository/DashboardScreenElements/Validate_DashboardScreen' are matched.

2018-12-13 18:51:05 - [TEST_STEP][PASSED] - com.ct.qa.keywords.CommonKeywords.selectday(): com.ct.qa.keywords.CommonKeywords.selectday is PASSED

2018-12-13 18:51:05 - [MESSAGE][WARNING] - Timeout '0' is invalid. Using default page load timeout: '5'

2018-12-13 18:51:06 - [MESSAGE][PASSED] - Tapped on element 'Object Repository/DashboardScreenElements/DaysDropdownMenu'

2018-12-13 18:51:06 - [MESSAGE][WARNING] - Timeout '0' is invalid. Using default page load timeout: '5'

2018-12-13 18:51:07 - [MESSAGE][PASSED] - Element 'Object Repository/DashboardScreenElements/Validate_DaysListScreen' is exist

2018-12-13 18:51:08 - [MESSAGE][PASSED] - com.ct.qa.keywords.CommonKeywords.selectday is PASSED

2018-12-13 18:51:08 - [TEST_STEP][PASSED] - tap(findTestObject("DashboardScreenElements/StartYourDay", ["package":PACKAGENAME]), 0): Tapped on element 'Object Repository/DashboardScreenElements/StartYourDay'

2018-12-13 18:51:08 - [MESSAGE][WARNING] - Timeout '0' is invalid. Using default page load timeout: '5'

2018-12-13 18:51:09 - [MESSAGE][PASSED] - Tapped on element 'Object Repository/DashboardScreenElements/StartYourDay'

2018-12-13 18:51:09 - [TEST_STEP][PASSED] - verifyElementText(findTestObject("Validate_ShopListScreen", ["package":PACKAGENAME]), "Shops on Route"): Actual text and expected text of test object 'Object Repository/Validate_ShopListScreen' are matched.

2018-12-13 18:51:11 - [MESSAGE][PASSED] - Actual text and expected text of test object 'Object Repository/Validate_ShopListScreen' are matched.

2018-12-13 18:51:11 - [TEST_STEP][PASSED] - com.ct.qa.keywords.ShopVisitingScenariosKeywords.visitShopWith_DataVerification(): com.ct.qa.keywords.ShopVisitingScenariosKeywords.visitShopWith_DataVerification is PASSED

2018-12-13 18:51:15 - [MESSAGE][PASSED] - Actual text and expected text of test object 'Object Repository/Validate_ShopOptionsScreen' are matched.

2018-12-13 18:51:16 - [MESSAGE][WARNING] - Timeout '0' is invalid. Using default page load timeout: '5'

2018-12-13 18:51:18 - [MESSAGE][PASSED] - Tapped on element 'Object Repository/StartWorking'

2018-12-13 18:51:33 - [MESSAGE][PASSED] - Delayed 15 second(s)

2018-12-13 18:51:34 - [MESSAGE][PASSED] - Element 'Object Repository/CommonScreenElements/Validate_MapScreen' is exist

2018-12-13 18:51:34 - [MESSAGE][WARNING] - Timeout '0' is invalid. Using default page load timeout: '5'

2018-12-13 18:51:35 - [MESSAGE][PASSED] - Tapped on element 'Object Repository/CommonScreenElements/Location_CheckIn'

2018-12-13 18:51:35 - [MESSAGE][WARNING] - Timeout '0' is invalid. Using default page load timeout: '5'

2018-12-13 18:51:36 - [MESSAGE][PASSED] - Element 'Object Repository/CommonScreenElements/Validate_InfoPopUP' is exist

2018-12-13 18:51:36 - [MESSAGE][WARNING] - Timeout '0' is invalid. Using default page load timeout: '5'

2018-12-13 18:51:38 - [MESSAGE][PASSED] - Tapped on element 'Object Repository/CommonScreenElements/InfoPopUp_NoButton'

2018-12-13 18:51:38 - [TEST_CASE][PASSED] - Test Cases/ShopOpen/VisitShopOpen: Test Cases/ShopOpen/VisitShopOpen

2018-12-13 18:51:38 - [TEST_STEP][PASSED] - verifyElementExist(findTestObject("ShopActions_List", ["package":PACKAGENAME]), 0): Element 'Object Repository/ShopActions_List' is exist

2018-12-13 18:51:38 - [MESSAGE][WARNING] - Timeout '0' is invalid. Using default page load timeout: '5'

2018-12-13 18:51:38 - [MESSAGE][PASSED] - Element 'Object Repository/ShopActions_List' is exist

2018-12-13 18:51:38 - [TEST_STEP][PASSED] - tap(findTestObject("ShopOpen/ShopOpen", ["package":PACKAGENAME]), 0): Tapped on element 'Object Repository/ShopOpen/ShopOpen'

2018-12-13 18:51:38 - [MESSAGE][WARNING] - Timeout '0' is invalid. Using default page load timeout: '5'

2018-12-13 18:51:41 - [MESSAGE][PASSED] - Tapped on element 'Object Repository/ShopOpen/ShopOpen'

2018-12-13 18:51:41 - [TEST_STEP][PASSED] - verifyElementExist(findTestObject("CommonScreenElements/Validate_CameraScreen", ["package":PACKAGENAME]), 0): Element 'Object Repository/CommonScreenElements/Validate_CameraScreen' is exist

2018-12-13 18:51:41 - [MESSAGE][WARNING] - Timeout '0' is invalid. Using default page load timeout: '5'

2018-12-13 18:51:42 - [MESSAGE][PASSED] - Element 'Object Repository/CommonScreenElements/Validate_CameraScreen' is exist

2018-12-13 18:51:42 - [TEST_STEP][PASSED] - tap(findTestObject("CommonScreenElements/TakePictureButton", ["package":PACKAGENAME]), 0): Tapped on element 'Object Repository/CommonScreenElements/TakePictureButton'

2018-12-13 18:51:42 - [MESSAGE][WARNING] - Timeout '0' is invalid. Using default page load timeout: '5'

2018-12-13 18:51:45 - [MESSAGE][PASSED] - Tapped on element 'Object Repository/CommonScreenElements/TakePictureButton'

2018-12-13 18:51:45 - [TEST_STEP][PASSED] - delay(5): Delayed 5 second(s)

2018-12-13 18:51:50 - [MESSAGE][PASSED] - Delayed 5 second(s)

2018-12-13 18:51:50 - [TEST_STEP][PASSED] - tap(findTestObject("CommonScreenElements/DoneButton", ["package":PACKAGENAME]), 0): Tapped on element 'Object Repository/CommonScreenElements/DoneButton'

2018-12-13 18:51:50 - [MESSAGE][WARNING] - Timeout '0' is invalid. Using default page load timeout: '5'

2018-12-13 18:51:51 - [MESSAGE][PASSED] - Tapped on element 'Object Repository/CommonScreenElements/DoneButton'

2018-12-13 18:51:51 - [MESSAGE][PASSED] - Call Test Case 'Test Cases/ShopOpen/VisitShopOpen' successfully

2018-12-13 18:51:51 - [TEST_CASE][PASSED] - Test Cases/ShopOpen/VisitCategoryScenarios/VisitShopCategoriesWithDataVerification: Test Cases/ShopOpen/VisitCategoryScenarios/VisitShopCategoriesWithDataVerification

2018-12-13 18:51:51 - [TEST_STEP][PASSED] - verifyElementExist(findTestObject("ShopOpen/Validate_ShopCategoriesListScreen", ["package":PACKAGENAME]), 0): Element 'Object Repository/ShopOpen/Validate_ShopCategoriesListScreen' is exist

2018-12-13 18:51:51 - [MESSAGE][WARNING] - Timeout '0' is invalid. Using default page load timeout: '5'

2018-12-13 18:51:53 - [MESSAGE][PASSED] - Element 'Object Repository/ShopOpen/Validate_ShopCategoriesListScreen' is exist

2018-12-13 18:51:53 - [TEST_STEP][PASSED] - com.ct.qa.keywords.CategoryVisitingScenariosKeywords.visitShopCategoriesWithDataVerification(): com.ct.qa.keywords.CategoryVisitingScenariosKeywords.visitShopCategoriesWithDataVerification is PASSED

2018-12-13 18:51:58 - [MESSAGE][PASSED] - Swiped from 0,293 to 0,200

2018-12-13 18:52:02 - [MESSAGE][PASSED] - Swiped from 0,293 to 0,200

2018-12-13 18:52:06 - [MESSAGE][PASSED] - Swiped from 0,293 to 0,200

2018-12-13 18:52:09 - [MESSAGE][PASSED] - Swiped from 0,293 to 0,200

2018-12-13 18:52:13 - [MESSAGE][PASSED] - Swiped from 0,293 to 0,200

2018-12-13 18:52:17 - [MESSAGE][PASSED] - Swiped from 0,293 to 0,200

2018-12-13 18:52:21 - [MESSAGE][PASSED] - Swiped from 0,293 to 0,200

2018-12-13 18:52:25 - [MESSAGE][PASSED] - Swiped from 0,293 to 0,200

2018-12-13 18:52:29 - [MESSAGE][PASSED] - Swiped from 0,293 to 0,200

2018-12-13 18:52:31 - [MESSAGE][PASSED] - Swiped from 0,200 to 0,750

2018-12-13 18:52:32 - [MESSAGE][PASSED] - Swiped from 0,200 to 0,750

2018-12-13 18:52:36 - [MESSAGE][PASSED] - Actual text and expected text of test object 'Object Repository/ShopOpen/Chiller/Validate_ChillerScreen' are matched.

2018-12-13 18:52:37 - [TEST_CASE][PASSED] - Test Cases/ShopOpen/Chiller/VisitChillerWithChillerNotAllocated: Test Cases/ShopOpen/Chiller/VisitChillerWithChillerNotAllocated

2018-12-13 18:52:38 - [TEST_STEP][PASSED] - verifyElementText(findTestObject("ShopOpen/Chiller/Validate_ChillerNotAllocatedProductCategoryScreen", ["package":PACKAGENAME]), "Category:Chiller"): Actual text and expected text of test object 'Object Repository/ShopOpen/Chiller/Validate_ChillerNotAllocatedProductCategoryScreen' are matched.

2018-12-13 18:52:39 - [MESSAGE][PASSED] - Actual text and expected text of test object 'Object Repository/ShopOpen/Chiller/Validate_ChillerNotAllocatedProductCategoryScreen' are matched.

2018-12-13 18:52:39 - [TEST_STEP][PASSED] - com.ct.qa.keywords.ChannelProductsDataKeywords.visitChillerNotAllocatedProductCategories(1): com.ct.qa.keywords.ChannelProductsDataKeywords.visitChillerNotAllocatedProductCategories is PASSED

2018-12-13 18:52:42 - [TEST_CASE][PASSED] - Test Cases/ShopOpen/Chiller/VisitProductCategoryAssets: Test Cases/ShopOpen/Chiller/VisitProductCategoryAssets

2018-12-13 18:52:43 - [TEST_STEP][PASSED] - verifyElementText(findTestObject("ShopOpen/Chiller/Validate_ProductCategoryAssetsScreen", ["package":PACKAGENAME]), "Facing"): Actual text and expected text of test object 'Object Repository/ShopOpen/Chiller/Validate_ProductCategoryAssetsScreen' are matched.

2018-12-13 18:52:44 - [MESSAGE][PASSED] - Actual text and expected text of test object 'Object Repository/ShopOpen/Chiller/Validate_ProductCategoryAssetsScreen' are matched.

2018-12-13 18:52:44 - [TEST_STEP][PASSED] - tap(findTestObject("ShopOpen/Chiller/Facing", ["package":PACKAGENAME]), 0): Tapped on element 'Object Repository/ShopOpen/Chiller/Facing'

2018-12-13 18:52:44 - [MESSAGE][WARNING] - Timeout '0' is invalid. Using default page load timeout: '5'

2018-12-13 18:52:44 - [MESSAGE][PASSED] - Tapped on element 'Object Repository/ShopOpen/Chiller/Facing'

2018-12-13 18:52:44 - [TEST_STEP][PASSED] - verifyElementText(findTestObject("ShopOpen/Chiller/Validate_FacingScreen", ["package":PACKAGENAME]), "Facing"): Actual text and expected text of test object 'Object Repository/ShopOpen/Chiller/Validate_FacingScreen' are matched.

2018-12-13 18:52:46 - [MESSAGE][PASSED] - Actual text and expected text of test object 'Object Repository/ShopOpen/Chiller/Validate_FacingScreen' are matched.

2018-12-13 18:52:46 - [TEST_STEP][PASSED] - com.ct.qa.keywords.ChannelProductsDataKeywords.visitChannelWiseProductsData(CHANNEL_CHILLER_FACING, "Facing"): com.ct.qa.keywords.ChannelProductsDataKeywords.visitChannelWiseProductsData is PASSED

2018-12-13 18:52:50 - [MESSAGE][PASSED] - Keyboard is hidden

2018-12-13 18:52:53 - [MESSAGE][PASSED] - Keyboard is hidden

2018-12-13 18:52:56 - [MESSAGE][PASSED] - Keyboard is hidden

2018-12-13 18:52:59 - [MESSAGE][PASSED] - Keyboard is hidden

2018-12-13 18:53:02 - [MESSAGE][PASSED] - Keyboard is hidden

2018-12-13 18:53:04 - [MESSAGE][PASSED] - com.ct.qa.keywords.ChannelProductsDataKeywords.visitChannelWiseProductsData is PASSED

2018-12-13 18:53:04 - [TEST_STEP][PASSED] - tap(findTestObject("ShopOpen/Chiller/SubmitButton", ["package":PACKAGENAME]), 0): Tapped on element 'Object Repository/ShopOpen/Chiller/SubmitButton'

2018-12-13 18:53:04 - [MESSAGE][WARNING] - Timeout '0' is invalid. Using default page load timeout: '5'

2018-12-13 18:53:04 - [MESSAGE][PASSED] - Tapped on element 'Object Repository/ShopOpen/Chiller/SubmitButton'

2018-12-13 18:53:04 - [TEST_STEP][PASSED] - verifyElementText(findTestObject("ShopOpen/Chiller/Validate_ProductCategoryAssetsScreen", ["package":PACKAGENAME]), "Facing"): Actual text and expected text of test object 'Object Repository/ShopOpen/Chiller/Validate_ProductCategoryAssetsScreen' are matched.

2018-12-13 18:53:05 - [MESSAGE][PASSED] - Actual text and expected text of test object 'Object Repository/ShopOpen/Chiller/Validate_ProductCategoryAssetsScreen' are matched.

2018-12-13 18:53:05 - [TEST_STEP][PASSED] - tap(findTestObject("ShopOpen/Chiller/StockTaking", ["package":PACKAGENAME]), 0): Tapped on element 'Object Repository/ShopOpen/Chiller/StockTaking'

2018-12-13 18:53:05 - [MESSAGE][WARNING] - Timeout '0' is invalid. Using default page load timeout: '5'

2018-12-13 18:53:05 - [MESSAGE][PASSED] - Tapped on element 'Object Repository/ShopOpen/Chiller/StockTaking'

2018-12-13 18:53:05 - [TEST_STEP][PASSED] - verifyElementText(findTestObject("ShopOpen/Chiller/Validate_StockTakingScreen", ["package":PACKAGENAME]), "Stock Taking"): Actual text and expected text of test object 'Object Repository/ShopOpen/Chiller/Validate_StockTakingScreen' are matched.

2018-12-13 18:53:07 - [MESSAGE][PASSED] - Actual text and expected text of test object 'Object Repository/ShopOpen/Chiller/Validate_StockTakingScreen' are matched.

2018-12-13 18:53:07 - [TEST_STEP][PASSED] - com.ct.qa.keywords.ChannelProductsDataKeywords.visitChannelWiseProductsData(CHANNEL_CHILLER_STOCKTAKING, "Stock Taking"): com.ct.qa.keywords.ChannelProductsDataKeywords.visitChannelWiseProductsData is PASSED

2018-12-13 18:53:11 - [MESSAGE][PASSED] - Keyboard is hidden

2018-12-13 18:53:14 - [MESSAGE][PASSED] - Keyboard is hidden

2018-12-13 18:53:17 - [MESSAGE][PASSED] - Keyboard is hidden

2018-12-13 18:53:20 - [MESSAGE][PASSED] - Keyboard is hidden

2018-12-13 18:53:23 - [MESSAGE][PASSED] - Keyboard is hidden

2018-12-13 18:53:25 - [MESSAGE][PASSED] - com.ct.qa.keywords.ChannelProductsDataKeywords.visitChannelWiseProductsData is PASSED

2018-12-13 18:53:25 - [TEST_STEP][PASSED] - tap(findTestObject("ShopOpen/Chiller/SubmitButton", ["package":PACKAGENAME]), 0): Tapped on element 'Object Repository/ShopOpen/Chiller/SubmitButton'

2018-12-13 18:53:25 - [MESSAGE][WARNING] - Timeout '0' is invalid. Using default page load timeout: '5'

2018-12-13 18:53:25 - [MESSAGE][PASSED] - Tapped on element 'Object Repository/ShopOpen/Chiller/SubmitButton'

2018-12-13 18:53:25 - [TEST_STEP][PASSED] - verifyElementText(findTestObject("ShopOpen/Chiller/Validate_ProductCategoryAssetsScreen", ["package":PACKAGENAME]), "Facing"): Actual text and expected text of test object 'Object Repository/ShopOpen/Chiller/Validate_ProductCategoryAssetsScreen' are matched.

2018-12-13 18:53:26 - [MESSAGE][PASSED] - Actual text and expected text of test object 'Object Repository/ShopOpen/Chiller/Validate_ProductCategoryAssetsScreen' are matched.

2018-12-13 18:53:26 - [TEST_STEP][PASSED] - tap(findTestObject("ShopOpen/Chiller/ChillerNotAllocatedProductCategory_BackButton", ["package":PACKAGENAME]), 0): Tapped on element 'Object Repository/ShopOpen/Chiller/ChillerNotAllocatedProductCategory_BackButton'

2018-12-13 18:53:26 - [MESSAGE][WARNING] - Timeout '0' is invalid. Using default page load timeout: '5'

2018-12-13 18:53:26 - [MESSAGE][PASSED] - Tapped on element 'Object Repository/ShopOpen/Chiller/ChillerNotAllocatedProductCategory_BackButton'

2018-12-13 18:53:26 - [MESSAGE][PASSED] - Call Test Case 'Test Cases/ShopOpen/Chiller/VisitProductCategoryAssets' successfully

2018-12-13 18:53:27 - [MESSAGE][PASSED] - Actual text and expected text of test object 'Object Repository/ShopOpen/Chiller/Validate_ChillerNotAllocatedProductCategoryScreen' are matched.

2018-12-13 18:53:28 - [TEST_CASE][PASSED] - Test Cases/ShopOpen/Chiller/VisitProductCategoryAssets: Test Cases/ShopOpen/Chiller/VisitProductCategoryAssets

2018-12-13 18:53:28 - [TEST_STEP][PASSED] - verifyElementText(findTestObject("ShopOpen/Chiller/Validate_ProductCategoryAssetsScreen", ["package":PACKAGENAME]), "Facing"): Actual text and expected text of test object 'Object Repository/ShopOpen/Chiller/Validate_ProductCategoryAssetsScreen' are matched.

2018-12-13 18:53:30 - [MESSAGE][PASSED] - Actual text and expected text of test object 'Object Repository/ShopOpen/Chiller/Validate_ProductCategoryAssetsScreen' are matched.

2018-12-13 18:53:30 - [TEST_STEP][PASSED] - tap(findTestObject("ShopOpen/Chiller/Facing", ["package":PACKAGENAME]), 0): Tapped on element 'Object Repository/ShopOpen/Chiller/Facing'

2018-12-13 18:53:30 - [MESSAGE][WARNING] - Timeout '0' is invalid. Using default page load timeout: '5'

2018-12-13 18:53:30 - [MESSAGE][PASSED] - Tapped on element 'Object Repository/ShopOpen/Chiller/Facing'

2018-12-13 18:53:30 - [TEST_STEP][PASSED] - verifyElementText(findTestObject("ShopOpen/Chiller/Validate_FacingScreen", ["package":PACKAGENAME]), "Facing"): Actual text and expected text of test object 'Object Repository/ShopOpen/Chiller/Validate_FacingScreen' are matched.

2018-12-13 18:53:32 - [MESSAGE][PASSED] - Actual text and expected text of test object 'Object Repository/ShopOpen/Chiller/Validate_FacingScreen' are matched.

2018-12-13 18:53:32 - [TEST_STEP][PASSED] - com.ct.qa.keywords.ChannelProductsDataKeywords.visitChannelWiseProductsData(CHANNEL_CHILLER_FACING, "Facing"): com.ct.qa.keywords.ChannelProductsDataKeywords.visitChannelWiseProductsData is PASSED

2018-12-13 18:53:36 - [MESSAGE][PASSED] - Keyboard is hidden

2018-12-13 18:53:39 - [MESSAGE][PASSED] - Keyboard is hidden

2018-12-13 18:53:42 - [MESSAGE][PASSED] - Keyboard is hidden

2018-12-13 18:53:43 - [MESSAGE][PASSED] - com.ct.qa.keywords.ChannelProductsDataKeywords.visitChannelWiseProductsData is PASSED

2018-12-13 18:53:43 - [TEST_STEP][PASSED] - tap(findTestObject("ShopOpen/Chiller/SubmitButton", ["package":PACKAGENAME]), 0): Tapped on element 'Object Repository/ShopOpen/Chiller/SubmitButton'

2018-12-13 18:53:43 - [MESSAGE][WARNING] - Timeout '0' is invalid. Using default page load timeout: '5'

2018-12-13 18:53:44 - [MESSAGE][PASSED] - Tapped on element 'Object Repository/ShopOpen/Chiller/SubmitButton'

2018-12-13 18:53:44 - [TEST_STEP][PASSED] - verifyElementText(findTestObject("ShopOpen/Chiller/Validate_ProductCategoryAssetsScreen", ["package":PACKAGENAME]), "Facing"): Actual text and expected text of test object 'Object Repository/ShopOpen/Chiller/Validate_ProductCategoryAssetsScreen' are matched.

2018-12-13 18:53:45 - [MESSAGE][PASSED] - Actual text and expected text of test object 'Object Repository/ShopOpen/Chiller/Validate_ProductCategoryAssetsScreen' are matched.

2018-12-13 18:53:45 - [TEST_STEP][PASSED] - tap(findTestObject("ShopOpen/Chiller/StockTaking", ["package":PACKAGENAME]), 0): Tapped on element 'Object Repository/ShopOpen/Chiller/StockTaking'

2018-12-13 18:53:45 - [MESSAGE][WARNING] - Timeout '0' is invalid. Using default page load timeout: '5'

2018-12-13 18:53:45 - [MESSAGE][PASSED] - Tapped on element 'Object Repository/ShopOpen/Chiller/StockTaking'

2018-12-13 18:53:45 - [TEST_STEP][PASSED] - verifyElementText(findTestObject("ShopOpen/Chiller/Validate_StockTakingScreen", ["package":PACKAGENAME]), "Stock Taking"): Actual text and expected text of test object 'Object Repository/ShopOpen/Chiller/Validate_StockTakingScreen' are matched.

2018-12-13 18:53:47 - [MESSAGE][PASSED] - Actual text and expected text of test object 'Object Repository/ShopOpen/Chiller/Validate_StockTakingScreen' are matched.

2018-12-13 18:53:47 - [TEST_STEP][PASSED] - com.ct.qa.keywords.ChannelProductsDataKeywords.visitChannelWiseProductsData(CHANNEL_CHILLER_STOCKTAKING, "Stock Taking"): com.ct.qa.keywords.ChannelProductsDataKeywords.visitChannelWiseProductsData is PASSED

2018-12-13 18:53:51 - [MESSAGE][PASSED] - Keyboard is hidden

2018-12-13 18:53:54 - [MESSAGE][PASSED] - Keyboard is hidden

2018-12-13 18:53:57 - [MESSAGE][PASSED] - Keyboard is hidden

2018-12-13 18:53:58 - [MESSAGE][PASSED] - com.ct.qa.keywords.ChannelProductsDataKeywords.visitChannelWiseProductsData is PASSED

2018-12-13 18:53:58 - [TEST_STEP][PASSED] - tap(findTestObject("ShopOpen/Chiller/SubmitButton", ["package":PACKAGENAME]), 0): Tapped on element 'Object Repository/ShopOpen/Chiller/SubmitButton'

2018-12-13 18:53:58 - [MESSAGE][WARNING] - Timeout '0' is invalid. Using default page load timeout: '5'

2018-12-13 18:53:59 - [MESSAGE][PASSED] - Tapped on element 'Object Repository/ShopOpen/Chiller/SubmitButton'

2018-12-13 18:53:59 - [TEST_STEP][PASSED] - verifyElementText(findTestObject("ShopOpen/Chiller/Validate_ProductCategoryAssetsScreen", ["package":PACKAGENAME]), "Facing"): Actual text and expected text of test object 'Object Repository/ShopOpen/Chiller/Validate_ProductCategoryAssetsScreen' are matched.

2018-12-13 18:54:00 - [MESSAGE][PASSED] - Actual text and expected text of test object 'Object Repository/ShopOpen/Chiller/Validate_ProductCategoryAssetsScreen' are matched.

2018-12-13 18:54:00 - [TEST_STEP][PASSED] - tap(findTestObject("ShopOpen/Chiller/ChillerNotAllocatedProductCategory_BackButton", ["package":PACKAGENAME]), 0): Tapped on element 'Object Repository/ShopOpen/Chiller/ChillerNotAllocatedProductCategory_BackButton'

2018-12-13 18:54:00 - [MESSAGE][WARNING] - Timeout '0' is invalid. Using default page load timeout: '5'

2018-12-13 18:54:00 - [MESSAGE][PASSED] - Tapped on element 'Object Repository/ShopOpen/Chiller/ChillerNotAllocatedProductCategory_BackButton'

2018-12-13 18:54:00 - [MESSAGE][PASSED] - Call Test Case 'Test Cases/ShopOpen/Chiller/VisitProductCategoryAssets' successfully

2018-12-13 18:54:01 - [MESSAGE][PASSED] - Actual text and expected text of test object 'Object Repository/ShopOpen/Chiller/Validate_ChillerNotAllocatedProductCategoryScreen' are matched.

2018-12-13 18:54:02 - [TEST_CASE][PASSED] - Test Cases/ShopOpen/Chiller/VisitProductCategoryAssets: Test Cases/ShopOpen/Chiller/VisitProductCategoryAssets

2018-12-13 18:54:02 - [TEST_STEP][PASSED] - verifyElementText(findTestObject("ShopOpen/Chiller/Validate_ProductCategoryAssetsScreen", ["package":PACKAGENAME]), "Facing"): Actual text and expected text of test object 'Object Repository/ShopOpen/Chiller/Validate_ProductCategoryAssetsScreen' are matched.

2018-12-13 18:54:04 - [MESSAGE][PASSED] - Actual text and expected text of test object 'Object Repository/ShopOpen/Chiller/Validate_ProductCategoryAssetsScreen' are matched.

2018-12-13 18:54:04 - [TEST_STEP][PASSED] - tap(findTestObject("ShopOpen/Chiller/Facing", ["package":PACKAGENAME]), 0): Tapped on element 'Object Repository/ShopOpen/Chiller/Facing'

2018-12-13 18:54:04 - [MESSAGE][WARNING] - Timeout '0' is invalid. Using default page load timeout: '5'

2018-12-13 18:54:04 - [MESSAGE][PASSED] - Tapped on element 'Object Repository/ShopOpen/Chiller/Facing'

2018-12-13 18:54:04 - [TEST_STEP][PASSED] - verifyElementText(findTestObject("ShopOpen/Chiller/Validate_FacingScreen", ["package":PACKAGENAME]), "Facing"): Actual text and expected text of test object 'Object Repository/ShopOpen/Chiller/Validate_FacingScreen' are matched.

2018-12-13 18:54:06 - [MESSAGE][PASSED] - Actual text and expected text of test object 'Object Repository/ShopOpen/Chiller/Validate_FacingScreen' are matched.

2018-12-13 18:54:06 - [TEST_STEP][PASSED] - com.ct.qa.keywords.ChannelProductsDataKeywords.visitChannelWiseProductsData(CHANNEL_CHILLER_FACING, "Facing"): com.ct.qa.keywords.ChannelProductsDataKeywords.visitChannelWiseProductsData is PASSED

2018-12-13 18:54:10 - [MESSAGE][PASSED] - Keyboard is hidden

2018-12-13 18:54:11 - [MESSAGE][PASSED] - com.ct.qa.keywords.ChannelProductsDataKeywords.visitChannelWiseProductsData is PASSED

2018-12-13 18:54:11 - [TEST_STEP][PASSED] - tap(findTestObject("ShopOpen/Chiller/SubmitButton", ["package":PACKAGENAME]), 0): Tapped on element 'Object Repository/ShopOpen/Chiller/SubmitButton'

2018-12-13 18:54:11 - [MESSAGE][WARNING] - Timeout '0' is invalid. Using default page load timeout: '5'

2018-12-13 18:54:11 - [MESSAGE][PASSED] - Tapped on element 'Object Repository/ShopOpen/Chiller/SubmitButton'

2018-12-13 18:54:11 - [TEST_STEP][PASSED] - verifyElementText(findTestObject("ShopOpen/Chiller/Validate_ProductCategoryAssetsScreen", ["package":PACKAGENAME]), "Facing"): Actual text and expected text of test object 'Object Repository/ShopOpen/Chiller/Validate_ProductCategoryAssetsScreen' are matched.

2018-12-13 18:54:12 - [MESSAGE][PASSED] - Actual text and expected text of test object 'Object Repository/ShopOpen/Chiller/Validate_ProductCategoryAssetsScreen' are matched.

2018-12-13 18:54:12 - [TEST_STEP][PASSED] - tap(findTestObject("ShopOpen/Chiller/StockTaking", ["package":PACKAGENAME]), 0): Tapped on element 'Object Repository/ShopOpen/Chiller/StockTaking'

2018-12-13 18:54:12 - [MESSAGE][WARNING] - Timeout '0' is invalid. Using default page load timeout: '5'

2018-12-13 18:54:12 - [MESSAGE][PASSED] - Tapped on element 'Object Repository/ShopOpen/Chiller/StockTaking'

2018-12-13 18:54:12 - [TEST_STEP][PASSED] - verifyElementText(findTestObject("ShopOpen/Chiller/Validate_StockTakingScreen", ["package":PACKAGENAME]), "Stock Taking"): Actual text and expected text of test object 'Object Repository/ShopOpen/Chiller/Validate_StockTakingScreen' are matched.

2018-12-13 18:54:14 - [MESSAGE][PASSED] - Actual text and expected text of test object 'Object Repository/ShopOpen/Chiller/Validate_StockTakingScreen' are matched.

2018-12-13 18:54:14 - [TEST_STEP][PASSED] - com.ct.qa.keywords.ChannelProductsDataKeywords.visitChannelWiseProductsData(CHANNEL_CHILLER_STOCKTAKING, "Stock Taking"): com.ct.qa.keywords.ChannelProductsDataKeywords.visitChannelWiseProductsData is PASSED

2018-12-13 18:54:17 - [MESSAGE][PASSED] - Keyboard is hidden

2018-12-13 18:54:18 - [MESSAGE][PASSED] - com.ct.qa.keywords.ChannelProductsDataKeywords.visitChannelWiseProductsData is PASSED

2018-12-13 18:54:18 - [TEST_STEP][PASSED] - tap(findTestObject("ShopOpen/Chiller/SubmitButton", ["package":PACKAGENAME]), 0): Tapped on element 'Object Repository/ShopOpen/Chiller/SubmitButton'

2018-12-13 18:54:18 - [MESSAGE][WARNING] - Timeout '0' is invalid. Using default page load timeout: '5'

2018-12-13 18:54:18 - [MESSAGE][PASSED] - Tapped on element 'Object Repository/ShopOpen/Chiller/SubmitButton'

2018-12-13 18:54:18 - [TEST_STEP][PASSED] - verifyElementText(findTestObject("ShopOpen/Chiller/Validate_ProductCategoryAssetsScreen", ["package":PACKAGENAME]), "Facing"): Actual text and expected text of test object 'Object Repository/ShopOpen/Chiller/Validate_ProductCategoryAssetsScreen' are matched.

2018-12-13 18:54:19 - [MESSAGE][PASSED] - Actual text and expected text of test object 'Object Repository/ShopOpen/Chiller/Validate_ProductCategoryAssetsScreen' are matched.

2018-12-13 18:54:19 - [TEST_STEP][PASSED] - tap(findTestObject("ShopOpen/Chiller/ChillerNotAllocatedProductCategory_BackButton", ["package":PACKAGENAME]), 0): Tapped on element 'Object Repository/ShopOpen/Chiller/ChillerNotAllocatedProductCategory_BackButton'

2018-12-13 18:54:19 - [MESSAGE][WARNING] - Timeout '0' is invalid. Using default page load timeout: '5'

2018-12-13 18:54:20 - [MESSAGE][PASSED] - Tapped on element 'Object Repository/ShopOpen/Chiller/ChillerNotAllocatedProductCategory_BackButton'

2018-12-13 18:54:20 - [MESSAGE][PASSED] - Call Test Case 'Test Cases/ShopOpen/Chiller/VisitProductCategoryAssets' successfully

2018-12-13 18:54:21 - [MESSAGE][PASSED] - Actual text and expected text of test object 'Object Repository/ShopOpen/Chiller/Validate_ChillerNotAllocatedProductCategoryScreen' are matched.

2018-12-13 18:54:21 - [TEST_CASE][PASSED] - Test Cases/ShopOpen/Chiller/VisitProductCategoryAssets: Test Cases/ShopOpen/Chiller/VisitProductCategoryAssets

2018-12-13 18:54:21 - [TEST_STEP][PASSED] - verifyElementText(findTestObject("ShopOpen/Chiller/Validate_ProductCategoryAssetsScreen", ["package":PACKAGENAME]), "Facing"): Actual text and expected text of test object 'Object Repository/ShopOpen/Chiller/Validate_ProductCategoryAssetsScreen' are matched.

2018-12-13 18:54:23 - [MESSAGE][PASSED] - Actual text and expected text of test object 'Object Repository/ShopOpen/Chiller/Validate_ProductCategoryAssetsScreen' are matched.

2018-12-13 18:54:23 - [TEST_STEP][PASSED] - tap(findTestObject("ShopOpen/Chiller/Facing", ["package":PACKAGENAME]), 0): Tapped on element 'Object Repository/ShopOpen/Chiller/Facing'

2018-12-13 18:54:23 - [MESSAGE][WARNING] - Timeout '0' is invalid. Using default page load timeout: '5'

2018-12-13 18:54:23 - [MESSAGE][PASSED] - Tapped on element 'Object Repository/ShopOpen/Chiller/Facing'

2018-12-13 18:54:23 - [TEST_STEP][PASSED] - verifyElementText(findTestObject("ShopOpen/Chiller/Validate_FacingScreen", ["package":PACKAGENAME]), "Facing"): Actual text and expected text of test object 'Object Repository/ShopOpen/Chiller/Validate_FacingScreen' are matched.

2018-12-13 18:54:25 - [MESSAGE][PASSED] - Actual text and expected text of test object 'Object Repository/ShopOpen/Chiller/Validate_FacingScreen' are matched.

2018-12-13 18:54:25 - [TEST_STEP][PASSED] - com.ct.qa.keywords.ChannelProductsDataKeywords.visitChannelWiseProductsData(CHANNEL_CHILLER_FACING, "Facing"): com.ct.qa.keywords.ChannelProductsDataKeywords.visitChannelWiseProductsData is PASSED

2018-12-13 18:54:30 - [MESSAGE][PASSED] - Keyboard is hidden

2018-12-13 18:54:33 - [MESSAGE][PASSED] - Keyboard is hidden

2018-12-13 18:54:36 - [MESSAGE][PASSED] - Keyboard is hidden

2018-12-13 18:54:39 - [MESSAGE][PASSED] - Keyboard is hidden

2018-12-13 18:54:42 - [MESSAGE][PASSED] - Keyboard is hidden

2018-12-13 18:54:45 - [MESSAGE][PASSED] - Keyboard is hidden

2018-12-13 18:54:49 - [MESSAGE][PASSED] - Swiped from 23,359 to 23,250

2018-12-13 18:54:52 - [MESSAGE][PASSED] - Keyboard is hidden

2018-12-13 18:54:54 - [MESSAGE][PASSED] - Swiped from 23,359 to 23,250

2018-12-13 18:54:55 - [MESSAGE][PASSED] - com.ct.qa.keywords.ChannelProductsDataKeywords.visitChannelWiseProductsData is PASSED

2018-12-13 18:54:55 - [TEST_STEP][PASSED] - tap(findTestObject("ShopOpen/Chiller/SubmitButton", ["package":PACKAGENAME]), 0): Tapped on element 'Object Repository/ShopOpen/Chiller/SubmitButton'

2018-12-13 18:54:55 - [MESSAGE][WARNING] - Timeout '0' is invalid. Using default page load timeout: '5'

2018-12-13 18:54:55 - [MESSAGE][PASSED] - Tapped on element 'Object Repository/ShopOpen/Chiller/SubmitButton'

2018-12-13 18:54:55 - [TEST_STEP][PASSED] - verifyElementText(findTestObject("ShopOpen/Chiller/Validate_ProductCategoryAssetsScreen", ["package":PACKAGENAME]), "Facing"): Actual text and expected text of test object 'Object Repository/ShopOpen/Chiller/Validate_ProductCategoryAssetsScreen' are matched.

2018-12-13 18:54:56 - [MESSAGE][PASSED] - Actual text and expected text of test object 'Object Repository/ShopOpen/Chiller/Validate_ProductCategoryAssetsScreen' are matched.

2018-12-13 18:54:56 - [TEST_STEP][PASSED] - tap(findTestObject("ShopOpen/Chiller/StockTaking", ["package":PACKAGENAME]), 0): Tapped on element 'Object Repository/ShopOpen/Chiller/StockTaking'

2018-12-13 18:54:56 - [MESSAGE][WARNING] - Timeout '0' is invalid. Using default page load timeout: '5'

2018-12-13 18:54:56 - [MESSAGE][PASSED] - Tapped on element 'Object Repository/ShopOpen/Chiller/StockTaking'

2018-12-13 18:54:56 - [TEST_STEP][PASSED] - verifyElementText(findTestObject("ShopOpen/Chiller/Validate_StockTakingScreen", ["package":PACKAGENAME]), "Stock Taking"): Actual text and expected text of test object 'Object Repository/ShopOpen/Chiller/Validate_StockTakingScreen' are matched.

2018-12-13 18:54:58 - [MESSAGE][PASSED] - Actual text and expected text of test object 'Object Repository/ShopOpen/Chiller/Validate_StockTakingScreen' are matched.

2018-12-13 18:54:58 - [TEST_STEP][PASSED] - com.ct.qa.keywords.ChannelProductsDataKeywords.visitChannelWiseProductsData(CHANNEL_CHILLER_STOCKTAKING, "Stock Taking"): com.ct.qa.keywords.ChannelProductsDataKeywords.visitChannelWiseProductsData is PASSED

2018-12-13 18:55:04 - [MESSAGE][PASSED] - Keyboard is hidden

2018-12-13 18:55:07 - [MESSAGE][PASSED] - Keyboard is hidden

2018-12-13 18:55:10 - [MESSAGE][PASSED] - Keyboard is hidden

2018-12-13 18:55:13 - [MESSAGE][PASSED] - Keyboard is hidden

2018-12-13 18:55:16 - [MESSAGE][PASSED] - Keyboard is hidden

2018-12-13 18:55:19 - [MESSAGE][PASSED] - Keyboard is hidden

2018-12-13 18:55:22 - [MESSAGE][PASSED] - Swiped from 23,359 to 23,250

2018-12-13 18:55:25 - [MESSAGE][PASSED] - Keyboard is hidden

2018-12-13 18:55:27 - [MESSAGE][PASSED] - Swiped from 23,359 to 23,250

2018-12-13 18:55:28 - [MESSAGE][PASSED] - com.ct.qa.keywords.ChannelProductsDataKeywords.visitChannelWiseProductsData is PASSED

2018-12-13 18:55:28 - [TEST_STEP][PASSED] - tap(findTestObject("ShopOpen/Chiller/SubmitButton", ["package":PACKAGENAME]), 0): Tapped on element 'Object Repository/ShopOpen/Chiller/SubmitButton'

2018-12-13 18:55:28 - [MESSAGE][WARNING] - Timeout '0' is invalid. Using default page load timeout: '5'

2018-12-13 18:55:28 - [MESSAGE][PASSED] - Tapped on element 'Object Repository/ShopOpen/Chiller/SubmitButton'

2018-12-13 18:55:28 - [TEST_STEP][PASSED] - verifyElementText(findTestObject("ShopOpen/Chiller/Validate_ProductCategoryAssetsScreen", ["package":PACKAGENAME]), "Facing"): Actual text and expected text of test object 'Object Repository/ShopOpen/Chiller/Validate_ProductCategoryAssetsScreen' are matched.

2018-12-13 18:55:29 - [MESSAGE][PASSED] - Actual text and expected text of test object 'Object Repository/ShopOpen/Chiller/Validate_ProductCategoryAssetsScreen' are matched.

2018-12-13 18:55:29 - [TEST_STEP][PASSED] - tap(findTestObject("ShopOpen/Chiller/ChillerNotAllocatedProductCategory_BackButton", ["package":PACKAGENAME]), 0): Tapped on element 'Object Repository/ShopOpen/Chiller/ChillerNotAllocatedProductCategory_BackButton'

2018-12-13 18:55:29 - [MESSAGE][WARNING] - Timeout '0' is invalid. Using default page load timeout: '5'

2018-12-13 18:55:30 - [MESSAGE][PASSED] - Tapped on element 'Object Repository/ShopOpen/Chiller/ChillerNotAllocatedProductCategory_BackButton'

2018-12-13 18:55:30 - [MESSAGE][PASSED] - Call Test Case 'Test Cases/ShopOpen/Chiller/VisitProductCategoryAssets' successfully

2018-12-13 18:55:31 - [MESSAGE][PASSED] - Actual text and expected text of test object 'Object Repository/ShopOpen/Chiller/Validate_ChillerNotAllocatedProductCategoryScreen' are matched.

2018-12-13 18:55:31 - [MESSAGE][PASSED] - com.ct.qa.keywords.ChannelProductsDataKeywords.visitChillerNotAllocatedProductCategories is PASSED

2018-12-13 18:55:31 - [TEST_STEP][PASSED] - verifyElementText(findTestObject("ShopOpen/Chiller/Validate_ChillerNotAllocatedProductCategoryScreen", ["package":PACKAGENAME]), "Category:Chiller"): Actual text and expected text of test object 'Object Repository/ShopOpen/Chiller/Validate_ChillerNotAllocatedProductCategoryScreen' are matched.

2018-12-13 18:55:31 - [MESSAGE][PASSED] - Actual text and expected text of test object 'Object Repository/ShopOpen/Chiller/Validate_ChillerNotAllocatedProductCategoryScreen' are matched.

2018-12-13 18:55:31 - [TEST_STEP][PASSED] - com.ct.qa.keywords.CommonKeywords.visitPlanogramImageViewButton(): com.ct.qa.keywords.CommonKeywords.visitPlanogramImageViewButton is PASSED

2018-12-13 18:55:33 - [MESSAGE][WARNING] - Timeout '0' is invalid. Using default page load timeout: '5'

2018-12-13 18:55:35 - [MESSAGE][PASSED] - Tapped on element 'Object Repository/CommonScreenElements/InfoPopUp_OKButton'

2018-12-13 18:55:36 - [MESSAGE][PASSED] - com.ct.qa.keywords.CommonKeywords.visitPlanogramImageViewButton is PASSED

2018-12-13 18:55:36 - [TEST_STEP][PASSED] - verifyElementText(findTestObject("ShopOpen/Chiller/Validate_ChillerNotAllocatedProductCategoryScreen", ["package":PACKAGENAME]), "Category:Chiller"): Actual text and expected text of test object 'Object Repository/ShopOpen/Chiller/Validate_ChillerNotAllocatedProductCategoryScreen' are matched.

2018-12-13 18:55:37 - [MESSAGE][PASSED] - Actual text and expected text of test object 'Object Repository/ShopOpen/Chiller/Validate_ChillerNotAllocatedProductCategoryScreen' are matched.

2018-12-13 18:55:37 - [TEST_STEP][PASSED] - com.ct.qa.keywords.CommonKeywords.visitPictureImageViewButton(): com.ct.qa.keywords.CommonKeywords.visitPictureImageViewButton is PASSED

2018-12-13 18:55:40 - [MESSAGE][WARNING] - Timeout '0' is invalid. Using default page load timeout: '5'

2018-12-13 18:55:41 - [MESSAGE][PASSED] - Element 'Object Repository/CommonScreenElements/Validate_CameraScreen' is exist

2018-12-13 18:55:41 - [MESSAGE][WARNING] - Timeout '0' is invalid. Using default page load timeout: '5'

2018-12-13 18:55:44 - [MESSAGE][PASSED] - Tapped on element 'Object Repository/CommonScreenElements/TakePictureButton'

2018-12-13 18:55:49 - [MESSAGE][PASSED] - Delayed 5 second(s)

2018-12-13 18:55:49 - [MESSAGE][WARNING] - Timeout '0' is invalid. Using default page load timeout: '5'

2018-12-13 18:55:50 - [MESSAGE][PASSED] - Tapped on element 'Object Repository/CommonScreenElements/DoneButton'

2018-12-13 18:55:50 - [MESSAGE][PASSED] - com.ct.qa.keywords.CommonKeywords.visitPictureImageViewButton is PASSED

2018-12-13 18:55:50 - [TEST_STEP][PASSED] - verifyElementText(findTestObject("ShopOpen/Chiller/Validate_ChillerNotAllocatedProductCategoryScreen", ["package":PACKAGENAME]), "Category:Chiller"): Actual text and expected text of test object 'Object Repository/ShopOpen/Chiller/Validate_ChillerNotAllocatedProductCategoryScreen' are matched.

2018-12-13 18:55:51 - [MESSAGE][PASSED] - Actual text and expected text of test object 'Object Repository/ShopOpen/Chiller/Validate_ChillerNotAllocatedProductCategoryScreen' are matched.

2018-12-13 18:55:51 - [TEST_STEP][PASSED] - com.ct.qa.keywords.CommonKeywords.visitBackImageViewButton(): com.ct.qa.keywords.CommonKeywords.visitBackImageViewButton is PASSED

2018-12-13 18:55:52 - [MESSAGE][PASSED] - com.ct.qa.keywords.CommonKeywords.visitBackImageViewButton is PASSED

2018-12-13 18:55:52 - [TEST_STEP][PASSED] - verifyElementExist(findTestObject("ShopOpen/Validate_ShopCategoriesListScreen", ["package":PACKAGENAME]), 0): Element 'Object Repository/ShopOpen/Validate_ShopCategoriesListScreen' is exist

2018-12-13 18:55:52 - [MESSAGE][WARNING] - Timeout '0' is invalid. Using default page load timeout: '5'

2018-12-13 18:55:54 - [MESSAGE][PASSED] - Element 'Object Repository/ShopOpen/Validate_ShopCategoriesListScreen' is exist

2018-12-13 18:55:54 - [MESSAGE][PASSED] - Call Test Case 'Test Cases/ShopOpen/Chiller/VisitChillerWithChillerNotAllocated' successfully

2018-12-13 18:55:56 - [MESSAGE][PASSED] - Actual text and expected text of test object 'Object Repository/ShopOpen/RemainingCategories/Validate_MainCategoryDetailScreen' are matched.

2018-12-13 18:55:57 - [TEST_CASE][PASSED] - Test Cases/ShopOpen/RemainingCategories/VisitRemainingCategoriesWithDSA: Test Cases/ShopOpen/RemainingCategories/VisitRemainingCategoriesWithDSA

2018-12-13 18:55:58 - [TEST_STEP][PASSED] - verifyElementText(findTestObject("ShopOpen/RemainingCategories/Validate_ProductCategoryAssetScreen", ["package":PACKAGENAME]), "Facing"): Actual text and expected text of test object 'Object Repository/ShopOpen/RemainingCategories/Validate_ProductCategoryAssetScreen' are matched.

2018-12-13 18:55:59 - [MESSAGE][PASSED] - Actual text and expected text of test object 'Object Repository/ShopOpen/RemainingCategories/Validate_ProductCategoryAssetScreen' are matched.

2018-12-13 18:55:59 - [TEST_STEP][PASSED] - tap(findTestObject("ShopOpen/RemainingCategories/Facing", ["package":PACKAGENAME]), 0): Tapped on element 'Object Repository/ShopOpen/RemainingCategories/Facing'

2018-12-13 18:55:59 - [MESSAGE][WARNING] - Timeout '0' is invalid. Using default page load timeout: '5'

2018-12-13 18:55:59 - [MESSAGE][PASSED] - Tapped on element 'Object Repository/ShopOpen/RemainingCategories/Facing'

2018-12-13 18:55:59 - [TEST_STEP][PASSED] - verifyElementText(findTestObject("ShopOpen/RemainingCategories/Validate_FacingScreen", ["package":PACKAGENAME]), "Facing"): Actual text and expected text of test object 'Object Repository/ShopOpen/RemainingCategories/Validate_FacingScreen' are matched.

2018-12-13 18:56:01 - [MESSAGE][PASSED] - Actual text and expected text of test object 'Object Repository/ShopOpen/RemainingCategories/Validate_FacingScreen' are matched.

2018-12-13 18:56:01 - [TEST_STEP][PASSED] - com.ct.qa.keywords.ChannelProductsDataKeywords.visitChannelWiseProductsData(CHANNEL_DSA_FACING, "Facing"): com.ct.qa.keywords.ChannelProductsDataKeywords.visitChannelWiseProductsData is PASSED

2018-12-13 18:56:06 - [MESSAGE][PASSED] - Keyboard is hidden

2018-12-13 18:56:09 - [MESSAGE][PASSED] - Keyboard is hidden

2018-12-13 18:56:12 - [MESSAGE][PASSED] - Keyboard is hidden

2018-12-13 18:56:15 - [MESSAGE][PASSED] - Keyboard is hidden

2018-12-13 18:56:18 - [MESSAGE][PASSED] - Keyboard is hidden

2018-12-13 18:56:21 - [MESSAGE][PASSED] - Keyboard is hidden

2018-12-13 18:56:25 - [MESSAGE][PASSED] - Swiped from 114,359 to 114,250

2018-12-13 18:56:28 - [MESSAGE][PASSED] - Keyboard is hidden

2018-12-13 18:56:30 - [MESSAGE][PASSED] - Swiped from 114,359 to 114,250

2018-12-13 18:56:31 - [MESSAGE][PASSED] - com.ct.qa.keywords.ChannelProductsDataKeywords.visitChannelWiseProductsData is PASSED

2018-12-13 18:56:31 - [TEST_STEP][PASSED] - tap(findTestObject("ShopOpen/RemainingCategories/SubmitButton", ["package":PACKAGENAME]), 0): Tapped on element 'Object Repository/ShopOpen/RemainingCategories/SubmitButton'

2018-12-13 18:56:31 - [MESSAGE][WARNING] - Timeout '0' is invalid. Using default page load timeout: '5'

2018-12-13 18:56:32 - [MESSAGE][PASSED] - Tapped on element 'Object Repository/ShopOpen/RemainingCategories/SubmitButton'

2018-12-13 18:56:32 - [TEST_STEP][PASSED] - verifyElementText(findTestObject("ShopOpen/RemainingCategories/Validate_ProductCategoryAssetScreen", ["package":PACKAGENAME]), "Facing"): Actual text and expected text of test object 'Object Repository/ShopOpen/RemainingCategories/Validate_ProductCategoryAssetScreen' are matched.

2018-12-13 18:56:33 - [MESSAGE][PASSED] - Actual text and expected text of test object 'Object Repository/ShopOpen/RemainingCategories/Validate_ProductCategoryAssetScreen' are matched.

2018-12-13 18:56:33 - [TEST_STEP][PASSED] - tap(findTestObject("ShopOpen/RemainingCategories/StockTaking", ["package":PACKAGENAME]), 0): Tapped on element 'Object Repository/ShopOpen/RemainingCategories/StockTaking'

2018-12-13 18:56:33 - [MESSAGE][WARNING] - Timeout '0' is invalid. Using default page load timeout: '5'

2018-12-13 18:56:33 - [MESSAGE][PASSED] - Tapped on element 'Object Repository/ShopOpen/RemainingCategories/StockTaking'

2018-12-13 18:56:33 - [TEST_STEP][PASSED] - verifyElementText(findTestObject("ShopOpen/RemainingCategories/Validate_StockTakingScreen", ["package":PACKAGENAME]), "Stock Taking"): Actual text and expected text of test object 'Object Repository/ShopOpen/RemainingCategories/Validate_StockTakingScreen' are matched.

2018-12-13 18:56:35 - [MESSAGE][PASSED] - Actual text and expected text of test object 'Object Repository/ShopOpen/RemainingCategories/Validate_StockTakingScreen' are matched.

2018-12-13 18:56:35 - [TEST_STEP][PASSED] - com.ct.qa.keywords.ChannelProductsDataKeywords.visitChannelWiseProductsData(CHANNEL_DSA_STOCKTAKING, "Stock Taking"): com.ct.qa.keywords.ChannelProductsDataKeywords.visitChannelWiseProductsData is PASSED

2018-12-13 18:56:40 - [MESSAGE][PASSED] - Keyboard is hidden

2018-12-13 18:56:43 - [MESSAGE][PASSED] - Keyboard is hidden

2018-12-13 18:56:46 - [MESSAGE][PASSED] - Keyboard is hidden

2018-12-13 18:56:49 - [MESSAGE][PASSED] - Keyboard is hidden

2018-12-13 18:56:52 - [MESSAGE][PASSED] - Keyboard is hidden

2018-12-13 18:56:55 - [MESSAGE][PASSED] - Keyboard is hidden

2018-12-13 18:56:58 - [MESSAGE][PASSED] - Swiped from 114,359 to 114,250

2018-12-13 18:57:01 - [MESSAGE][PASSED] - Keyboard is hidden

2018-12-13 18:57:03 - [MESSAGE][PASSED] - Swiped from 114,359 to 114,250

2018-12-13 18:57:04 - [MESSAGE][PASSED] - com.ct.qa.keywords.ChannelProductsDataKeywords.visitChannelWiseProductsData is PASSED

2018-12-13 18:57:04 - [TEST_STEP][PASSED] - tap(findTestObject("ShopOpen/RemainingCategories/SubmitButton", ["package":PACKAGENAME]), 0): Tapped on element 'Object Repository/ShopOpen/RemainingCategories/SubmitButton'

2018-12-13 18:57:04 - [MESSAGE][WARNING] - Timeout '0' is invalid. Using default page load timeout: '5'

2018-12-13 18:57:04 - [MESSAGE][PASSED] - Tapped on element 'Object Repository/ShopOpen/RemainingCategories/SubmitButton'

2018-12-13 18:57:04 - [TEST_STEP][PASSED] - verifyElementText(findTestObject("ShopOpen/RemainingCategories/Validate_ProductCategoryAssetScreen", ["package":PACKAGENAME]), "Facing"): Actual text and expected text of test object 'Object Repository/ShopOpen/RemainingCategories/Validate_ProductCategoryAssetScreen' are matched.

2018-12-13 18:57:05 - [MESSAGE][PASSED] - Actual text and expected text of test object 'Object Repository/ShopOpen/RemainingCategories/Validate_ProductCategoryAssetScreen' are matched.

2018-12-13 18:57:05 - [TEST_STEP][PASSED] - com.ct.qa.keywords.CommonKeywords.visitPlanogramImageViewButton(): com.ct.qa.keywords.CommonKeywords.visitPlanogramImageViewButton is PASSED

2018-12-13 18:57:07 - [MESSAGE][WARNING] - Timeout '0' is invalid. Using default page load timeout: '5'

2018-12-13 18:57:09 - [MESSAGE][PASSED] - Tapped on element 'Object Repository/CommonScreenElements/InfoPopUp_OKButton'

2018-12-13 18:57:10 - [MESSAGE][PASSED] - com.ct.qa.keywords.CommonKeywords.visitPlanogramImageViewButton is PASSED

2018-12-13 18:57:10 - [TEST_STEP][PASSED] - verifyElementText(findTestObject("ShopOpen/RemainingCategories/Validate_ProductCategoryAssetScreen", ["package":PACKAGENAME]), "Facing"): Actual text and expected text of test object 'Object Repository/ShopOpen/RemainingCategories/Validate_ProductCategoryAssetScreen' are matched.

2018-12-13 18:57:11 - [MESSAGE][PASSED] - Actual text and expected text of test object 'Object Repository/ShopOpen/RemainingCategories/Validate_ProductCategoryAssetScreen' are matched.

2018-12-13 18:57:11 - [TEST_STEP][PASSED] - com.ct.qa.keywords.CommonKeywords.visitPictureImageViewButton(): com.ct.qa.keywords.CommonKeywords.visitPictureImageViewButton is PASSED

2018-12-13 18:57:14 - [MESSAGE][WARNING] - Timeout '0' is invalid. Using default page load timeout: '5'

2018-12-13 18:57:15 - [MESSAGE][PASSED] - Element 'Object Repository/CommonScreenElements/Validate_CameraScreen' is exist

2018-12-13 18:57:15 - [MESSAGE][WARNING] - Timeout '0' is invalid. Using default page load timeout: '5'

2018-12-13 18:57:19 - [MESSAGE][PASSED] - Tapped on element 'Object Repository/CommonScreenElements/TakePictureButton'

2018-12-13 18:57:24 - [MESSAGE][PASSED] - Delayed 5 second(s)

2018-12-13 18:57:24 - [MESSAGE][WARNING] - Timeout '0' is invalid. Using default page load timeout: '5'

2018-12-13 18:57:25 - [MESSAGE][PASSED] - Tapped on element 'Object Repository/CommonScreenElements/DoneButton'

2018-12-13 18:57:25 - [MESSAGE][PASSED] - com.ct.qa.keywords.CommonKeywords.visitPictureImageViewButton is PASSED

2018-12-13 18:57:25 - [TEST_STEP][PASSED] - verifyElementText(findTestObject("ShopOpen/RemainingCategories/Validate_ProductCategoryAssetScreen", ["package":PACKAGENAME]), "Facing"): Actual text and expected text of test object 'Object Repository/ShopOpen/RemainingCategories/Validate_ProductCategoryAssetScreen' are matched.

2018-12-13 18:57:25 - [MESSAGE][PASSED] - Actual text and expected text of test object 'Object Repository/ShopOpen/RemainingCategories/Validate_ProductCategoryAssetScreen' are matched.

2018-12-13 18:57:25 - [TEST_STEP][PASSED] - com.ct.qa.keywords.CommonKeywords.visitBackImageViewButton(): com.ct.qa.keywords.CommonKeywords.visitBackImageViewButton is PASSED

2018-12-13 18:57:26 - [MESSAGE][PASSED] - com.ct.qa.keywords.CommonKeywords.visitBackImageViewButton is PASSED

2018-12-13 18:57:26 - [TEST_STEP][PASSED] - verifyElementExist(findTestObject("ShopOpen/Validate_ShopCategoriesListScreen", ["package":PACKAGENAME]), 0): Element 'Object Repository/ShopOpen/Validate_ShopCategoriesListScreen' is exist

2018-12-13 18:57:26 - [MESSAGE][WARNING] - Timeout '0' is invalid. Using default page load timeout: '5'

2018-12-13 18:57:29 - [MESSAGE][PASSED] - Element 'Object Repository/ShopOpen/Validate_ShopCategoriesListScreen' is exist

2018-12-13 18:57:29 - [MESSAGE][PASSED] - Call Test Case 'Test Cases/ShopOpen/RemainingCategories/VisitRemainingCategoriesWithDSA' successfully

2018-12-13 18:57:32 - [MESSAGE][PASSED] - Actual text and expected text of test object 'Object Repository/ShopOpen/RemainingCategories/Validate_MainCategoryDetailScreen' are matched.

2018-12-13 18:57:33 - [TEST_CASE][PASSED] - Test Cases/ShopOpen/RemainingCategories/VisitRemainingCategoriesWithDSA: Test Cases/ShopOpen/RemainingCategories/VisitRemainingCategoriesWithDSA

2018-12-13 18:57:33 - [TEST_STEP][PASSED] - verifyElementText(findTestObject("ShopOpen/RemainingCategories/Validate_ProductCategoryAssetScreen", ["package":PACKAGENAME]), "Facing"): Actual text and expected text of test object 'Object Repository/ShopOpen/RemainingCategories/Validate_ProductCategoryAssetScreen' are matched.

2018-12-13 18:57:35 - [MESSAGE][PASSED] - Actual text and expected text of test object 'Object Repository/ShopOpen/RemainingCategories/Validate_ProductCategoryAssetScreen' are matched.

2018-12-13 18:57:35 - [TEST_STEP][PASSED] - tap(findTestObject("ShopOpen/RemainingCategories/Facing", ["package":PACKAGENAME]), 0): Tapped on element 'Object Repository/ShopOpen/RemainingCategories/Facing'

2018-12-13 18:57:35 - [MESSAGE][WARNING] - Timeout '0' is invalid. Using default page load timeout: '5'

2018-12-13 18:57:35 - [MESSAGE][PASSED] - Tapped on element 'Object Repository/ShopOpen/RemainingCategories/Facing'

2018-12-13 18:57:35 - [TEST_STEP][PASSED] - verifyElementText(findTestObject("ShopOpen/RemainingCategories/Validate_FacingScreen", ["package":PACKAGENAME]), "Facing"): Actual text and expected text of test object 'Object Repository/ShopOpen/RemainingCategories/Validate_FacingScreen' are matched.

2018-12-13 18:57:37 - [MESSAGE][PASSED] - Actual text and expected text of test object 'Object Repository/ShopOpen/RemainingCategories/Validate_FacingScreen' are matched.

2018-12-13 18:57:37 - [TEST_STEP][PASSED] - com.ct.qa.keywords.ChannelProductsDataKeywords.visitChannelWiseProductsData(CHANNEL_DSA_FACING, "Facing"): com.ct.qa.keywords.ChannelProductsDataKeywords.visitChannelWiseProductsData is PASSED

2018-12-13 18:57:42 - [MESSAGE][PASSED] - Keyboard is hidden

2018-12-13 18:57:45 - [MESSAGE][PASSED] - Keyboard is hidden

2018-12-13 18:57:48 - [MESSAGE][PASSED] - Keyboard is hidden

2018-12-13 18:57:51 - [MESSAGE][PASSED] - Keyboard is hidden

2018-12-13 18:57:54 - [MESSAGE][PASSED] - Keyboard is hidden

2018-12-13 18:57:57 - [MESSAGE][PASSED] - Keyboard is hidden

2018-12-13 18:58:00 - [MESSAGE][PASSED] - Swiped from 111,359 to 111,250

2018-12-13 18:58:03 - [MESSAGE][PASSED] - Keyboard is hidden

2018-12-13 18:58:05 - [MESSAGE][PASSED] - Swiped from 111,359 to 111,250

2018-12-13 18:58:06 - [MESSAGE][PASSED] - com.ct.qa.keywords.ChannelProductsDataKeywords.visitChannelWiseProductsData is PASSED

2018-12-13 18:58:06 - [TEST_STEP][PASSED] - tap(findTestObject("ShopOpen/RemainingCategories/SubmitButton", ["package":PACKAGENAME]), 0): Tapped on element 'Object Repository/ShopOpen/RemainingCategories/SubmitButton'

2018-12-13 18:58:06 - [MESSAGE][WARNING] - Timeout '0' is invalid. Using default page load timeout: '5'

2018-12-13 18:58:06 - [MESSAGE][PASSED] - Tapped on element 'Object Repository/ShopOpen/RemainingCategories/SubmitButton'

2018-12-13 18:58:06 - [TEST_STEP][PASSED] - verifyElementText(findTestObject("ShopOpen/RemainingCategories/Validate_ProductCategoryAssetScreen", ["package":PACKAGENAME]), "Facing"): Actual text and expected text of test object 'Object Repository/ShopOpen/RemainingCategories/Validate_ProductCategoryAssetScreen' are matched.

2018-12-13 18:58:07 - [MESSAGE][PASSED] - Actual text and expected text of test object 'Object Repository/ShopOpen/RemainingCategories/Validate_ProductCategoryAssetScreen' are matched.

2018-12-13 18:58:07 - [TEST_STEP][PASSED] - tap(findTestObject("ShopOpen/RemainingCategories/StockTaking", ["package":PACKAGENAME]), 0): Tapped on element 'Object Repository/ShopOpen/RemainingCategories/StockTaking'

2018-12-13 18:58:07 - [MESSAGE][WARNING] - Timeout '0' is invalid. Using default page load timeout: '5'

2018-12-13 18:58:08 - [MESSAGE][PASSED] - Tapped on element 'Object Repository/ShopOpen/RemainingCategories/StockTaking'

2018-12-13 18:58:08 - [TEST_STEP][PASSED] - verifyElementText(findTestObject("ShopOpen/RemainingCategories/Validate_StockTakingScreen", ["package":PACKAGENAME]), "Stock Taking"): Actual text and expected text of test object 'Object Repository/ShopOpen/RemainingCategories/Validate_StockTakingScreen' are matched.

2018-12-13 18:58:10 - [MESSAGE][PASSED] - Actual text and expected text of test object 'Object Repository/ShopOpen/RemainingCategories/Validate_StockTakingScreen' are matched.

2018-12-13 18:58:10 - [TEST_STEP][PASSED] - com.ct.qa.keywords.ChannelProductsDataKeywords.visitChannelWiseProductsData(CHANNEL_DSA_STOCKTAKING, "Stock Taking"): com.ct.qa.keywords.ChannelProductsDataKeywords.visitChannelWiseProductsData is PASSED

2018-12-13 18:58:14 - [MESSAGE][PASSED] - Keyboard is hidden

2018-12-13 18:58:17 - [MESSAGE][PASSED] - Keyboard is hidden

2018-12-13 18:58:20 - [MESSAGE][PASSED] - Keyboard is hidden

2018-12-13 18:58:23 - [MESSAGE][PASSED] - Keyboard is hidden

2018-12-13 18:58:26 - [MESSAGE][PASSED] - Keyboard is hidden

2018-12-13 18:58:29 - [MESSAGE][PASSED] - Keyboard is hidden

2018-12-13 18:58:33 - [MESSAGE][PASSED] - Swiped from 111,359 to 111,250

2018-12-13 18:58:36 - [MESSAGE][PASSED] - Keyboard is hidden

2018-12-13 18:58:38 - [MESSAGE][PASSED] - Swiped from 111,359 to 111,250

2018-12-13 18:58:39 - [MESSAGE][PASSED] - com.ct.qa.keywords.ChannelProductsDataKeywords.visitChannelWiseProductsData is PASSED

2018-12-13 18:58:39 - [TEST_STEP][PASSED] - tap(findTestObject("ShopOpen/RemainingCategories/SubmitButton", ["package":PACKAGENAME]), 0): Tapped on element 'Object Repository/ShopOpen/RemainingCategories/SubmitButton'

2018-12-13 18:58:39 - [MESSAGE][WARNING] - Timeout '0' is invalid. Using default page load timeout: '5'

2018-12-13 18:58:39 - [MESSAGE][PASSED] - Tapped on element 'Object Repository/ShopOpen/RemainingCategories/SubmitButton'

2018-12-13 18:58:39 - [TEST_STEP][PASSED] - verifyElementText(findTestObject("ShopOpen/RemainingCategories/Validate_ProductCategoryAssetScreen", ["package":PACKAGENAME]), "Facing"): Actual text and expected text of test object 'Object Repository/ShopOpen/RemainingCategories/Validate_ProductCategoryAssetScreen' are matched.

2018-12-13 18:58:40 - [MESSAGE][PASSED] - Actual text and expected text of test object 'Object Repository/ShopOpen/RemainingCategories/Validate_ProductCategoryAssetScreen' are matched.

2018-12-13 18:58:40 - [TEST_STEP][PASSED] - com.ct.qa.keywords.CommonKeywords.visitPlanogramImageViewButton(): com.ct.qa.keywords.CommonKeywords.visitPlanogramImageViewButton is PASSED

2018-12-13 18:58:42 - [MESSAGE][WARNING] - Timeout '0' is invalid. Using default page load timeout: '5'

2018-12-13 18:58:44 - [MESSAGE][PASSED] - Tapped on element 'Object Repository/CommonScreenElements/InfoPopUp_OKButton'

2018-12-13 18:58:46 - [MESSAGE][PASSED] - com.ct.qa.keywords.CommonKeywords.visitPlanogramImageViewButton is PASSED

2018-12-13 18:58:46 - [TEST_STEP][PASSED] - verifyElementText(findTestObject("ShopOpen/RemainingCategories/Validate_ProductCategoryAssetScreen", ["package":PACKAGENAME]), "Facing"): Actual text and expected text of test object 'Object Repository/ShopOpen/RemainingCategories/Validate_ProductCategoryAssetScreen' are matched.

2018-12-13 18:58:46 - [MESSAGE][PASSED] - Actual text and expected text of test object 'Object Repository/ShopOpen/RemainingCategories/Validate_ProductCategoryAssetScreen' are matched.

2018-12-13 18:58:46 - [TEST_STEP][PASSED] - com.ct.qa.keywords.CommonKeywords.visitPictureImageViewButton(): com.ct.qa.keywords.CommonKeywords.visitPictureImageViewButton is PASSED

2018-12-13 18:58:49 - [MESSAGE][WARNING] - Timeout '0' is invalid. Using default page load timeout: '5'

2018-12-13 18:58:50 - [MESSAGE][PASSED] - Element 'Object Repository/CommonScreenElements/Validate_CameraScreen' is exist

2018-12-13 18:58:50 - [MESSAGE][WARNING] - Timeout '0' is invalid. Using default page load timeout: '5'

2018-12-13 18:58:54 - [MESSAGE][PASSED] - Tapped on element 'Object Repository/CommonScreenElements/TakePictureButton'

2018-12-13 18:58:59 - [MESSAGE][PASSED] - Delayed 5 second(s)

2018-12-13 18:58:59 - [MESSAGE][WARNING] - Timeout '0' is invalid. Using default page load timeout: '5'

2018-12-13 18:59:00 - [MESSAGE][PASSED] - Tapped on element 'Object Repository/CommonScreenElements/DoneButton'

2018-12-13 18:59:00 - [MESSAGE][PASSED] - com.ct.qa.keywords.CommonKeywords.visitPictureImageViewButton is PASSED

2018-12-13 18:59:00 - [TEST_STEP][PASSED] - verifyElementText(findTestObject("ShopOpen/RemainingCategories/Validate_ProductCategoryAssetScreen", ["package":PACKAGENAME]), "Facing"): Actual text and expected text of test object 'Object Repository/ShopOpen/RemainingCategories/Validate_ProductCategoryAssetScreen' are matched.

2018-12-13 18:59:00 - [MESSAGE][PASSED] - Actual text and expected text of test object 'Object Repository/ShopOpen/RemainingCategories/Validate_ProductCategoryAssetScreen' are matched.

2018-12-13 18:59:00 - [TEST_STEP][PASSED] - com.ct.qa.keywords.CommonKeywords.visitBackImageViewButton(): com.ct.qa.keywords.CommonKeywords.visitBackImageViewButton is PASSED

2018-12-13 18:59:02 - [MESSAGE][PASSED] - com.ct.qa.keywords.CommonKeywords.visitBackImageViewButton is PASSED

2018-12-13 18:59:02 - [TEST_STEP][PASSED] - verifyElementExist(findTestObject("ShopOpen/Validate_ShopCategoriesListScreen", ["package":PACKAGENAME]), 0): Element 'Object Repository/ShopOpen/Validate_ShopCategoriesListScreen' is exist

2018-12-13 18:59:02 - [MESSAGE][WARNING] - Timeout '0' is invalid. Using default page load timeout: '5'

2018-12-13 18:59:04 - [MESSAGE][PASSED] - Element 'Object Repository/ShopOpen/Validate_ShopCategoriesListScreen' is exist

2018-12-13 18:59:04 - [MESSAGE][PASSED] - Call Test Case 'Test Cases/ShopOpen/RemainingCategories/VisitRemainingCategoriesWithDSA' successfully

2018-12-13 18:59:06 - [MESSAGE][PASSED] - Actual text and expected text of test object 'Object Repository/ShopOpen/RemainingCategories/Validate_MainCategoryDetailScreen' are matched.

2018-12-13 18:59:07 - [TEST_CASE][PASSED] - Test Cases/ShopOpen/RemainingCategories/VisitRemainingCategoriesWithDSA: Test Cases/ShopOpen/RemainingCategories/VisitRemainingCategoriesWithDSA

2018-12-13 18:59:07 - [TEST_STEP][PASSED] - verifyElementText(findTestObject("ShopOpen/RemainingCategories/Validate_ProductCategoryAssetScreen", ["package":PACKAGENAME]), "Facing"): Actual text and expected text of test object 'Object Repository/ShopOpen/RemainingCategories/Validate_ProductCategoryAssetScreen' are matched.

2018-12-13 18:59:09 - [MESSAGE][PASSED] - Actual text and expected text of test object 'Object Repository/ShopOpen/RemainingCategories/Validate_ProductCategoryAssetScreen' are matched.

2018-12-13 18:59:09 - [TEST_STEP][PASSED] - tap(findTestObject("ShopOpen/RemainingCategories/Facing", ["package":PACKAGENAME]), 0): Tapped on element 'Object Repository/ShopOpen/RemainingCategories/Facing'

2018-12-13 18:59:09 - [MESSAGE][WARNING] - Timeout '0' is invalid. Using default page load timeout: '5'

2018-12-13 18:59:09 - [MESSAGE][PASSED] - Tapped on element 'Object Repository/ShopOpen/RemainingCategories/Facing'

2018-12-13 18:59:09 - [TEST_STEP][PASSED] - verifyElementText(findTestObject("ShopOpen/RemainingCategories/Validate_FacingScreen", ["package":PACKAGENAME]), "Facing"): Actual text and expected text of test object 'Object Repository/ShopOpen/RemainingCategories/Validate_FacingScreen' are matched.

2018-12-13 18:59:11 - [MESSAGE][PASSED] - Actual text and expected text of test object 'Object Repository/ShopOpen/RemainingCategories/Validate_FacingScreen' are matched.

2018-12-13 18:59:11 - [TEST_STEP][PASSED] - com.ct.qa.keywords.ChannelProductsDataKeywords.visitChannelWiseProductsData(CHANNEL_DSA_FACING, "Facing"): com.ct.qa.keywords.ChannelProductsDataKeywords.visitChannelWiseProductsData is PASSED

2018-12-13 18:59:15 - [MESSAGE][PASSED] - Keyboard is hidden

2018-12-13 18:59:18 - [MESSAGE][PASSED] - Keyboard is hidden

2018-12-13 18:59:21 - [MESSAGE][PASSED] - Keyboard is hidden

2018-12-13 18:59:24 - [MESSAGE][PASSED] - Keyboard is hidden

2018-12-13 18:59:27 - [MESSAGE][PASSED] - Keyboard is hidden

2018-12-13 18:59:30 - [MESSAGE][PASSED] - Keyboard is hidden

2018-12-13 18:59:33 - [MESSAGE][PASSED] - Swiped from 85,359 to 85,250

2018-12-13 18:59:34 - [MESSAGE][PASSED] - com.ct.qa.keywords.ChannelProductsDataKeywords.visitChannelWiseProductsData is PASSED

2018-12-13 18:59:34 - [TEST_STEP][PASSED] - tap(findTestObject("ShopOpen/RemainingCategories/SubmitButton", ["package":PACKAGENAME]), 0): Tapped on element 'Object Repository/ShopOpen/RemainingCategories/SubmitButton'

2018-12-13 18:59:34 - [MESSAGE][WARNING] - Timeout '0' is invalid. Using default page load timeout: '5'

2018-12-13 18:59:34 - [MESSAGE][PASSED] - Tapped on element 'Object Repository/ShopOpen/RemainingCategories/SubmitButton'

2018-12-13 18:59:34 - [TEST_STEP][PASSED] - verifyElementText(findTestObject("ShopOpen/RemainingCategories/Validate_ProductCategoryAssetScreen", ["package":PACKAGENAME]), "Facing"): Actual text and expected text of test object 'Object Repository/ShopOpen/RemainingCategories/Validate_ProductCategoryAssetScreen' are matched.

2018-12-13 18:59:35 - [MESSAGE][PASSED] - Actual text and expected text of test object 'Object Repository/ShopOpen/RemainingCategories/Validate_ProductCategoryAssetScreen' are matched.

2018-12-13 18:59:35 - [TEST_STEP][PASSED] - tap(findTestObject("ShopOpen/RemainingCategories/StockTaking", ["package":PACKAGENAME]), 0): Tapped on element 'Object Repository/ShopOpen/RemainingCategories/StockTaking'

2018-12-13 18:59:35 - [MESSAGE][WARNING] - Timeout '0' is invalid. Using default page load timeout: '5'

2018-12-13 18:59:36 - [MESSAGE][PASSED] - Tapped on element 'Object Repository/ShopOpen/RemainingCategories/StockTaking'

2018-12-13 18:59:36 - [TEST_STEP][PASSED] - verifyElementText(findTestObject("ShopOpen/RemainingCategories/Validate_StockTakingScreen", ["package":PACKAGENAME]), "Stock Taking"): Actual text and expected text of test object 'Object Repository/ShopOpen/RemainingCategories/Validate_StockTakingScreen' are matched.

2018-12-13 18:59:38 - [MESSAGE][PASSED] - Actual text and expected text of test object 'Object Repository/ShopOpen/RemainingCategories/Validate_StockTakingScreen' are matched.

2018-12-13 18:59:38 - [TEST_STEP][PASSED] - com.ct.qa.keywords.ChannelProductsDataKeywords.visitChannelWiseProductsData(CHANNEL_DSA_STOCKTAKING, "Stock Taking"): com.ct.qa.keywords.ChannelProductsDataKeywords.visitChannelWiseProductsData is PASSED

2018-12-13 18:59:42 - [MESSAGE][PASSED] - Keyboard is hidden

2018-12-13 18:59:45 - [MESSAGE][PASSED] - Keyboard is hidden

2018-12-13 18:59:48 - [MESSAGE][PASSED] - Keyboard is hidden

2018-12-13 18:59:51 - [MESSAGE][PASSED] - Keyboard is hidden

2018-12-13 18:59:54 - [MESSAGE][PASSED] - Keyboard is hidden

2018-12-13 18:59:57 - [MESSAGE][PASSED] - Keyboard is hidden

2018-12-13 19:00:00 - [MESSAGE][PASSED] - Swiped from 85,359 to 85,250

2018-12-13 19:00:01 - [MESSAGE][PASSED] - com.ct.qa.keywords.ChannelProductsDataKeywords.visitChannelWiseProductsData is PASSED

2018-12-13 19:00:01 - [TEST_STEP][PASSED] - tap(findTestObject("ShopOpen/RemainingCategories/SubmitButton", ["package":PACKAGENAME]), 0): Tapped on element 'Object Repository/ShopOpen/RemainingCategories/SubmitButton'

2018-12-13 19:00:01 - [MESSAGE][WARNING] - Timeout '0' is invalid. Using default page load timeout: '5'

2018-12-13 19:00:02 - [MESSAGE][PASSED] - Tapped on element 'Object Repository/ShopOpen/RemainingCategories/SubmitButton'

2018-12-13 19:00:02 - [TEST_STEP][PASSED] - verifyElementText(findTestObject("ShopOpen/RemainingCategories/Validate_ProductCategoryAssetScreen", ["package":PACKAGENAME]), "Facing"): Actual text and expected text of test object 'Object Repository/ShopOpen/RemainingCategories/Validate_ProductCategoryAssetScreen' are matched.

2018-12-13 19:00:02 - [MESSAGE][PASSED] - Actual text and expected text of test object 'Object Repository/ShopOpen/RemainingCategories/Validate_ProductCategoryAssetScreen' are matched.

2018-12-13 19:00:02 - [TEST_STEP][PASSED] - com.ct.qa.keywords.CommonKeywords.visitPlanogramImageViewButton(): com.ct.qa.keywords.CommonKeywords.visitPlanogramImageViewButton is PASSED

2018-12-13 19:00:04 - [MESSAGE][WARNING] - Timeout '0' is invalid. Using default page load timeout: '5'

2018-12-13 19:00:06 - [MESSAGE][PASSED] - Tapped on element 'Object Repository/CommonScreenElements/InfoPopUp_OKButton'

2018-12-13 19:00:08 - [MESSAGE][PASSED] - com.ct.qa.keywords.CommonKeywords.visitPlanogramImageViewButton is PASSED

2018-12-13 19:00:08 - [TEST_STEP][PASSED] - verifyElementText(findTestObject("ShopOpen/RemainingCategories/Validate_ProductCategoryAssetScreen", ["package":PACKAGENAME]), "Facing"): Actual text and expected text of test object 'Object Repository/ShopOpen/RemainingCategories/Validate_ProductCategoryAssetScreen' are matched.

2018-12-13 19:00:08 - [MESSAGE][PASSED] - Actual text and expected text of test object 'Object Repository/ShopOpen/RemainingCategories/Validate_ProductCategoryAssetScreen' are matched.

2018-12-13 19:00:08 - [TEST_STEP][PASSED] - com.ct.qa.keywords.CommonKeywords.visitPictureImageViewButton(): com.ct.qa.keywords.CommonKeywords.visitPictureImageViewButton is PASSED

2018-12-13 19:00:11 - [MESSAGE][WARNING] - Timeout '0' is invalid. Using default page load timeout: '5'

2018-12-13 19:00:12 - [MESSAGE][PASSED] - Element 'Object Repository/CommonScreenElements/Validate_CameraScreen' is exist

2018-12-13 19:00:12 - [MESSAGE][WARNING] - Timeout '0' is invalid. Using default page load timeout: '5'

2018-12-13 19:00:16 - [MESSAGE][PASSED] - Tapped on element 'Object Repository/CommonScreenElements/TakePictureButton'

2018-12-13 19:00:21 - [MESSAGE][PASSED] - Delayed 5 second(s)

2018-12-13 19:00:21 - [MESSAGE][WARNING] - Timeout '0' is invalid. Using default page load timeout: '5'

2018-12-13 19:00:22 - [MESSAGE][PASSED] - Tapped on element 'Object Repository/CommonScreenElements/DoneButton'

2018-12-13 19:00:22 - [MESSAGE][PASSED] - com.ct.qa.keywords.CommonKeywords.visitPictureImageViewButton is PASSED

2018-12-13 19:00:22 - [TEST_STEP][PASSED] - verifyElementText(findTestObject("ShopOpen/RemainingCategories/Validate_ProductCategoryAssetScreen", ["package":PACKAGENAME]), "Facing"): Actual text and expected text of test object 'Object Repository/ShopOpen/RemainingCategories/Validate_ProductCategoryAssetScreen' are matched.

2018-12-13 19:00:22 - [MESSAGE][PASSED] - Actual text and expected text of test object 'Object Repository/ShopOpen/RemainingCategories/Validate_ProductCategoryAssetScreen' are matched.

2018-12-13 19:00:22 - [TEST_STEP][PASSED] - com.ct.qa.keywords.CommonKeywords.visitBackImageViewButton(): com.ct.qa.keywords.CommonKeywords.visitBackImageViewButton is PASSED

2018-12-13 19:00:23 - [MESSAGE][PASSED] - com.ct.qa.keywords.CommonKeywords.visitBackImageViewButton is PASSED

2018-12-13 19:00:23 - [TEST_STEP][PASSED] - verifyElementExist(findTestObject("ShopOpen/Validate_ShopCategoriesListScreen", ["package":PACKAGENAME]), 0): Element 'Object Repository/ShopOpen/Validate_ShopCategoriesListScreen' is exist

2018-12-13 19:00:23 - [MESSAGE][WARNING] - Timeout '0' is invalid. Using default page load timeout: '5'

2018-12-13 19:00:25 - [MESSAGE][PASSED] - Element 'Object Repository/ShopOpen/Validate_ShopCategoriesListScreen' is exist

2018-12-13 19:00:25 - [MESSAGE][PASSED] - Call Test Case 'Test Cases/ShopOpen/RemainingCategories/VisitRemainingCategoriesWithDSA' successfully

2018-12-13 19:00:27 - [MESSAGE][PASSED] - Actual text and expected text of test object 'Object Repository/ShopOpen/RemainingCategories/Validate_MainCategoryDetailScreen' are matched.

2018-12-13 19:00:28 - [TEST_CASE][PASSED] - Test Cases/ShopOpen/RemainingCategories/VisitRemainingCategoriesWithDSA: Test Cases/ShopOpen/RemainingCategories/VisitRemainingCategoriesWithDSA

2018-12-13 19:00:28 - [TEST_STEP][PASSED] - verifyElementText(findTestObject("ShopOpen/RemainingCategories/Validate_ProductCategoryAssetScreen", ["package":PACKAGENAME]), "Facing"): Actual text and expected text of test object 'Object Repository/ShopOpen/RemainingCategories/Validate_ProductCategoryAssetScreen' are matched.

2018-12-13 19:00:30 - [MESSAGE][PASSED] - Actual text and expected text of test object 'Object Repository/ShopOpen/RemainingCategories/Validate_ProductCategoryAssetScreen' are matched.

2018-12-13 19:00:30 - [TEST_STEP][PASSED] - tap(findTestObject("ShopOpen/RemainingCategories/Facing", ["package":PACKAGENAME]), 0): Tapped on element 'Object Repository/ShopOpen/RemainingCategories/Facing'

2018-12-13 19:00:30 - [MESSAGE][WARNING] - Timeout '0' is invalid. Using default page load timeout: '5'

2018-12-13 19:00:30 - [MESSAGE][PASSED] - Tapped on element 'Object Repository/ShopOpen/RemainingCategories/Facing'

2018-12-13 19:00:30 - [TEST_STEP][PASSED] - verifyElementText(findTestObject("ShopOpen/RemainingCategories/Validate_FacingScreen", ["package":PACKAGENAME]), "Facing"): Actual text and expected text of test object 'Object Repository/ShopOpen/RemainingCategories/Validate_FacingScreen' are matched.

2018-12-13 19:00:32 - [MESSAGE][PASSED] - Actual text and expected text of test object 'Object Repository/ShopOpen/RemainingCategories/Validate_FacingScreen' are matched.

2018-12-13 19:00:32 - [TEST_STEP][PASSED] - com.ct.qa.keywords.ChannelProductsDataKeywords.visitChannelWiseProductsData(CHANNEL_DSA_FACING, "Facing"): com.ct.qa.keywords.ChannelProductsDataKeywords.visitChannelWiseProductsData is PASSED

2018-12-13 19:00:36 - [MESSAGE][PASSED] - Keyboard is hidden

2018-12-13 19:00:39 - [MESSAGE][PASSED] - Keyboard is hidden

2018-12-13 19:00:42 - [MESSAGE][PASSED] - Keyboard is hidden

2018-12-13 19:00:43 - [MESSAGE][PASSED] - com.ct.qa.keywords.ChannelProductsDataKeywords.visitChannelWiseProductsData is PASSED

2018-12-13 19:00:43 - [TEST_STEP][PASSED] - tap(findTestObject("ShopOpen/RemainingCategories/SubmitButton", ["package":PACKAGENAME]), 0): Tapped on element 'Object Repository/ShopOpen/RemainingCategories/SubmitButton'

2018-12-13 19:00:43 - [MESSAGE][WARNING] - Timeout '0' is invalid. Using default page load timeout: '5'

2018-12-13 19:00:44 - [MESSAGE][PASSED] - Tapped on element 'Object Repository/ShopOpen/RemainingCategories/SubmitButton'

2018-12-13 19:00:44 - [TEST_STEP][PASSED] - verifyElementText(findTestObject("ShopOpen/RemainingCategories/Validate_ProductCategoryAssetScreen", ["package":PACKAGENAME]), "Facing"): Actual text and expected text of test object 'Object Repository/ShopOpen/RemainingCategories/Validate_ProductCategoryAssetScreen' are matched.

2018-12-13 19:00:45 - [MESSAGE][PASSED] - Actual text and expected text of test object 'Object Repository/ShopOpen/RemainingCategories/Validate_ProductCategoryAssetScreen' are matched.

2018-12-13 19:00:45 - [TEST_STEP][PASSED] - tap(findTestObject("ShopOpen/RemainingCategories/StockTaking", ["package":PACKAGENAME]), 0): Tapped on element 'Object Repository/ShopOpen/RemainingCategories/StockTaking'

2018-12-13 19:00:45 - [MESSAGE][WARNING] - Timeout '0' is invalid. Using default page load timeout: '5'

2018-12-13 19:00:45 - [MESSAGE][PASSED] - Tapped on element 'Object Repository/ShopOpen/RemainingCategories/StockTaking'

2018-12-13 19:00:45 - [TEST_STEP][PASSED] - verifyElementText(findTestObject("ShopOpen/RemainingCategories/Validate_StockTakingScreen", ["package":PACKAGENAME]), "Stock Taking"): Actual text and expected text of test object 'Object Repository/ShopOpen/RemainingCategories/Validate_StockTakingScreen' are matched.

2018-12-13 19:00:47 - [MESSAGE][PASSED] - Actual text and expected text of test object 'Object Repository/ShopOpen/RemainingCategories/Validate_StockTakingScreen' are matched.

2018-12-13 19:00:47 - [TEST_STEP][PASSED] - com.ct.qa.keywords.ChannelProductsDataKeywords.visitChannelWiseProductsData(CHANNEL_DSA_STOCKTAKING, "Stock Taking"): com.ct.qa.keywords.ChannelProductsDataKeywords.visitChannelWiseProductsData is PASSED

2018-12-13 19:00:51 - [MESSAGE][PASSED] - Keyboard is hidden

2018-12-13 19:00:54 - [MESSAGE][PASSED] - Keyboard is hidden

2018-12-13 19:00:57 - [MESSAGE][PASSED] - Keyboard is hidden

2018-12-13 19:00:58 - [MESSAGE][PASSED] - com.ct.qa.keywords.ChannelProductsDataKeywords.visitChannelWiseProductsData is PASSED

2018-12-13 19:00:58 - [TEST_STEP][PASSED] - tap(findTestObject("ShopOpen/RemainingCategories/SubmitButton", ["package":PACKAGENAME]), 0): Tapped on element 'Object Repository/ShopOpen/RemainingCategories/SubmitButton'

2018-12-13 19:00:58 - [MESSAGE][WARNING] - Timeout '0' is invalid. Using default page load timeout: '5'

2018-12-13 19:00:59 - [MESSAGE][PASSED] - Tapped on element 'Object Repository/ShopOpen/RemainingCategories/SubmitButton'

2018-12-13 19:00:59 - [TEST_STEP][PASSED] - verifyElementText(findTestObject("ShopOpen/RemainingCategories/Validate_ProductCategoryAssetScreen", ["package":PACKAGENAME]), "Facing"): Actual text and expected text of test object 'Object Repository/ShopOpen/RemainingCategories/Validate_ProductCategoryAssetScreen' are matched.

2018-12-13 19:01:00 - [MESSAGE][PASSED] - Actual text and expected text of test object 'Object Repository/ShopOpen/RemainingCategories/Validate_ProductCategoryAssetScreen' are matched.

2018-12-13 19:01:00 - [TEST_STEP][PASSED] - com.ct.qa.keywords.CommonKeywords.visitPlanogramImageViewButton(): com.ct.qa.keywords.CommonKeywords.visitPlanogramImageViewButton is PASSED

2018-12-13 19:01:02 - [MESSAGE][WARNING] - Timeout '0' is invalid. Using default page load timeout: '5'

2018-12-13 19:01:04 - [MESSAGE][PASSED] - Tapped on element 'Object Repository/CommonScreenElements/InfoPopUp_OKButton'

2018-12-13 19:01:05 - [MESSAGE][PASSED] - com.ct.qa.keywords.CommonKeywords.visitPlanogramImageViewButton is PASSED

2018-12-13 19:01:05 - [TEST_STEP][PASSED] - verifyElementText(findTestObject("ShopOpen/RemainingCategories/Validate_ProductCategoryAssetScreen", ["package":PACKAGENAME]), "Facing"): Actual text and expected text of test object 'Object Repository/ShopOpen/RemainingCategories/Validate_ProductCategoryAssetScreen' are matched.

2018-12-13 19:01:06 - [MESSAGE][PASSED] - Actual text and expected text of test object 'Object Repository/ShopOpen/RemainingCategories/Validate_ProductCategoryAssetScreen' are matched.

2018-12-13 19:01:06 - [TEST_STEP][PASSED] - com.ct.qa.keywords.CommonKeywords.visitPictureImageViewButton(): com.ct.qa.keywords.CommonKeywords.visitPictureImageViewButton is PASSED

2018-12-13 19:01:08 - [MESSAGE][WARNING] - Timeout '0' is invalid. Using default page load timeout: '5'

2018-12-13 19:01:10 - [MESSAGE][PASSED] - Element 'Object Repository/CommonScreenElements/Validate_CameraScreen' is exist

2018-12-13 19:01:10 - [MESSAGE][WARNING] - Timeout '0' is invalid. Using default page load timeout: '5'

2018-12-13 19:01:13 - [MESSAGE][PASSED] - Tapped on element 'Object Repository/CommonScreenElements/TakePictureButton'

2018-12-13 19:01:18 - [MESSAGE][PASSED] - Delayed 5 second(s)

2018-12-13 19:01:18 - [MESSAGE][WARNING] - Timeout '0' is invalid. Using default page load timeout: '5'

2018-12-13 19:01:19 - [MESSAGE][PASSED] - Tapped on element 'Object Repository/CommonScreenElements/DoneButton'

2018-12-13 19:01:19 - [MESSAGE][PASSED] - com.ct.qa.keywords.CommonKeywords.visitPictureImageViewButton is PASSED

2018-12-13 19:01:19 - [TEST_STEP][PASSED] - verifyElementText(findTestObject("ShopOpen/RemainingCategories/Validate_ProductCategoryAssetScreen", ["package":PACKAGENAME]), "Facing"): Actual text and expected text of test object 'Object Repository/ShopOpen/RemainingCategories/Validate_ProductCategoryAssetScreen' are matched.

2018-12-13 19:01:20 - [MESSAGE][PASSED] - Actual text and expected text of test object 'Object Repository/ShopOpen/RemainingCategories/Validate_ProductCategoryAssetScreen' are matched.

2018-12-13 19:01:20 - [TEST_STEP][PASSED] - com.ct.qa.keywords.CommonKeywords.visitBackImageViewButton(): com.ct.qa.keywords.CommonKeywords.visitBackImageViewButton is PASSED

2018-12-13 19:01:21 - [MESSAGE][PASSED] - com.ct.qa.keywords.CommonKeywords.visitBackImageViewButton is PASSED

2018-12-13 19:01:21 - [TEST_STEP][PASSED] - verifyElementExist(findTestObject("ShopOpen/Validate_ShopCategoriesListScreen", ["package":PACKAGENAME]), 0): Element 'Object Repository/ShopOpen/Validate_ShopCategoriesListScreen' is exist

2018-12-13 19:01:21 - [MESSAGE][WARNING] - Timeout '0' is invalid. Using default page load timeout: '5'

2018-12-13 19:01:23 - [MESSAGE][PASSED] - Element 'Object Repository/ShopOpen/Validate_ShopCategoriesListScreen' is exist

2018-12-13 19:01:23 - [MESSAGE][PASSED] - Call Test Case 'Test Cases/ShopOpen/RemainingCategories/VisitRemainingCategoriesWithDSA' successfully

[...]
                                        (2) 'RTM visit frequency' with 'Twice a week'                                                       
                                            'Pop Application' with 'No' remark                                                                  
                                            'Retailer Remarks' with 'SM not visiting' remark                                                    
                                            'Hanger Availability' with 'No' remark                                                              

Main Category:                Chiller                                                     
Scenarios:                    Chiller Not Allocated                             ==>       null                          

Product Category:             Juices - 200ML                                              
Products:                                         Facing      Stock Taking/      Depth      Overwrite Facing      Overwrite Stock Taking/      Overwrite Depth      
                                                              Stock Count                                         Overwrite Stock Count                             
FRUITA VITALS CHAUNSA 200ML                       13488       15121              null       null                  null                         null                 
FRUITA VITALS RED GRAPES 200ML                    13489       15122              null       null                  null                         null                 
NESFRUTA MANGO 200ML                              13491       15124              null       null                  null                         null                 
FRUITA VITALS APPLE 200ML                         13490       15123              null       null                  null                         null                 
FRUITA VITALS PEACH 200ML                         13492       15125              null       null                  null                         null                 


Product Category:             Water                                                       
Products:                                         Facing      Stock Taking/      Depth      Overwrite Facing      Overwrite Stock Taking/      Overwrite Depth      
                                                              Stock Count                                         Overwrite Stock Count                             
Water Npl 500ML                                   13501       15134              null       null                  null                         null                 
Water Npl 1500ML                                  13502       15135              null       null                  null                         null                 
Water Npl 330ML                                   13503       15136              null       null                  null                         null                 


Product Category:             Flavoured Milk                                              
Products:                                         Facing      Stock Taking/      Depth      Overwrite Facing      Overwrite Stock Taking/      Overwrite Depth      
                                                              Stock Count                                         Overwrite Stock Count                             
MILO RTD 200ML                                    13500       15133              null       null                  null                         null                 


Product Category:             Yogurt                                                      
Products:                                         Facing      Stock Taking/      Depth      Overwrite Facing      Overwrite Stock Taking/      Overwrite Depth      
                                                              Stock Count                                         Overwrite Stock Count                             
Sweet & Tasty 400GM                               13494       15127              null       null                  null                         null                 
Nestle Nesvita YOGURT 400GM                       13496       15129              null       null                  null                         null                 
NESTLE MILKPAK YOGURT POUCH 500GM                 13493       15126              null       null                  null                         null                 
NESTLE ZEERA RAITA 250GM                          13497       15130              null       null                  null                         null                 
PODINA RAITA 250GM                                13495       15128              null       null                  null                         null                 
NESTLE MILKPAK YOGURT CUP 450GM                   13498       15131              null       null                  null                         null                 
Sweet & Tasty 200GM                               13499       15132              null       null                  null                         null                 

                                ----------------------------------------------------------------------------------------------------                                


Main Category:                Nutrition                                                   
Scenarios:                    Display Space Available                           ==>       null                          

Product Category:             Nutrition                                                   
Products:                                         Facing      Stock Taking/      Depth      Overwrite Facing      Overwrite Stock Taking/      Overwrite Depth      
                                                              Stock Count                                         Overwrite Stock Count                             
CERELAC 3 Fruit 175GM                             98          1731               null       null                  null                         null                 
CERELAC Wheat 350GM                               99          1732               null       null                  null                         null                 
CERELAC RICE 175GM                                100         1733               null       null                  null                         null                 
NIDO NNS 1+ 400GM                                 102         1735               null       null                  null                         null                 
Nido NNS 3+ 400GM                                 103         1736               null       null                  null                         null                 
CERELAC Wheat 175GM                               101         1734               null       null                  null                         null                 
CERELAC 3 Fruit 350GM                             97          1730               null       null                  null                         null                 

                                ----------------------------------------------------------------------------------------------------                                


Main Category:                Dairy Liquid                                                
Scenarios:                    Display Space Available                           ==>       null                          

Product Category:             Dairy Liquid                                                
Products:                                         Facing      Stock Taking/      Depth      Overwrite Facing      Overwrite Stock Taking/      Overwrite Depth      
                                                              Stock Count                                         Overwrite Stock Count                             
MILKPAK UHT 250ML                                 80          1713               null       null                  null                         null                 
MILKPAK UHT 1000ML                                81          1714               null       null                  null                         null                 
EVERYDAY UHT 180ML                                82          1715               null       null                  null                         null                 
MILKPAK CREAM 200ML                               83          1716               null       null                  null                         null                 
NESVITA UHT 1000ML                                84          1717               null       null                  null                         null                 
NESVITA UHT 200ML                                 85          1718               null       null                  null                         null                 
EVERYDAY UHT 225ML                                86          1719               null       null                  null                         null                 

                                ----------------------------------------------------------------------------------------------------                                


Main Category:                BFC                                                         
Scenarios:                    Display Space Available                           ==>       null                          

Product Category:             BFC                                                         
Products:                                         Facing      Stock Taking/      Depth      Overwrite Facing      Overwrite Stock Taking/      Overwrite Depth      
                                                              Stock Count                                         Overwrite Stock Count                             
Nestle KOKO KRUNCH 80GM                           113         1746               null       null                  null                         null                 
MILO Cereal 80GM                                  115         1748               null       null                  null                         null                 
Nestle KOKO KRUNCH 330GM                          110         1743               null       null                  null                         null                 
Nestle KOKO KRUNCH 170GM                          112         1745               null       null                  null                         null                 
MILO Cereal 330GM                                 111         1744               null       null                  null                         null                 
MILO Cereal 170GM                                 114         1747               null       null                  null                         null                 

                                ----------------------------------------------------------------------------------------------------                                


Main Category:                Powder Tea Whitener                                         
Scenarios:                    Display Space Available                           ==>       null                          

Product Category:             Powder Tea Whitener                                         
Products:                                         Facing      Stock Taking/      Depth      Overwrite Facing      Overwrite Stock Taking/      Overwrite Depth      
                                                              Stock Count                                         Overwrite Stock Count                             
EVERYDAY 375GM                                    108         1741               null       null                  null                         null                 
EVERYDAY 950GM                                    107         1740               null       null                  null                         null                 
EVERYDAY 250GM                                    109         1742               null       null                  null                         null                 

                                ----------------------------------------------------------------------------------------------------                                


Main Category:                Juices                                                      
Scenarios:                    Display Space Available                           ==>       null                          

Product Category:             Juices                                                      
Products:                                         Facing      Stock Taking/      Depth      Overwrite Facing      Overwrite Stock Taking/      Overwrite Depth      
                                                              Stock Count                                         Overwrite Stock Count                             
FRUITA VITALS CHAUNSA 1000ML                      87          1720               null       null                  null                         null                 
FRUITA VITALS RED GRAPES 1000ML                   88          1721               null       null                  null                         null                 
FRUITA VITALS APPLE 1000ML                        89          1722               null       null                  null                         null                 
NESFRUTA MANGO 1000ML                             90          1723               null       null                  null                         null                 
FRUITA VITALS PEACH 1000ML                        91          1724               null       null                  null                         null                 
NESFRUTA APPLE 1000ML                             92          1725               null       null                  null                         null                 

                                ----------------------------------------------------------------------------------------------------                                


Main Category:                Infant Nutrition                                            
Scenarios:                    Display Space Available                           ==>       null                          

Product Category:             Infant Nutrition                                            
Products:                                         Facing      Stock Taking/      Depth      Overwrite Facing      Overwrite Stock Taking/      Overwrite Depth      
                                                              Stock Count                                         Overwrite Stock Count                             
LACTOGEN 1 200GM                                  95          1728               null       null                  null                         null                 
LACTOGEN 1 400GM                                  93          1726               null       null                  null                         null                 
LACTOGEN 2 400GM                                  94          1727               null       null                  null                         null                 
LACTOGEN 2 200GM                                  96          1729               null       null                  null                         null                 

                                ----------------------------------------------------------------------------------------------------                                


Main Category:                Dairy Powder                                                
Scenarios:                    Display Space Available                           ==>       null                          

Product Category:             Dairy Powder                                                
Products:                                         Facing      Stock Taking/      Depth      Overwrite Facing      Overwrite Stock Taking/      Overwrite Depth      
                                                              Stock Count                                         Overwrite Stock Count                             
Nido Fortigrow 910GM                              105         1738               null       null                  null                         null                 
NESTLE BUNYAD 260GM                               104         1737               null       null                  null                         null                 
NESTLE BUNYAD 910GM                               106         1739               null       null                  null                         null                 

                                ----------------------------------------------------------------------------------------------------                                


Main Category:                Coffee                                                      
Scenarios:                    Display Space Available                           ==>       null                          

Product Category:             Coffee                                                      
Products:                                         Facing      Stock Taking/      Depth      Overwrite Facing      Overwrite Stock Taking/      Overwrite Depth      
                                                              Stock Count                                         Overwrite Stock Count                             
NESCAFE 3IN1 BOX 20GM                             116         1749               null       null                  null                         null                 
NESCAFE CLASSIC 50GM                              118         1751               null       null                  null                         null                 
NESCAFE CLASSIC 100GM                             117         1750               null       null                  null                         null                 

                                ----------------------------------------------------------------------------------------------------                                


Main Category:                Confectionery and Culinary                                  
Scenarios:                    Display Space Available                           ==>       null                          

Product Category:             Confectionery and Culinary                                  
Products:                                         Facing      Stock Taking/      Depth      Overwrite Facing      Overwrite Stock Taking/      Overwrite Depth      
                                                              Stock Count                                         Overwrite Stock Count                             
MAGGI Noodles CHICKEN 65GM                        119         1752               null       null                  null                         null                 
MAGGI Noodles CHATPATA 65GM                       120         1753               null       null                  null                         null                 

                                ----------------------------------------------------------------------------------------------------                                


<-------------------------------------------------------------------------------------------------------------------------------------->



2018-12-13 19:09:28 - [MESSAGE][PASSED] - com.ct.qa.keywords.ShopVisitingScenariosKeywords.visitShopWith_DataVerification is PASSED]]></system-out>
         <system-err><![CDATA[]]></system-err>
      </testcase>
      <system-out><![CDATA[2018-12-13 18:50:33 - [TEST_SUITE][PASSED] - MMA Merchandising Data Verification: Test Cases/VisitShopScenarios/VisitShopsWithDataVerification]]></system-out>
      <system-err><![CDATA[]]></system-err>
   </testsuite>
</testsuites>
