<?xml version="1.0" encoding="UTF-8"?>
<testsuites name="MMA Plus Merchandising Data Verification" time="1141" tests="2" failures="0" errors="0">
   <testsuite name="MMA Plus Merchandising Data Verification" tests="2" failures="0" errors="0" time="1141" timestamp="2019-04-19 19:05:11" hostname="Fahad Shah - DESKTOP-L12UUAD" id="Test Suites/MMA Plus Merchandising Data Verification">
      <properties>
[...]
</properties>
      <testcase name="Test Cases/LaunchingApp/LaunchApp" classname="Test Cases/LaunchingApp/LaunchApp" status="PASSED">
         <system-out><![CDATA[2019-04-19 19:05:11 - [TEST_CASE][PASSED] - Test Cases/LaunchingApp/LaunchApp: Test Cases/LaunchingApp/LaunchApp

2019-04-19 19:05:12 - [TEST_STEP][PASSED] - startApplication("F:\QA_Automation\Builds\mmaplus_170419_local_v154 (2).apk", false): Started app at: 'F:\QA_Automation\Builds\mmaplus_170419_local_v154 (2).apk'

2019-04-19 19:05:13 - [MESSAGE][INFO] - User set preference: ['deviceId', '']

2019-04-19 19:05:17 - [MESSAGE][INFO] - Appium server started on port 56,839

2019-04-19 19:05:30 - [MESSAGE][PASSED] - Started app at: 'F:\QA_Automation\Builds\mmaplus_170419_local_v154 (2).apk'

2019-04-19 19:05:30 - [TEST_STEP][PASSED] - delay(5): Delayed 5 second(s)

2019-04-19 19:05:35 - [MESSAGE][PASSED] - Delayed 5 second(s)]]></system-out>
         <system-err><![CDATA[]]></system-err>
      </testcase>
      <testcase name="Test Cases/VisitShopScenarios/VisitShopsWithDataVerification" classname="Test Cases/VisitShopScenarios/VisitShopsWithDataVerification" status="PASSED">
         <system-out><![CDATA[2019-04-19 19:05:35 - [TEST_CASE][PASSED] - Test Cases/VisitShopScenarios/VisitShopsWithDataVerification: Test Cases/VisitShopScenarios/VisitShopsWithDataVerification

2019-04-19 19:05:36 - [TEST_STEP][PASSED] - verifyElementText(findTestObject("DashboardScreenElements/Validate_DashboardScreen", ["package":PACKAGENAME]), "Dashboard"): Actual text and expected text of test object 'Object Repository/DashboardScreenElements/Validate_DashboardScreen' are matched.

2019-04-19 19:05:39 - [MESSAGE][PASSED] - Actual text and expected text of test object 'Object Repository/DashboardScreenElements/Validate_DashboardScreen' are matched.

2019-04-19 19:05:39 - [TEST_STEP][PASSED] - com.ct.qa.keywords.CommonKeywords.selectday(): com.ct.qa.keywords.CommonKeywords.selectday is PASSED

2019-04-19 19:05:39 - [MESSAGE][WARNING] - Timeout '0' is invalid. Using default page load timeout: '6'

2019-04-19 19:05:41 - [MESSAGE][PASSED] - Tapped on element 'Object Repository/DashboardScreenElements/DaysDropdownMenu'

2019-04-19 19:05:41 - [MESSAGE][WARNING] - Timeout '0' is invalid. Using default page load timeout: '6'

2019-04-19 19:05:42 - [MESSAGE][PASSED] - Element 'Object Repository/DashboardScreenElements/Validate_DaysListScreen' is exist

2019-04-19 19:05:44 - [MESSAGE][PASSED] - com.ct.qa.keywords.CommonKeywords.selectday is PASSED

2019-04-19 19:05:44 - [TEST_STEP][PASSED] - tap(findTestObject("DashboardScreenElements/StartYourDay", ["package":PACKAGENAME]), 0): Tapped on element 'Object Repository/DashboardScreenElements/StartYourDay'

2019-04-19 19:05:44 - [MESSAGE][WARNING] - Timeout '0' is invalid. Using default page load timeout: '6'

2019-04-19 19:05:45 - [MESSAGE][PASSED] - Tapped on element 'Object Repository/DashboardScreenElements/StartYourDay'

2019-04-19 19:05:45 - [TEST_STEP][PASSED] - verifyElementText(findTestObject("Validate_ShopListScreen", ["package":PACKAGENAME]), "Shops on Route"): Actual text and expected text of test object 'Object Repository/Validate_ShopListScreen' are matched.

2019-04-19 19:05:47 - [MESSAGE][PASSED] - Actual text and expected text of test object 'Object Repository/Validate_ShopListScreen' are matched.

2019-04-19 19:05:47 - [TEST_STEP][PASSED] - com.ct.qa.keywords.ShopVisitingScenariosKeywords.visitShopWith_DataVerification(): com.ct.qa.keywords.ShopVisitingScenariosKeywords.visitShopWith_DataVerification is PASSED

2019-04-19 19:05:52 - [MESSAGE][PASSED] - Actual text and expected text of test object 'Object Repository/Validate_ShopOptionsScreen' are matched.

2019-04-19 19:05:54 - [MESSAGE][WARNING] - Timeout '0' is invalid. Using default page load timeout: '6'

2019-04-19 19:05:55 - [MESSAGE][PASSED] - Tapped on element 'Object Repository/StartWorking'

2019-04-19 19:06:10 - [MESSAGE][PASSED] - Delayed 15 second(s)

2019-04-19 19:06:12 - [MESSAGE][PASSED] - Element 'Object Repository/CommonScreenElements/Validate_MapScreen' is exist

2019-04-19 19:06:12 - [MESSAGE][WARNING] - Timeout '0' is invalid. Using default page load timeout: '6'

2019-04-19 19:06:12 - [MESSAGE][PASSED] - Tapped on element 'Object Repository/CommonScreenElements/Location_CheckIn'

2019-04-19 19:06:12 - [MESSAGE][WARNING] - Timeout '0' is invalid. Using default page load timeout: '6'

2019-04-19 19:06:13 - [MESSAGE][PASSED] - Element 'Object Repository/CommonScreenElements/Validate_InfoPopUP' is exist

2019-04-19 19:06:13 - [MESSAGE][WARNING] - Timeout '0' is invalid. Using default page load timeout: '6'

2019-04-19 19:06:14 - [MESSAGE][PASSED] - Tapped on element 'Object Repository/CommonScreenElements/InfoPopUp_NoButton'

2019-04-19 19:06:14 - [TEST_CASE][PASSED] - Test Cases/ShopOpen/VisitShopOpen: Test Cases/ShopOpen/VisitShopOpen

2019-04-19 19:06:14 - [TEST_STEP][PASSED] - verifyElementExist(findTestObject("ShopActions_List", ["package":PACKAGENAME]), 0): Element 'Object Repository/ShopActions_List' is exist

2019-04-19 19:06:14 - [MESSAGE][WARNING] - Timeout '0' is invalid. Using default page load timeout: '6'

2019-04-19 19:06:15 - [MESSAGE][PASSED] - Element 'Object Repository/ShopActions_List' is exist

2019-04-19 19:06:15 - [TEST_STEP][PASSED] - tap(findTestObject("ShopOpen/ShopOpen", ["package":PACKAGENAME]), 0): Tapped on element 'Object Repository/ShopOpen/ShopOpen'

2019-04-19 19:06:15 - [MESSAGE][WARNING] - Timeout '0' is invalid. Using default page load timeout: '6'

2019-04-19 19:06:17 - [MESSAGE][PASSED] - Tapped on element 'Object Repository/ShopOpen/ShopOpen'

2019-04-19 19:06:17 - [TEST_STEP][PASSED] - com.ct.qa.keywords.CommonKeywords.takePicture(): com.ct.qa.keywords.CommonKeywords.takePicture is PASSED

2019-04-19 19:06:17 - [MESSAGE][WARNING] - Timeout '0' is invalid. Using default page load timeout: '6'

2019-04-19 19:06:18 - [MESSAGE][PASSED] - Element 'Object Repository/CommonScreenElements/Validate_CameraScreen' is exist

2019-04-19 19:06:18 - [MESSAGE][WARNING] - Timeout '0' is invalid. Using default page load timeout: '6'

2019-04-19 19:06:21 - [MESSAGE][PASSED] - Tapped on element 'Object Repository/CommonScreenElements/Camera_TakePictureButton'

2019-04-19 19:06:26 - [MESSAGE][PASSED] - Delayed 5 second(s)

2019-04-19 19:06:26 - [MESSAGE][WARNING] - Timeout '0' is invalid. Using default page load timeout: '6'

2019-04-19 19:06:27 - [MESSAGE][PASSED] - Tapped on element 'Object Repository/CommonScreenElements/Camera_DoneButton'

2019-04-19 19:06:27 - [MESSAGE][PASSED] - com.ct.qa.keywords.CommonKeywords.takePicture is PASSED

2019-04-19 19:06:27 - [MESSAGE][PASSED] - Call Test Case 'Test Cases/ShopOpen/VisitShopOpen' successfully

2019-04-19 19:06:27 - [TEST_CASE][PASSED] - Test Cases/ShopOpen/VisitCategoryScenarios/VisitShopCategoriesWithDataVerification: Test Cases/ShopOpen/VisitCategoryScenarios/VisitShopCategoriesWithDataVerification

2019-04-19 19:06:28 - [TEST_STEP][PASSED] - verifyElementExist(findTestObject("ShopOpen/Validate_ShopCategoriesListScreen", ["package":PACKAGENAME]), 0): Element 'Object Repository/ShopOpen/Validate_ShopCategoriesListScreen' is exist

2019-04-19 19:06:28 - [MESSAGE][WARNING] - Timeout '0' is invalid. Using default page load timeout: '6'

2019-04-19 19:06:29 - [MESSAGE][PASSED] - Element 'Object Repository/ShopOpen/Validate_ShopCategoriesListScreen' is exist

2019-04-19 19:06:29 - [TEST_STEP][PASSED] - com.ct.qa.keywords.CategoryVisitingScenariosKeywords.visitShopCategoriesWithDataVerification(): com.ct.qa.keywords.CategoryVisitingScenariosKeywords.visitShopCategoriesWithDataVerification is PASSED

2019-04-19 19:06:33 - [MESSAGE][PASSED] - Swiped from 0,240 to 0,200

2019-04-19 19:06:36 - [MESSAGE][PASSED] - Swiped from 0,293 to 0,200

2019-04-19 19:06:40 - [MESSAGE][PASSED] - Swiped from 0,293 to 0,200

2019-04-19 19:06:43 - [MESSAGE][PASSED] - Swiped from 0,293 to 0,200

2019-04-19 19:06:47 - [MESSAGE][PASSED] - Swiped from 0,293 to 0,200

2019-04-19 19:06:50 - [MESSAGE][PASSED] - Swiped from 0,293 to 0,200

2019-04-19 19:06:53 - [MESSAGE][PASSED] - Swiped from 0,200 to 0,750

2019-04-19 19:06:54 - [MESSAGE][PASSED] - Swiped from 0,200 to 0,750

2019-04-19 19:06:56 - [MESSAGE][WARNING] - Timeout '0' is invalid. Using default page load timeout: '6'

2019-04-19 19:07:03 - [MESSAGE][WARNING] - Element 'Object Repository/CommonScreenElements/Validate_CameraScreen' not found
[[ATTACHMENT|F:\\Git Projects\\MMAPlus_Merchandising\\MMAPlus_Merchandising\\Reports\\MMA Plus Merchandising Data Verification\\20190419_190508\\1555682822621.png]]

2019-04-19 19:07:03 - [MESSAGE][PASSED] - Actual text and expected text of test object 'Object Repository/ShopOpen/Chiller/Validate_ChillerScreen' are matched.

2019-04-19 19:07:05 - [TEST_CASE][PASSED] - Test Cases/ShopOpen/Chiller/VisitChillerWithChillerNotAllocated: Test Cases/ShopOpen/Chiller/VisitChillerWithChillerNotAllocated

2019-04-19 19:07:05 - [TEST_STEP][PASSED] - verifyElementText(findTestObject("ShopOpen/Chiller/Validate_ChillerNotAllocatedProductCategoryScreen", ["package":PACKAGENAME]), "Category:Chiller"): Actual text and expected text of test object 'Object Repository/ShopOpen/Chiller/Validate_ChillerNotAllocatedProductCategoryScreen' are matched.

2019-04-19 19:07:06 - [MESSAGE][PASSED] - Actual text and expected text of test object 'Object Repository/ShopOpen/Chiller/Validate_ChillerNotAllocatedProductCategoryScreen' are matched.

2019-04-19 19:07:06 - [TEST_STEP][PASSED] - com.ct.qa.keywords.ChannelProductsDataKeywords.visitChillerNotAllocatedProductCategories(1): com.ct.qa.keywords.ChannelProductsDataKeywords.visitChillerNotAllocatedProductCategories is PASSED

2019-04-19 19:07:10 - [TEST_CASE][PASSED] - Test Cases/ShopOpen/Chiller/VisitProductCategoryAssets: Test Cases/ShopOpen/Chiller/VisitProductCategoryAssets

2019-04-19 19:07:10 - [TEST_STEP][PASSED] - verifyElementText(findTestObject("ShopOpen/Chiller/Validate_ProductCategoryAssetsScreen", ["package":PACKAGENAME]), "Facing"): Actual text and expected text of test object 'Object Repository/ShopOpen/Chiller/Validate_ProductCategoryAssetsScreen' are matched.

2019-04-19 19:07:11 - [MESSAGE][PASSED] - Actual text and expected text of test object 'Object Repository/ShopOpen/Chiller/Validate_ProductCategoryAssetsScreen' are matched.

2019-04-19 19:07:11 - [TEST_STEP][PASSED] - tap(findTestObject("ShopOpen/Chiller/Facing", ["package":PACKAGENAME]), 0): Tapped on element 'Object Repository/ShopOpen/Chiller/Facing'

2019-04-19 19:07:11 - [MESSAGE][WARNING] - Timeout '0' is invalid. Using default page load timeout: '6'

2019-04-19 19:07:12 - [MESSAGE][PASSED] - Tapped on element 'Object Repository/ShopOpen/Chiller/Facing'

2019-04-19 19:07:12 - [TEST_STEP][PASSED] - verifyElementText(findTestObject("ShopOpen/Chiller/Validate_FacingScreen", ["package":PACKAGENAME]), "Facing"): Actual text and expected text of test object 'Object Repository/ShopOpen/Chiller/Validate_FacingScreen' are matched.

2019-04-19 19:07:13 - [MESSAGE][PASSED] - Actual text and expected text of test object 'Object Repository/ShopOpen/Chiller/Validate_FacingScreen' are matched.

2019-04-19 19:07:13 - [TEST_STEP][PASSED] - com.ct.qa.keywords.ChannelProductsDataKeywords.visitChannelWiseProductsData(CHANNEL_CHILLER_FACING, "Facing"): com.ct.qa.keywords.ChannelProductsDataKeywords.visitChannelWiseProductsData is PASSED

2019-04-19 19:07:18 - [MESSAGE][PASSED] - Keyboard is hidden

2019-04-19 19:07:21 - [MESSAGE][PASSED] - Keyboard is hidden

2019-04-19 19:07:24 - [MESSAGE][PASSED] - Keyboard is hidden

2019-04-19 19:07:27 - [MESSAGE][PASSED] - Keyboard is hidden

2019-04-19 19:07:30 - [MESSAGE][PASSED] - Keyboard is hidden

2019-04-19 19:07:33 - [MESSAGE][PASSED] - Keyboard is hidden

2019-04-19 19:07:35 - [MESSAGE][PASSED] - Swiped from 30,359 to 30,250

2019-04-19 19:07:37 - [MESSAGE][PASSED] - com.ct.qa.keywords.ChannelProductsDataKeywords.visitChannelWiseProductsData is PASSED

2019-04-19 19:07:37 - [TEST_STEP][PASSED] - tap(findTestObject("ShopOpen/Chiller/SubmitButton", ["package":PACKAGENAME]), 0): Tapped on element 'Object Repository/ShopOpen/Chiller/SubmitButton'

2019-04-19 19:07:37 - [MESSAGE][WARNING] - Timeout '0' is invalid. Using default page load timeout: '6'

2019-04-19 19:07:38 - [MESSAGE][PASSED] - Tapped on element 'Object Repository/ShopOpen/Chiller/SubmitButton'

2019-04-19 19:07:38 - [TEST_STEP][PASSED] - verifyElementText(findTestObject("ShopOpen/Chiller/Validate_ProductCategoryAssetsScreen", ["package":PACKAGENAME]), "Facing"): Actual text and expected text of test object 'Object Repository/ShopOpen/Chiller/Validate_ProductCategoryAssetsScreen' are matched.

2019-04-19 19:07:38 - [MESSAGE][PASSED] - Actual text and expected text of test object 'Object Repository/ShopOpen/Chiller/Validate_ProductCategoryAssetsScreen' are matched.

2019-04-19 19:07:38 - [TEST_STEP][PASSED] - tap(findTestObject("ShopOpen/Chiller/StockTaking", ["package":PACKAGENAME]), 0): Tapped on element 'Object Repository/ShopOpen/Chiller/StockTaking'

2019-04-19 19:07:38 - [MESSAGE][WARNING] - Timeout '0' is invalid. Using default page load timeout: '6'

2019-04-19 19:07:39 - [MESSAGE][PASSED] - Tapped on element 'Object Repository/ShopOpen/Chiller/StockTaking'

2019-04-19 19:07:39 - [TEST_STEP][PASSED] - verifyElementText(findTestObject("ShopOpen/Chiller/Validate_StockTakingScreen", ["package":PACKAGENAME]), "Stock Taking"): Actual text and expected text of test object 'Object Repository/ShopOpen/Chiller/Validate_StockTakingScreen' are matched.

2019-04-19 19:07:40 - [MESSAGE][PASSED] - Actual text and expected text of test object 'Object Repository/ShopOpen/Chiller/Validate_StockTakingScreen' are matched.

2019-04-19 19:07:40 - [TEST_STEP][PASSED] - com.ct.qa.keywords.ChannelProductsDataKeywords.visitChannelWiseProductsData(CHANNEL_CHILLER_STOCKTAKING, "Stock Taking"): com.ct.qa.keywords.ChannelProductsDataKeywords.visitChannelWiseProductsData is PASSED

2019-04-19 19:07:45 - [MESSAGE][PASSED] - Keyboard is hidden

2019-04-19 19:07:48 - [MESSAGE][PASSED] - Keyboard is hidden

2019-04-19 19:07:51 - [MESSAGE][PASSED] - Keyboard is hidden

2019-04-19 19:07:54 - [MESSAGE][PASSED] - Keyboard is hidden

2019-04-19 19:07:57 - [MESSAGE][PASSED] - Keyboard is hidden

2019-04-19 19:08:00 - [MESSAGE][PASSED] - Keyboard is hidden

2019-04-19 19:08:01 - [MESSAGE][PASSED] - Swiped from 30,359 to 30,250

2019-04-19 19:08:03 - [MESSAGE][PASSED] - com.ct.qa.keywords.ChannelProductsDataKeywords.visitChannelWiseProductsData is PASSED

2019-04-19 19:08:03 - [TEST_STEP][PASSED] - tap(findTestObject("ShopOpen/Chiller/SubmitButton", ["package":PACKAGENAME]), 0): Tapped on element 'Object Repository/ShopOpen/Chiller/SubmitButton'

2019-04-19 19:08:03 - [MESSAGE][WARNING] - Timeout '0' is invalid. Using default page load timeout: '6'

2019-04-19 19:08:04 - [MESSAGE][PASSED] - Tapped on element 'Object Repository/ShopOpen/Chiller/SubmitButton'

2019-04-19 19:08:04 - [TEST_STEP][PASSED] - verifyElementText(findTestObject("ShopOpen/Chiller/Validate_ProductCategoryAssetsScreen", ["package":PACKAGENAME]), "Facing"): Actual text and expected text of test object 'Object Repository/ShopOpen/Chiller/Validate_ProductCategoryAssetsScreen' are matched.

2019-04-19 19:08:05 - [MESSAGE][PASSED] - Actual text and expected text of test object 'Object Repository/ShopOpen/Chiller/Validate_ProductCategoryAssetsScreen' are matched.

2019-04-19 19:08:05 - [TEST_STEP][PASSED] - tap(findTestObject("ShopOpen/Chiller/ChillerNotAllocatedProductCategory_BackButton", ["package":PACKAGENAME]), 0): Tapped on element 'Object Repository/ShopOpen/Chiller/ChillerNotAllocatedProductCategory_BackButton'

2019-04-19 19:08:05 - [MESSAGE][WARNING] - Timeout '0' is invalid. Using default page load timeout: '6'

2019-04-19 19:08:06 - [MESSAGE][PASSED] - Tapped on element 'Object Repository/ShopOpen/Chiller/ChillerNotAllocatedProductCategory_BackButton'

2019-04-19 19:08:06 - [MESSAGE][PASSED] - Call Test Case 'Test Cases/ShopOpen/Chiller/VisitProductCategoryAssets' successfully

2019-04-19 19:08:06 - [MESSAGE][PASSED] - Actual text and expected text of test object 'Object Repository/ShopOpen/Chiller/Validate_ChillerNotAllocatedProductCategoryScreen' are matched.

2019-04-19 19:08:08 - [TEST_CASE][PASSED] - Test Cases/ShopOpen/Chiller/VisitProductCategoryAssets: Test Cases/ShopOpen/Chiller/VisitProductCategoryAssets

2019-04-19 19:08:08 - [TEST_STEP][PASSED] - verifyElementText(findTestObject("ShopOpen/Chiller/Validate_ProductCategoryAssetsScreen", ["package":PACKAGENAME]), "Facing"): Actual text and expected text of test object 'Object Repository/ShopOpen/Chiller/Validate_ProductCategoryAssetsScreen' are matched.

2019-04-19 19:08:09 - [MESSAGE][PASSED] - Actual text and expected text of test object 'Object Repository/ShopOpen/Chiller/Validate_ProductCategoryAssetsScreen' are matched.

2019-04-19 19:08:09 - [TEST_STEP][PASSED] - tap(findTestObject("ShopOpen/Chiller/Facing", ["package":PACKAGENAME]), 0): Tapped on element 'Object Repository/ShopOpen/Chiller/Facing'

2019-04-19 19:08:09 - [MESSAGE][WARNING] - Timeout '0' is invalid. Using default page load timeout: '6'

2019-04-19 19:08:10 - [MESSAGE][PASSED] - Tapped on element 'Object Repository/ShopOpen/Chiller/Facing'

2019-04-19 19:08:10 - [TEST_STEP][PASSED] - verifyElementText(findTestObject("ShopOpen/Chiller/Validate_FacingScreen", ["package":PACKAGENAME]), "Facing"): Actual text and expected text of test object 'Object Repository/ShopOpen/Chiller/Validate_FacingScreen' are matched.

2019-04-19 19:08:11 - [MESSAGE][PASSED] - Actual text and expected text of test object 'Object Repository/ShopOpen/Chiller/Validate_FacingScreen' are matched.

2019-04-19 19:08:11 - [TEST_STEP][PASSED] - com.ct.qa.keywords.ChannelProductsDataKeywords.visitChannelWiseProductsData(CHANNEL_CHILLER_FACING, "Facing"): com.ct.qa.keywords.ChannelProductsDataKeywords.visitChannelWiseProductsData is PASSED

2019-04-19 19:08:16 - [MESSAGE][PASSED] - Keyboard is hidden

2019-04-19 19:08:19 - [MESSAGE][PASSED] - Keyboard is hidden

2019-04-19 19:08:22 - [MESSAGE][PASSED] - Keyboard is hidden

2019-04-19 19:08:25 - [MESSAGE][PASSED] - Keyboard is hidden

2019-04-19 19:08:28 - [MESSAGE][PASSED] - Keyboard is hidden

2019-04-19 19:08:31 - [MESSAGE][PASSED] - Keyboard is hidden

2019-04-19 19:08:33 - [MESSAGE][PASSED] - Swiped from 18,359 to 18,250

2019-04-19 19:08:38 - [MESSAGE][PASSED] - Keyboard is hidden

2019-04-19 19:08:39 - [MESSAGE][PASSED] - Swiped from 18,359 to 18,250

2019-04-19 19:08:44 - [MESSAGE][PASSED] - Keyboard is hidden

2019-04-19 19:08:46 - [MESSAGE][PASSED] - Swiped from 18,359 to 18,250

2019-04-19 19:08:48 - [MESSAGE][PASSED] - com.ct.qa.keywords.ChannelProductsDataKeywords.visitChannelWiseProductsData is PASSED

2019-04-19 19:08:48 - [TEST_STEP][PASSED] - tap(findTestObject("ShopOpen/Chiller/SubmitButton", ["package":PACKAGENAME]), 0): Tapped on element 'Object Repository/ShopOpen/Chiller/SubmitButton'

2019-04-19 19:08:48 - [MESSAGE][WARNING] - Timeout '0' is invalid. Using default page load timeout: '6'

2019-04-19 19:08:49 - [MESSAGE][PASSED] - Tapped on element 'Object Repository/ShopOpen/Chiller/SubmitButton'

2019-04-19 19:08:49 - [TEST_STEP][PASSED] - verifyElementText(findTestObject("ShopOpen/Chiller/Validate_ProductCategoryAssetsScreen", ["package":PACKAGENAME]), "Facing"): Actual text and expected text of test object 'Object Repository/ShopOpen/Chiller/Validate_ProductCategoryAssetsScreen' are matched.

2019-04-19 19:08:49 - [MESSAGE][PASSED] - Actual text and expected text of test object 'Object Repository/ShopOpen/Chiller/Validate_ProductCategoryAssetsScreen' are matched.

2019-04-19 19:08:49 - [TEST_STEP][PASSED] - tap(findTestObject("ShopOpen/Chiller/StockTaking", ["package":PACKAGENAME]), 0): Tapped on element 'Object Repository/ShopOpen/Chiller/StockTaking'

2019-04-19 19:08:49 - [MESSAGE][WARNING] - Timeout '0' is invalid. Using default page load timeout: '6'

2019-04-19 19:08:51 - [MESSAGE][PASSED] - Tapped on element 'Object Repository/ShopOpen/Chiller/StockTaking'

2019-04-19 19:08:51 - [TEST_STEP][PASSED] - verifyElementText(findTestObject("ShopOpen/Chiller/Validate_StockTakingScreen", ["package":PACKAGENAME]), "Stock Taking"): Actual text and expected text of test object 'Object Repository/ShopOpen/Chiller/Validate_StockTakingScreen' are matched.

2019-04-19 19:08:52 - [MESSAGE][PASSED] - Actual text and expected text of test object 'Object Repository/ShopOpen/Chiller/Validate_StockTakingScreen' are matched.

2019-04-19 19:08:52 - [TEST_STEP][PASSED] - com.ct.qa.keywords.ChannelProductsDataKeywords.visitChannelWiseProductsData(CHANNEL_CHILLER_STOCKTAKING, "Stock Taking"): com.ct.qa.keywords.ChannelProductsDataKeywords.visitChannelWiseProductsData is PASSED

2019-04-19 19:08:57 - [MESSAGE][PASSED] - Keyboard is hidden

2019-04-19 19:09:00 - [MESSAGE][PASSED] - Keyboard is hidden

2019-04-19 19:09:03 - [MESSAGE][PASSED] - Keyboard is hidden

2019-04-19 19:09:06 - [MESSAGE][PASSED] - Keyboard is hidden

2019-04-19 19:09:09 - [MESSAGE][PASSED] - Keyboard is hidden

2019-04-19 19:09:12 - [MESSAGE][PASSED] - Keyboard is hidden

2019-04-19 19:09:14 - [MESSAGE][PASSED] - Swiped from 18,359 to 18,250

2019-04-19 19:09:19 - [MESSAGE][PASSED] - Keyboard is hidden

2019-04-19 19:09:20 - [MESSAGE][PASSED] - Swiped from 18,359 to 18,250

2019-04-19 19:09:25 - [MESSAGE][PASSED] - Keyboard is hidden

2019-04-19 19:09:27 - [MESSAGE][PASSED] - Swiped from 18,359 to 18,250

2019-04-19 19:09:29 - [MESSAGE][PASSED] - com.ct.qa.keywords.ChannelProductsDataKeywords.visitChannelWiseProductsData is PASSED

2019-04-19 19:09:29 - [TEST_STEP][PASSED] - tap(findTestObject("ShopOpen/Chiller/SubmitButton", ["package":PACKAGENAME]), 0): Tapped on element 'Object Repository/ShopOpen/Chiller/SubmitButton'

2019-04-19 19:09:29 - [MESSAGE][WARNING] - Timeout '0' is invalid. Using default page load timeout: '6'

2019-04-19 19:09:30 - [MESSAGE][PASSED] - Tapped on element 'Object Repository/ShopOpen/Chiller/SubmitButton'

2019-04-19 19:09:30 - [TEST_STEP][PASSED] - verifyElementText(findTestObject("ShopOpen/Chiller/Validate_ProductCategoryAssetsScreen", ["package":PACKAGENAME]), "Facing"): Actual text and expected text of test object 'Object Repository/ShopOpen/Chiller/Validate_ProductCategoryAssetsScreen' are matched.

2019-04-19 19:09:30 - [MESSAGE][PASSED] - Actual text and expected text of test object 'Object Repository/ShopOpen/Chiller/Validate_ProductCategoryAssetsScreen' are matched.

2019-04-19 19:09:30 - [TEST_STEP][PASSED] - tap(findTestObject("ShopOpen/Chiller/ChillerNotAllocatedProductCategory_BackButton", ["package":PACKAGENAME]), 0): Tapped on element 'Object Repository/ShopOpen/Chiller/ChillerNotAllocatedProductCategory_BackButton'

2019-04-19 19:09:30 - [MESSAGE][WARNING] - Timeout '0' is invalid. Using default page load timeout: '6'

2019-04-19 19:09:31 - [MESSAGE][PASSED] - Tapped on element 'Object Repository/ShopOpen/Chiller/ChillerNotAllocatedProductCategory_BackButton'

2019-04-19 19:09:31 - [MESSAGE][PASSED] - Call Test Case 'Test Cases/ShopOpen/Chiller/VisitProductCategoryAssets' successfully

2019-04-19 19:09:32 - [MESSAGE][PASSED] - Actual text and expected text of test object 'Object Repository/ShopOpen/Chiller/Validate_ChillerNotAllocatedProductCategoryScreen' are matched.

2019-04-19 19:09:33 - [TEST_CASE][PASSED] - Test Cases/ShopOpen/Chiller/VisitProductCategoryAssets: Test Cases/ShopOpen/Chiller/VisitProductCategoryAssets

2019-04-19 19:09:33 - [TEST_STEP][PASSED] - verifyElementText(findTestObject("ShopOpen/Chiller/Validate_ProductCategoryAssetsScreen", ["package":PACKAGENAME]), "Facing"): Actual text and expected text of test object 'Object Repository/ShopOpen/Chiller/Validate_ProductCategoryAssetsScreen' are matched.

2019-04-19 19:09:34 - [MESSAGE][PASSED] - Actual text and expected text of test object 'Object Repository/ShopOpen/Chiller/Validate_ProductCategoryAssetsScreen' are matched.

2019-04-19 19:09:34 - [TEST_STEP][PASSED] - tap(findTestObject("ShopOpen/Chiller/Facing", ["package":PACKAGENAME]), 0): Tapped on element 'Object Repository/ShopOpen/Chiller/Facing'

2019-04-19 19:09:34 - [MESSAGE][WARNING] - Timeout '0' is invalid. Using default page load timeout: '6'

2019-04-19 19:09:35 - [MESSAGE][PASSED] - Tapped on element 'Object Repository/ShopOpen/Chiller/Facing'

2019-04-19 19:09:35 - [TEST_STEP][PASSED] - verifyElementText(findTestObject("ShopOpen/Chiller/Validate_FacingScreen", ["package":PACKAGENAME]), "Facing"): Actual text and expected text of test object 'Object Repository/ShopOpen/Chiller/Validate_FacingScreen' are matched.

2019-04-19 19:09:36 - [MESSAGE][PASSED] - Actual text and expected text of test object 'Object Repository/ShopOpen/Chiller/Validate_FacingScreen' are matched.

2019-04-19 19:09:36 - [TEST_STEP][PASSED] - com.ct.qa.keywords.ChannelProductsDataKeywords.visitChannelWiseProductsData(CHANNEL_CHILLER_FACING, "Facing"): com.ct.qa.keywords.ChannelProductsDataKeywords.visitChannelWiseProductsData is PASSED

2019-04-19 19:09:40 - [MESSAGE][PASSED] - Keyboard is hidden

2019-04-19 19:09:41 - [MESSAGE][PASSED] - Swiped from 117,359 to 117,250

2019-04-19 19:09:41 - [MESSAGE][PASSED] - com.ct.qa.keywords.ChannelProductsDataKeywords.visitChannelWiseProductsData is PASSED

2019-04-19 19:09:41 - [TEST_STEP][PASSED] - tap(findTestObject("ShopOpen/Chiller/SubmitButton", ["package":PACKAGENAME]), 0): Tapped on element 'Object Repository/ShopOpen/Chiller/SubmitButton'

2019-04-19 19:09:41 - [MESSAGE][WARNING] - Timeout '0' is invalid. Using default page load timeout: '6'

2019-04-19 19:09:42 - [MESSAGE][PASSED] - Tapped on element 'Object Repository/ShopOpen/Chiller/SubmitButton'

2019-04-19 19:09:42 - [TEST_STEP][PASSED] - verifyElementText(findTestObject("ShopOpen/Chiller/Validate_ProductCategoryAssetsScreen", ["package":PACKAGENAME]), "Facing"): Actual text and expected text of test object 'Object Repository/ShopOpen/Chiller/Validate_ProductCategoryAssetsScreen' are matched.

2019-04-19 19:09:42 - [MESSAGE][PASSED] - Actual text and expected text of test object 'Object Repository/ShopOpen/Chiller/Validate_ProductCategoryAssetsScreen' are matched.

2019-04-19 19:09:42 - [TEST_STEP][PASSED] - tap(findTestObject("ShopOpen/Chiller/StockTaking", ["package":PACKAGENAME]), 0): Tapped on element 'Object Repository/ShopOpen/Chiller/StockTaking'

2019-04-19 19:09:42 - [MESSAGE][WARNING] - Timeout '0' is invalid. Using default page load timeout: '6'

2019-04-19 19:09:43 - [MESSAGE][PASSED] - Tapped on element 'Object Repository/ShopOpen/Chiller/StockTaking'

2019-04-19 19:09:43 - [TEST_STEP][PASSED] - verifyElementText(findTestObject("ShopOpen/Chiller/Validate_StockTakingScreen", ["package":PACKAGENAME]), "Stock Taking"): Actual text and expected text of test object 'Object Repository/ShopOpen/Chiller/Validate_StockTakingScreen' are matched.

2019-04-19 19:09:44 - [MESSAGE][PASSED] - Actual text and expected text of test object 'Object Repository/ShopOpen/Chiller/Validate_StockTakingScreen' are matched.

2019-04-19 19:09:44 - [TEST_STEP][PASSED] - com.ct.qa.keywords.ChannelProductsDataKeywords.visitChannelWiseProductsData(CHANNEL_CHILLER_STOCKTAKING, "Stock Taking"): com.ct.qa.keywords.ChannelProductsDataKeywords.visitChannelWiseProductsData is PASSED

2019-04-19 19:09:48 - [MESSAGE][PASSED] - Keyboard is hidden

2019-04-19 19:09:49 - [MESSAGE][PASSED] - Swiped from 117,359 to 117,250

2019-04-19 19:09:49 - [MESSAGE][PASSED] - com.ct.qa.keywords.ChannelProductsDataKeywords.visitChannelWiseProductsData is PASSED

2019-04-19 19:09:49 - [TEST_STEP][PASSED] - tap(findTestObject("ShopOpen/Chiller/SubmitButton", ["package":PACKAGENAME]), 0): Tapped on element 'Object Repository/ShopOpen/Chiller/SubmitButton'

2019-04-19 19:09:49 - [MESSAGE][WARNING] - Timeout '0' is invalid. Using default page load timeout: '6'

2019-04-19 19:09:50 - [MESSAGE][PASSED] - Tapped on element 'Object Repository/ShopOpen/Chiller/SubmitButton'

2019-04-19 19:09:50 - [TEST_STEP][PASSED] - verifyElementText(findTestObject("ShopOpen/Chiller/Validate_ProductCategoryAssetsScreen", ["package":PACKAGENAME]), "Facing"): Actual text and expected text of test object 'Object Repository/ShopOpen/Chiller/Validate_ProductCategoryAssetsScreen' are matched.

2019-04-19 19:09:50 - [MESSAGE][PASSED] - Actual text and expected text of test object 'Object Repository/ShopOpen/Chiller/Validate_ProductCategoryAssetsScreen' are matched.

2019-04-19 19:09:50 - [TEST_STEP][PASSED] - tap(findTestObject("ShopOpen/Chiller/ChillerNotAllocatedProductCategory_BackButton", ["package":PACKAGENAME]), 0): Tapped on element 'Object Repository/ShopOpen/Chiller/ChillerNotAllocatedProductCategory_BackButton'

2019-04-19 19:09:50 - [MESSAGE][WARNING] - Timeout '0' is invalid. Using default page load timeout: '6'

2019-04-19 19:09:51 - [MESSAGE][PASSED] - Tapped on element 'Object Repository/ShopOpen/Chiller/ChillerNotAllocatedProductCategory_BackButton'

2019-04-19 19:09:51 - [MESSAGE][PASSED] - Call Test Case 'Test Cases/ShopOpen/Chiller/VisitProductCategoryAssets' successfully

2019-04-19 19:09:52 - [MESSAGE][PASSED] - Actual text and expected text of test object 'Object Repository/ShopOpen/Chiller/Validate_ChillerNotAllocatedProductCategoryScreen' are matched.

2019-04-19 19:09:53 - [TEST_CASE][PASSED] - Test Cases/ShopOpen/Chiller/VisitProductCategoryAssets: Test Cases/ShopOpen/Chiller/VisitProductCategoryAssets

2019-04-19 19:09:53 - [TEST_STEP][PASSED] - verifyElementText(findTestObject("ShopOpen/Chiller/Validate_ProductCategoryAssetsScreen", ["package":PACKAGENAME]), "Facing"): Actual text and expected text of test object 'Object Repository/ShopOpen/Chiller/Validate_ProductCategoryAssetsScreen' are matched.

2019-04-19 19:09:54 - [MESSAGE][PASSED] - Actual text and expected text of test object 'Object Repository/ShopOpen/Chiller/Validate_ProductCategoryAssetsScreen' are matched.

2019-04-19 19:09:54 - [TEST_STEP][PASSED] - tap(findTestObject("ShopOpen/Chiller/Facing", ["package":PACKAGENAME]), 0): Tapped on element 'Object Repository/ShopOpen/Chiller/Facing'

2019-04-19 19:09:54 - [MESSAGE][WARNING] - Timeout '0' is invalid. Using default page load timeout: '6'

2019-04-19 19:09:55 - [MESSAGE][PASSED] - Tapped on element 'Object Repository/ShopOpen/Chiller/Facing'

2019-04-19 19:09:55 - [TEST_STEP][PASSED] - verifyElementText(findTestObject("ShopOpen/Chiller/Validate_FacingScreen", ["package":PACKAGENAME]), "Facing"): Actual text and expected text of test object 'Object Repository/ShopOpen/Chiller/Validate_FacingScreen' are matched.

2019-04-19 19:09:56 - [MESSAGE][PASSED] - Actual text and expected text of test object 'Object Repository/ShopOpen/Chiller/Validate_FacingScreen' are matched.

2019-04-19 19:09:56 - [TEST_STEP][PASSED] - com.ct.qa.keywords.ChannelProductsDataKeywords.visitChannelWiseProductsData(CHANNEL_CHILLER_FACING, "Facing"): com.ct.qa.keywords.ChannelProductsDataKeywords.visitChannelWiseProductsData is PASSED

2019-04-19 19:10:00 - [MESSAGE][PASSED] - Keyboard is hidden

2019-04-19 19:10:03 - [MESSAGE][PASSED] - Keyboard is hidden

2019-04-19 19:10:06 - [MESSAGE][PASSED] - Keyboard is hidden

2019-04-19 19:10:07 - [MESSAGE][PASSED] - Swiped from 117,359 to 117,250

2019-04-19 19:10:08 - [MESSAGE][PASSED] - com.ct.qa.keywords.ChannelProductsDataKeywords.visitChannelWiseProductsData is PASSED

2019-04-19 19:10:08 - [TEST_STEP][PASSED] - tap(findTestObject("ShopOpen/Chiller/SubmitButton", ["package":PACKAGENAME]), 0): Tapped on element 'Object Repository/ShopOpen/Chiller/SubmitButton'

2019-04-19 19:10:08 - [MESSAGE][WARNING] - Timeout '0' is invalid. Using default page load timeout: '6'

2019-04-19 19:10:09 - [MESSAGE][PASSED] - Tapped on element 'Object Repository/ShopOpen/Chiller/SubmitButton'

2019-04-19 19:10:09 - [TEST_STEP][PASSED] - verifyElementText(findTestObject("ShopOpen/Chiller/Validate_ProductCategoryAssetsScreen", ["package":PACKAGENAME]), "Facing"): Actual text and expected text of test object 'Object Repository/ShopOpen/Chiller/Validate_ProductCategoryAssetsScreen' are matched.

2019-04-19 19:10:09 - [MESSAGE][PASSED] - Actual text and expected text of test object 'Object Repository/ShopOpen/Chiller/Validate_ProductCategoryAssetsScreen' are matched.

2019-04-19 19:10:09 - [TEST_STEP][PASSED] - tap(findTestObject("ShopOpen/Chiller/StockTaking", ["package":PACKAGENAME]), 0): Tapped on element 'Object Repository/ShopOpen/Chiller/StockTaking'

2019-04-19 19:10:09 - [MESSAGE][WARNING] - Timeout '0' is invalid. Using default page load timeout: '6'

2019-04-19 19:10:10 - [MESSAGE][PASSED] - Tapped on element 'Object Repository/ShopOpen/Chiller/StockTaking'

2019-04-19 19:10:10 - [TEST_STEP][PASSED] - verifyElementText(findTestObject("ShopOpen/Chiller/Validate_StockTakingScreen", ["package":PACKAGENAME]), "Stock Taking"): Actual text and expected text of test object 'Object Repository/ShopOpen/Chiller/Validate_StockTakingScreen' are matched.

2019-04-19 19:10:11 - [MESSAGE][PASSED] - Actual text and expected text of test object 'Object Repository/ShopOpen/Chiller/Validate_StockTakingScreen' are matched.

2019-04-19 19:10:11 - [TEST_STEP][PASSED] - com.ct.qa.keywords.ChannelProductsDataKeywords.visitChannelWiseProductsData(CHANNEL_CHILLER_STOCKTAKING, "Stock Taking"): com.ct.qa.keywords.ChannelProductsDataKeywords.visitChannelWiseProductsData is PASSED

2019-04-19 19:10:16 - [MESSAGE][PASSED] - Keyboard is hidden

2019-04-19 19:10:19 - [MESSAGE][PASSED] - Keyboard is hidden

2019-04-19 19:10:22 - [MESSAGE][PASSED] - Keyboard is hidden

2019-04-19 19:10:24 - [MESSAGE][PASSED] - Swiped from 117,359 to 117,250

2019-04-19 19:10:24 - [MESSAGE][PASSED] - com.ct.qa.keywords.ChannelProductsDataKeywords.visitChannelWiseProductsData is PASSED

2019-04-19 19:10:24 - [TEST_STEP][PASSED] - tap(findTestObject("ShopOpen/Chiller/SubmitButton", ["package":PACKAGENAME]), 0): Tapped on element 'Object Repository/ShopOpen/Chiller/SubmitButton'

2019-04-19 19:10:24 - [MESSAGE][WARNING] - Timeout '0' is invalid. Using default page load timeout: '6'

2019-04-19 19:10:26 - [MESSAGE][PASSED] - Tapped on element 'Object Repository/ShopOpen/Chiller/SubmitButton'

2019-04-19 19:10:26 - [TEST_STEP][PASSED] - verifyElementText(findTestObject("ShopOpen/Chiller/Validate_ProductCategoryAssetsScreen", ["package":PACKAGENAME]), "Facing"): Actual text and expected text of test object 'Object Repository/ShopOpen/Chiller/Validate_ProductCategoryAssetsScreen' are matched.

2019-04-19 19:10:26 - [MESSAGE][PASSED] - Actual text and expected text of test object 'Object Repository/ShopOpen/Chiller/Validate_ProductCategoryAssetsScreen' are matched.

2019-04-19 19:10:26 - [TEST_STEP][PASSED] - tap(findTestObject("ShopOpen/Chiller/ChillerNotAllocatedProductCategory_BackButton", ["package":PACKAGENAME]), 0): Tapped on element 'Object Repository/ShopOpen/Chiller/ChillerNotAllocatedProductCategory_BackButton'

2019-04-19 19:10:26 - [MESSAGE][WARNING] - Timeout '0' is invalid. Using default page load timeout: '6'

2019-04-19 19:10:27 - [MESSAGE][PASSED] - Tapped on element 'Object Repository/ShopOpen/Chiller/ChillerNotAllocatedProductCategory_BackButton'

2019-04-19 19:10:27 - [MESSAGE][PASSED] - Call Test Case 'Test Cases/ShopOpen/Chiller/VisitProductCategoryAssets' successfully

2019-04-19 19:10:27 - [MESSAGE][PASSED] - Actual text and expected text of test object 'Object Repository/ShopOpen/Chiller/Validate_ChillerNotAllocatedProductCategoryScreen' are matched.

2019-04-19 19:10:27 - [MESSAGE][PASSED] - com.ct.qa.keywords.ChannelProductsDataKeywords.visitChillerNotAllocatedProductCategories is PASSED

2019-04-19 19:10:27 - [TEST_STEP][PASSED] - verifyElementText(findTestObject("ShopOpen/Chiller/Validate_ChillerNotAllocatedProductCategoryScreen", ["package":PACKAGENAME]), "Category:Chiller"): Actual text and expected text of test object 'Object Repository/ShopOpen/Chiller/Validate_ChillerNotAllocatedProductCategoryScreen' are matched.

2019-04-19 19:10:28 - [MESSAGE][PASSED] - Actual text and expected text of test object 'Object Repository/ShopOpen/Chiller/Validate_ChillerNotAllocatedProductCategoryScreen' are matched.

2019-04-19 19:10:28 - [TEST_STEP][PASSED] - com.ct.qa.keywords.CommonKeywords.visitPlanogramImageViewButton(): com.ct.qa.keywords.CommonKeywords.visitPlanogramImageViewButton is PASSED

2019-04-19 19:10:30 - [MESSAGE][WARNING] - Timeout '0' is invalid. Using default page load timeout: '6'

2019-04-19 19:10:37 - [MESSAGE][WARNING] - Object Object Repository/CommonScreenElements/InfoPopUp_OKButton not found
[[ATTACHMENT|F:\\Git Projects\\MMAPlus_Merchandising\\MMAPlus_Merchandising\\Reports\\MMA Plus Merchandising Data Verification\\20190419_190508\\1555683036139.png]]

2019-04-19 19:10:37 - [MESSAGE][PASSED] - com.ct.qa.keywords.CommonKeywords.visitPlanogramImageViewButton is PASSED

2019-04-19 19:10:37 - [TEST_STEP][PASSED] - verifyElementText(findTestObject("ShopOpen/Chiller/Validate_ChillerNotAllocatedProductCategoryScreen", ["package":PACKAGENAME]), "Category:Chiller"): Actual text and expected text of test object 'Object Repository/ShopOpen/Chiller/Validate_ChillerNotAllocatedProductCategoryScreen' are matched.

2019-04-19 19:10:38 - [MESSAGE][PASSED] - Actual text and expected text of test object 'Object Repository/ShopOpen/Chiller/Validate_ChillerNotAllocatedProductCategoryScreen' are matched.

2019-04-19 19:10:38 - [TEST_STEP][PASSED] - com.ct.qa.keywords.CommonKeywords.visitPictureImageViewButton(): com.ct.qa.keywords.CommonKeywords.visitPictureImageViewButton is PASSED

2019-04-19 19:10:41 - [MESSAGE][WARNING] - Timeout '0' is invalid. Using default page load timeout: '6'

2019-04-19 19:10:42 - [MESSAGE][PASSED] - Element 'Object Repository/CommonScreenElements/Validate_CameraScreen' is exist

2019-04-19 19:10:42 - [MESSAGE][WARNING] - Timeout '0' is invalid. Using default page load timeout: '6'

2019-04-19 19:10:45 - [MESSAGE][PASSED] - Tapped on element 'Object Repository/CommonScreenElements/Camera_TakePictureButton'

2019-04-19 19:10:50 - [MESSAGE][PASSED] - Delayed 5 second(s)

2019-04-19 19:10:50 - [MESSAGE][WARNING] - Timeout '0' is invalid. Using default page load timeout: '6'

2019-04-19 19:10:51 - [MESSAGE][PASSED] - Tapped on element 'Object Repository/CommonScreenElements/Camera_DoneButton'

2019-04-19 19:10:51 - [MESSAGE][PASSED] - com.ct.qa.keywords.CommonKeywords.visitPictureImageViewButton is PASSED

2019-04-19 19:10:51 - [TEST_STEP][PASSED] - verifyElementText(findTestObject("ShopOpen/Chiller/Validate_ChillerNotAllocatedProductCategoryScreen", ["package":PACKAGENAME]), "Category:Chiller"): Actual text and expected text of test object 'Object Repository/ShopOpen/Chiller/Validate_ChillerNotAllocatedProductCategoryScreen' are matched.

2019-04-19 19:10:51 - [MESSAGE][PASSED] - Actual text and expected text of test object 'Object Repository/ShopOpen/Chiller/Validate_ChillerNotAllocatedProductCategoryScreen' are matched.

2019-04-19 19:10:51 - [TEST_STEP][PASSED] - com.ct.qa.keywords.CommonKeywords.visitBackImageViewButton(): com.ct.qa.keywords.CommonKeywords.visitBackImageViewButton is PASSED

2019-04-19 19:10:54 - [MESSAGE][PASSED] - com.ct.qa.keywords.CommonKeywords.visitBackImageViewButton is PASSED

2019-04-19 19:10:54 - [TEST_STEP][PASSED] - verifyElementExist(findTestObject("ShopOpen/Validate_ShopCategoriesListScreen", ["package":PACKAGENAME]), 0): Element 'Object Repository/ShopOpen/Validate_ShopCategoriesListScreen' is exist

2019-04-19 19:10:54 - [MESSAGE][WARNING] - Timeout '0' is invalid. Using default page load timeout: '6'

2019-04-19 19:10:54 - [MESSAGE][PASSED] - Element 'Object Repository/ShopOpen/Validate_ShopCategoriesListScreen' is exist

2019-04-19 19:10:54 - [MESSAGE][PASSED] - Call Test Case 'Test Cases/ShopOpen/Chiller/VisitChillerWithChillerNotAllocated' successfully

2019-04-19 19:10:56 - [MESSAGE][WARNING] - Timeout '0' is invalid. Using default page load timeout: '6'

2019-04-19 19:11:03 - [MESSAGE][WARNING] - Element 'Object Repository/CommonScreenElements/Validate_CameraScreen' not found
[[ATTACHMENT|F:\\Git Projects\\MMAPlus_Merchandising\\MMAPlus_Merchandising\\Reports\\MMA Plus Merchandising Data Verification\\20190419_190508\\1555683062639.png]]

2019-04-19 19:11:03 - [MESSAGE][PASSED] - Actual text and expected text of test object 'Object Repository/ShopOpen/RemainingCategories/Validate_MainCategoryDetailScreen' are matched.

2019-04-19 19:11:04 - [TEST_CASE][PASSED] - Test Cases/ShopOpen/RemainingCategories/VisitRemainingCategoriesWithDSA: Test Cases/ShopOpen/RemainingCategories/VisitRemainingCategoriesWithDSA

2019-04-19 19:11:05 - [TEST_STEP][PASSED] - verifyElementText(findTestObject("ShopOpen/RemainingCategories/Validate_ProductCategoryAssetScreen", ["package":PACKAGENAME]), "Facing"): Actual text and expected text of test object 'Object Repository/ShopOpen/RemainingCategories/Validate_ProductCategoryAssetScreen' are matched.

2019-04-19 19:11:06 - [MESSAGE][PASSED] - Actual text and expected text of test object 'Object Repository/ShopOpen/RemainingCategories/Validate_ProductCategoryAssetScreen' are matched.

2019-04-19 19:11:06 - [TEST_STEP][PASSED] - tap(findTestObject("ShopOpen/RemainingCategories/Facing", ["package":PACKAGENAME]), 0): Tapped on element 'Object Repository/ShopOpen/RemainingCategories/Facing'

2019-04-19 19:11:06 - [MESSAGE][WARNING] - Timeout '0' is invalid. Using default page load timeout: '6'

2019-04-19 19:11:07 - [MESSAGE][PASSED] - Tapped on element 'Object Repository/ShopOpen/RemainingCategories/Facing'

2019-04-19 19:11:07 - [TEST_STEP][PASSED] - verifyElementText(findTestObject("ShopOpen/RemainingCategories/Validate_FacingScreen", ["package":PACKAGENAME]), "Facing"): Actual text and expected text of test object 'Object Repository/ShopOpen/RemainingCategories/Validate_FacingScreen' are matched.

2019-04-19 19:11:08 - [MESSAGE][PASSED] - Actual text and expected text of test object 'Object Repository/ShopOpen/RemainingCategories/Validate_FacingScreen' are matched.

2019-04-19 19:11:08 - [TEST_STEP][PASSED] - com.ct.qa.keywords.ChannelProductsDataKeywords.visitChannelWiseProductsData(CHANNEL_DSA_FACING, "Facing"): com.ct.qa.keywords.ChannelProductsDataKeywords.visitChannelWiseProductsData is PASSED

2019-04-19 19:11:13 - [MESSAGE][PASSED] - Keyboard is hidden

2019-04-19 19:11:16 - [MESSAGE][PASSED] - Keyboard is hidden

2019-04-19 19:11:19 - [MESSAGE][PASSED] - Keyboard is hidden

2019-04-19 19:11:22 - [MESSAGE][PASSED] - Keyboard is hidden

2019-04-19 19:11:25 - [MESSAGE][PASSED] - Keyboard is hidden

2019-04-19 19:11:28 - [MESSAGE][PASSED] - Keyboard is hidden

2019-04-19 19:11:29 - [MESSAGE][PASSED] - Swiped from 114,359 to 114,250

2019-04-19 19:11:31 - [MESSAGE][PASSED] - com.ct.qa.keywords.ChannelProductsDataKeywords.visitChannelWiseProductsData is PASSED

2019-04-19 19:11:31 - [TEST_STEP][PASSED] - tap(findTestObject("ShopOpen/RemainingCategories/SubmitButton", ["package":PACKAGENAME]), 0): Tapped on element 'Object Repository/ShopOpen/RemainingCategories/SubmitButton'

2019-04-19 19:11:31 - [MESSAGE][WARNING] - Timeout '0' is invalid. Using default page load timeout: '6'

2019-04-19 19:11:32 - [MESSAGE][PASSED] - Tapped on element 'Object Repository/ShopOpen/RemainingCategories/SubmitButton'

2019-04-19 19:11:32 - [TEST_STEP][PASSED] - verifyElementText(findTestObject("ShopOpen/RemainingCategories/Validate_ProductCategoryAssetScreen", ["package":PACKAGENAME]), "Facing"): Actual text and expected text of test object 'Object Repository/ShopOpen/RemainingCategories/Validate_ProductCategoryAssetScreen' are matched.

2019-04-19 19:11:33 - [MESSAGE][PASSED] - Actual text and expected text of test object 'Object Repository/ShopOpen/RemainingCategories/Validate_ProductCategoryAssetScreen' are matched.

2019-04-19 19:11:33 - [TEST_STEP][PASSED] - tap(findTestObject("ShopOpen/RemainingCategories/StockTaking", ["package":PACKAGENAME]), 0): Tapped on element 'Object Repository/ShopOpen/RemainingCategories/StockTaking'

2019-04-19 19:11:33 - [MESSAGE][WARNING] - Timeout '0' is invalid. Using default page load timeout: '6'

2019-04-19 19:11:34 - [MESSAGE][PASSED] - Tapped on element 'Object Repository/ShopOpen/RemainingCategories/StockTaking'

2019-04-19 19:11:34 - [TEST_STEP][PASSED] - verifyElementText(findTestObject("ShopOpen/RemainingCategories/Validate_StockTakingScreen", ["package":PACKAGENAME]), "Stock Taking"): Actual text and expected text of test object 'Object Repository/ShopOpen/RemainingCategories/Validate_StockTakingScreen' are matched.

2019-04-19 19:11:35 - [MESSAGE][PASSED] - Actual text and expected text of test object 'Object Repository/ShopOpen/RemainingCategories/Validate_StockTakingScreen' are matched.

2019-04-19 19:11:35 - [TEST_STEP][PASSED] - com.ct.qa.keywords.ChannelProductsDataKeywords.visitChannelWiseProductsData(CHANNEL_DSA_STOCKTAKING, "Stock Taking"): com.ct.qa.keywords.ChannelProductsDataKeywords.visitChannelWiseProductsData is PASSED

2019-04-19 19:11:40 - [MESSAGE][PASSED] - Keyboard is hidden

2019-04-19 19:11:43 - [MESSAGE][PASSED] - Keyboard is hidden

2019-04-19 19:11:46 - [MESSAGE][PASSED] - Keyboard is hidden

2019-04-19 19:11:49 - [MESSAGE][PASSED] - Keyboard is hidden

2019-04-19 19:11:52 - [MESSAGE][PASSED] - Keyboard is hidden

2019-04-19 19:11:55 - [MESSAGE][PASSED] - Keyboard is hidden

2019-04-19 19:11:57 - [MESSAGE][PASSED] - Swiped from 114,359 to 114,250

2019-04-19 19:11:58 - [MESSAGE][PASSED] - com.ct.qa.keywords.ChannelProductsDataKeywords.visitChannelWiseProductsData is PASSED

2019-04-19 19:11:58 - [TEST_STEP][PASSED] - tap(findTestObject("ShopOpen/RemainingCategories/SubmitButton", ["package":PACKAGENAME]), 0): Tapped on element 'Object Repository/ShopOpen/RemainingCategories/SubmitButton'

2019-04-19 19:11:58 - [MESSAGE][WARNING] - Timeout '0' is invalid. Using default page load timeout: '6'

2019-04-19 19:12:00 - [MESSAGE][PASSED] - Tapped on element 'Object Repository/ShopOpen/RemainingCategories/SubmitButton'

2019-04-19 19:12:00 - [TEST_STEP][PASSED] - verifyElementText(findTestObject("ShopOpen/RemainingCategories/Validate_ProductCategoryAssetScreen", ["package":PACKAGENAME]), "Facing"): Actual text and expected text of test object 'Object Repository/ShopOpen/RemainingCategories/Validate_ProductCategoryAssetScreen' are matched.

2019-04-19 19:12:00 - [MESSAGE][PASSED] - Actual text and expected text of test object 'Object Repository/ShopOpen/RemainingCategories/Validate_ProductCategoryAssetScreen' are matched.

2019-04-19 19:12:00 - [TEST_STEP][PASSED] - com.ct.qa.keywords.CommonKeywords.visitPlanogramImageViewButton(): com.ct.qa.keywords.CommonKeywords.visitPlanogramImageViewButton is PASSED

2019-04-19 19:12:02 - [MESSAGE][WARNING] - Timeout '0' is invalid. Using default page load timeout: '6'

2019-04-19 19:12:09 - [MESSAGE][WARNING] - Object Object Repository/CommonScreenElements/InfoPopUp_OKButton not found
[[ATTACHMENT|F:\\Git Projects\\MMAPlus_Merchandising\\MMAPlus_Merchandising\\Reports\\MMA Plus Merchandising Data Verification\\20190419_190508\\1555683128475.png]]

2019-04-19 19:12:10 - [MESSAGE][PASSED] - com.ct.qa.keywords.CommonKeywords.visitPlanogramImageViewButton is PASSED

2019-04-19 19:12:10 - [TEST_STEP][PASSED] - verifyElementText(findTestObject("ShopOpen/RemainingCategories/Validate_ProductCategoryAssetScreen", ["package":PACKAGENAME]), "Facing"): Actual text and expected text of test object 'Object Repository/ShopOpen/RemainingCategories/Validate_ProductCategoryAssetScreen' are matched.

2019-04-19 19:12:10 - [MESSAGE][PASSED] - Actual text and expected text of test object 'Object Repository/ShopOpen/RemainingCategories/Validate_ProductCategoryAssetScreen' are matched.

2019-04-19 19:12:10 - [TEST_STEP][PASSED] - com.ct.qa.keywords.CommonKeywords.visitPictureImageViewButton(): com.ct.qa.keywords.CommonKeywords.visitPictureImageViewButton is PASSED

2019-04-19 19:12:12 - [MESSAGE][WARNING] - Timeout '0' is invalid. Using default page load timeout: '6'

2019-04-19 19:12:13 - [MESSAGE][PASSED] - Element 'Object Repository/CommonScreenElements/Validate_CameraScreen' is exist

2019-04-19 19:12:13 - [MESSAGE][WARNING] - Timeout '0' is invalid. Using default page load timeout: '6'

2019-04-19 19:12:17 - [MESSAGE][PASSED] - Tapped on element 'Object Repository/CommonScreenElements/Camera_TakePictureButton'

2019-04-19 19:12:22 - [MESSAGE][PASSED] - Delayed 5 second(s)

2019-04-19 19:12:22 - [MESSAGE][WARNING] - Timeout '0' is invalid. Using default page load timeout: '6'

2019-04-19 19:12:23 - [MESSAGE][PASSED] - Tapped on element 'Object Repository/CommonScreenElements/Camera_DoneButton'

2019-04-19 19:12:23 - [MESSAGE][PASSED] - com.ct.qa.keywords.CommonKeywords.visitPictureImageViewButton is PASSED

2019-04-19 19:12:23 - [TEST_STEP][PASSED] - verifyElementText(findTestObject("ShopOpen/RemainingCategories/Validate_ProductCategoryAssetScreen", ["package":PACKAGENAME]), "Facing"): Actual text and expected text of test object 'Object Repository/ShopOpen/RemainingCategories/Validate_ProductCategoryAssetScreen' are matched.

2019-04-19 19:12:23 - [MESSAGE][PASSED] - Actual text and expected text of test object 'Object Repository/ShopOpen/RemainingCategories/Validate_ProductCategoryAssetScreen' are matched.

2019-04-19 19:12:23 - [TEST_STEP][PASSED] - com.ct.qa.keywords.CommonKeywords.visitBackImageViewButton(): com.ct.qa.keywords.CommonKeywords.visitBackImageViewButton is PASSED

2019-04-19 19:12:25 - [MESSAGE][PASSED] - com.ct.qa.keywords.CommonKeywords.visitBackImageViewButton is PASSED

2019-04-19 19:12:25 - [TEST_STEP][PASSED] - verifyElementExist(findTestObject("ShopOpen/Validate_ShopCategoriesListScreen", ["package":PACKAGENAME]), 0): Element 'Object Repository/ShopOpen/Validate_ShopCategoriesListScreen' is exist

2019-04-19 19:12:25 - [MESSAGE][WARNING] - Timeout '0' is invalid. Using default page load timeout: '6'

2019-04-19 19:12:26 - [MESSAGE][PASSED] - Element 'Object Repository/ShopOpen/Validate_ShopCategoriesListScreen' is exist

2019-04-19 19:12:26 - [MESSAGE][PASSED] - Call Test Case 'Test Cases/ShopOpen/RemainingCategories/VisitRemainingCategoriesWithDSA' successfully

2019-04-19 19:12:27 - [MESSAGE][WARNING] - Timeout '0' is invalid. Using default page load timeout: '6'

2019-04-19 19:12:34 - [MESSAGE][WARNING] - Element 'Object Repository/CommonScreenElements/Validate_CameraScreen' not found
[[ATTACHMENT|F:\\Git Projects\\MMAPlus_Merchandising\\MMAPlus_Merchandising\\Reports\\MMA Plus Merchandising Data Verification\\20190419_190508\\1555683153681.png]]

2019-04-19 19:12:34 - [MESSAGE][PASSED] - Actual text and expected text of test object 'Object Repository/ShopOpen/RemainingCategories/Validate_MainCategoryDetailScreen' are matched.

2019-04-19 19:12:36 - [TEST_CASE][PASSED] - Test Cases/ShopOpen/RemainingCategories/VisitRemainingCategoriesWithDSA: Test Cases/ShopOpen/RemainingCategories/VisitRemainingCategoriesWithDSA

2019-04-19 19:12:36 - [TEST_STEP][PASSED] - verifyElementText(findTestObject("ShopOpen/RemainingCategories/Validate_ProductCategoryAssetScreen", ["package":PACKAGENAME]), "Facing"): Actual text and expected text of test object 'Object Repository/ShopOpen/RemainingCategories/Validate_ProductCategoryAssetScreen' are matched.

2019-04-19 19:12:37 - [MESSAGE][PASSED] - Actual text and expected text of test object 'Object Repository/ShopOpen/RemainingCategories/Validate_ProductCategoryAssetScreen' are matched.

2019-04-19 19:12:37 - [TEST_STEP][PASSED] - tap(findTestObject("ShopOpen/RemainingCategories/Facing", ["package":PACKAGENAME]), 0): Tapped on element 'Object Repository/ShopOpen/RemainingCategories/Facing'

2019-04-19 19:12:37 - [MESSAGE][WARNING] - Timeout '0' is invalid. Using default page load timeout: '6'

2019-04-19 19:12:38 - [MESSAGE][PASSED] - Tapped on element 'Object Repository/ShopOpen/RemainingCategories/Facing'

2019-04-19 19:12:38 - [TEST_STEP][PASSED] - verifyElementText(findTestObject("ShopOpen/RemainingCategories/Validate_FacingScreen", ["package":PACKAGENAME]), "Facing"): Actual text and expected text of test object 'Object Repository/ShopOpen/RemainingCategories/Validate_FacingScreen' are matched.

2019-04-19 19:12:39 - [MESSAGE][PASSED] - Actual text and expected text of test object 'Object Repository/ShopOpen/RemainingCategories/Validate_FacingScreen' are matched.

2019-04-19 19:12:39 - [TEST_STEP][PASSED] - com.ct.qa.keywords.ChannelProductsDataKeywords.visitChannelWiseProductsData(CHANNEL_DSA_FACING, "Facing"): com.ct.qa.keywords.ChannelProductsDataKeywords.visitChannelWiseProductsData is PASSED

2019-04-19 19:12:44 - [MESSAGE][PASSED] - Keyboard is hidden

2019-04-19 19:12:47 - [MESSAGE][PASSED] - Keyboard is hidden

2019-04-19 19:12:50 - [MESSAGE][PASSED] - Keyboard is hidden

2019-04-19 19:12:53 - [MESSAGE][PASSED] - Keyboard is hidden

2019-04-19 19:12:56 - [MESSAGE][PASSED] - Keyboard is hidden

2019-04-19 19:12:58 - [MESSAGE][PASSED] - Swiped from 111,359 to 111,250

2019-04-19 19:12:59 - [MESSAGE][PASSED] - com.ct.qa.keywords.ChannelProductsDataKeywords.visitChannelWiseProductsData is PASSED

2019-04-19 19:12:59 - [TEST_STEP][PASSED] - tap(findTestObject("ShopOpen/RemainingCategories/SubmitButton", ["package":PACKAGENAME]), 0): Tapped on element 'Object Repository/ShopOpen/RemainingCategories/SubmitButton'

2019-04-19 19:12:59 - [MESSAGE][WARNING] - Timeout '0' is invalid. Using default page load timeout: '6'

2019-04-19 19:13:00 - [MESSAGE][PASSED] - Tapped on element 'Object Repository/ShopOpen/RemainingCategories/SubmitButton'

2019-04-19 19:13:00 - [TEST_STEP][PASSED] - verifyElementText(findTestObject("ShopOpen/RemainingCategories/Validate_ProductCategoryAssetScreen", ["package":PACKAGENAME]), "Facing"): Actual text and expected text of test object 'Object Repository/ShopOpen/RemainingCategories/Validate_ProductCategoryAssetScreen' are matched.

2019-04-19 19:13:00 - [MESSAGE][PASSED] - Actual text and expected text of test object 'Object Repository/ShopOpen/RemainingCategories/Validate_ProductCategoryAssetScreen' are matched.

2019-04-19 19:13:00 - [TEST_STEP][PASSED] - tap(findTestObject("ShopOpen/RemainingCategories/StockTaking", ["package":PACKAGENAME]), 0): Tapped on element 'Object Repository/ShopOpen/RemainingCategories/StockTaking'

2019-04-19 19:13:00 - [MESSAGE][WARNING] - Timeout '0' is invalid. Using default page load timeout: '6'

2019-04-19 19:13:01 - [MESSAGE][PASSED] - Tapped on element 'Object Repository/ShopOpen/RemainingCategories/StockTaking'

2019-04-19 19:13:01 - [TEST_STEP][PASSED] - verifyElementText(findTestObject("ShopOpen/RemainingCategories/Validate_StockTakingScreen", ["package":PACKAGENAME]), "Stock Taking"): Actual text and expected text of test object 'Object Repository/ShopOpen/RemainingCategories/Validate_StockTakingScreen' are matched.

2019-04-19 19:13:02 - [MESSAGE][PASSED] - Actual text and expected text of test object 'Object Repository/ShopOpen/RemainingCategories/Validate_StockTakingScreen' are matched.

2019-04-19 19:13:02 - [TEST_STEP][PASSED] - com.ct.qa.keywords.ChannelProductsDataKeywords.visitChannelWiseProductsData(CHANNEL_DSA_STOCKTAKING, "Stock Taking"): com.ct.qa.keywords.ChannelProductsDataKeywords.visitChannelWiseProductsData is PASSED

2019-04-19 19:13:02 - [MESSAGE][PASSED] - Keyboard is hidden

2019-04-19 19:13:05 - [MESSAGE][PASSED] - Keyboard is hidden

2019-04-19 19:13:08 - [MESSAGE][PASSED] - Keyboard is hidden

2019-04-19 19:13:11 - [MESSAGE][PASSED] - Keyboard is hidden

2019-04-19 19:13:14 - [MESSAGE][PASSED] - Keyboard is hidden

2019-04-19 19:13:16 - [MESSAGE][PASSED] - Swiped from 111,359 to 111,250

2019-04-19 19:13:17 - [MESSAGE][PASSED] - com.ct.qa.keywords.ChannelProductsDataKeywords.visitChannelWiseProductsData is PASSED

2019-04-19 19:13:17 - [TEST_STEP][PASSED] - tap(findTestObject("ShopOpen/RemainingCategories/SubmitButton", ["package":PACKAGENAME]), 0): Tapped on element 'Object Repository/ShopOpen/RemainingCategories/SubmitButton'

2019-04-19 19:13:17 - [MESSAGE][WARNING] - Timeout '0' is invalid. Using default page load timeout: '6'

2019-04-19 19:13:17 - [MESSAGE][PASSED] - Tapped on element 'Object Repository/ShopOpen/RemainingCategories/SubmitButton'

2019-04-19 19:13:17 - [TEST_STEP][PASSED] - verifyElementText(findTestObject("ShopOpen/RemainingCategories/Validate_ProductCategoryAssetScreen", ["package":PACKAGENAME]), "Facing"): Actual text and expected text of test object 'Object Repository/ShopOpen/RemainingCategories/Validate_ProductCategoryAssetScreen' are matched.

2019-04-19 19:13:18 - [MESSAGE][PASSED] - Actual text and expected text of test object 'Object Repository/ShopOpen/RemainingCategories/Validate_ProductCategoryAssetScreen' are matched.

2019-04-19 19:13:18 - [TEST_STEP][PASSED] - com.ct.qa.keywords.CommonKeywords.visitPlanogramImageViewButton(): com.ct.qa.keywords.CommonKeywords.visitPlanogramImageViewButton is PASSED

2019-04-19 19:13:20 - [MESSAGE][WARNING] - Timeout '0' is invalid. Using default page load timeout: '6'

2019-04-19 19:13:27 - [MESSAGE][WARNING] - Object Object Repository/CommonScreenElements/InfoPopUp_OKButton not found
[[ATTACHMENT|F:\\Git Projects\\MMAPlus_Merchandising\\MMAPlus_Merchandising\\Reports\\MMA Plus Merchandising Data Verification\\20190419_190508\\1555683206776.png]]

2019-04-19 19:13:28 - [MESSAGE][PASSED] - com.ct.qa.keywords.CommonKeywords.visitPlanogramImageViewButton is PASSED

2019-04-19 19:13:28 - [TEST_STEP][PASSED] - verifyElementText(findTestObject("ShopOpen/RemainingCategories/Validate_ProductCategoryAssetScreen", ["package":PACKAGENAME]), "Facing"): Actual text and expected text of test object 'Object Repository/ShopOpen/RemainingCategories/Validate_ProductCategoryAssetScreen' are matched.

2019-04-19 19:13:29 - [MESSAGE][PASSED] - Actual text and expected text of test object 'Object Repository/ShopOpen/RemainingCategories/Validate_ProductCategoryAssetScreen' are matched.

2019-04-19 19:13:29 - [TEST_STEP][PASSED] - com.ct.qa.keywords.CommonKeywords.visitPictureImageViewButton(): com.ct.qa.keywords.CommonKeywords.visitPictureImageViewButton is PASSED

2019-04-19 19:13:31 - [MESSAGE][WARNING] - Timeout '0' is invalid. Using default page load timeout: '6'

2019-04-19 19:13:32 - [MESSAGE][PASSED] - Element 'Object Repository/CommonScreenElements/Validate_CameraScreen' is exist

2019-04-19 19:13:32 - [MESSAGE][WARNING] - Timeout '0' is invalid. Using default page load timeout: '6'

2019-04-19 19:13:36 - [MESSAGE][PASSED] - Tapped on element 'Object Repository/CommonScreenElements/Camera_TakePictureButton'

2019-04-19 19:13:41 - [MESSAGE][PASSED] - Delayed 5 second(s)

2019-04-19 19:13:41 - [MESSAGE][WARNING] - Timeout '0' is invalid. Using default page load timeout: '6'

2019-04-19 19:13:41 - [MESSAGE][PASSED] - Tapped on element 'Object Repository/CommonScreenElements/Camera_DoneButton'

2019-04-19 19:13:41 - [MESSAGE][PASSED] - com.ct.qa.keywords.CommonKeywords.visitPictureImageViewButton is PASSED

2019-04-19 19:13:41 - [TEST_STEP][PASSED] - verifyElementText(findTestObject("ShopOpen/RemainingCategories/Validate_ProductCategoryAssetScreen", ["package":PACKAGENAME]), "Facing"): Actual text and expected text of test object 'Object Repository/ShopOpen/RemainingCategories/Validate_ProductCategoryAssetScreen' are matched.

2019-04-19 19:13:42 - [MESSAGE][PASSED] - Actual text and expected text of test object 'Object Repository/ShopOpen/RemainingCategories/Validate_ProductCategoryAssetScreen' are matched.

2019-04-19 19:13:42 - [TEST_STEP][PASSED] - com.ct.qa.keywords.CommonKeywords.visitBackImageViewButton(): com.ct.qa.keywords.CommonKeywords.visitBackImageViewButton is PASSED

2019-04-19 19:13:43 - [MESSAGE][PASSED] - com.ct.qa.keywords.CommonKeywords.visitBackImageViewButton is PASSED

2019-04-19 19:13:43 - [TEST_STEP][PASSED] - verifyElementExist(findTestObject("ShopOpen/Validate_ShopCategoriesListScreen", ["package":PACKAGENAME]), 0): Element 'Object Repository/ShopOpen/Validate_ShopCategoriesListScreen' is exist

2019-04-19 19:13:43 - [MESSAGE][WARNING] - Timeout '0' is invalid. Using default page load timeout: '6'

2019-04-19 19:13:45 - [MESSAGE][PASSED] - Element 'Object Repository/ShopOpen/Validate_ShopCategoriesListScreen' is exist

2019-04-19 19:13:45 - [MESSAGE][PASSED] - Call Test Case 'Test Cases/ShopOpen/RemainingCategories/VisitRemainingCategoriesWithDSA' successfully

2019-04-19 19:13:45 - [MESSAGE][WARNING] - Timeout '0' is invalid. Using default page load timeout: '6'

2019-04-19 19:13:53 - [MESSAGE][WARNING] - Element 'Object Repository/CommonScreenElements/Validate_CameraScreen' not found
[[ATTACHMENT|F:\\Git Projects\\MMAPlus_Merchandising\\MMAPlus_Merchandising\\Reports\\MMA Plus Merchandising Data Verification\\20190419_190508\\1555683232323.png]]

2019-04-19 19:13:53 - [MESSAGE][PASSED] - Actual text and expected text of test object 'Object Repository/ShopOpen/RemainingCategories/Validate_MainCategoryDetailScreen' are matched.

2019-04-19 19:13:54 - [TEST_CASE][PASSED] - Test Cases/ShopOpen/RemainingCategories/VisitRemainingCategoriesWithDSA: Test Cases/ShopOpen/RemainingCategories/VisitRemainingCategoriesWithDSA

2019-04-19 19:13:54 - [TEST_STEP][PASSED] - verifyElementText(findTestObject("ShopOpen/RemainingCategories/Validate_ProductCategoryAssetScreen", ["package":PACKAGENAME]), "Facing"): Actual text and expected text of test object 'Object Repository/ShopOpen/RemainingCategories/Validate_ProductCategoryAssetScreen' are matched.

2019-04-19 19:13:56 - [MESSAGE][PASSED] - Actual text and expected text of test object 'Object Repository/ShopOpen/RemainingCategories/Validate_ProductCategoryAssetScreen' are matched.

2019-04-19 19:13:56 - [TEST_STEP][PASSED] - tap(findTestObject("ShopOpen/RemainingCategories/Facing", ["package":PACKAGENAME]), 0): Tapped on element 'Object Repository/ShopOpen/RemainingCategories/Facing'

2019-04-19 19:13:56 - [MESSAGE][WARNING] - Timeout '0' is invalid. Using default page load timeout: '6'

2019-04-19 19:13:56 - [MESSAGE][PASSED] - Tapped on element 'Object Repository/ShopOpen/RemainingCategories/Facing'

2019-04-19 19:13:56 - [TEST_STEP][PASSED] - verifyElementText(findTestObject("ShopOpen/RemainingCategories/Validate_FacingScreen", ["package":PACKAGENAME]), "Facing"): Actual text and expected text of test object 'Object Repository/ShopOpen/RemainingCategories/Validate_FacingScreen' are matched.

2019-04-19 19:13:58 - [MESSAGE][PASSED] - Actual text and expected text of test object 'Object Repository/ShopOpen/RemainingCategories/Validate_FacingScreen' are matched.

2019-04-19 19:13:58 - [TEST_STEP][PASSED] - com.ct.qa.keywords.ChannelProductsDataKeywords.visitChannelWiseProductsData(CHANNEL_DSA_FACING, "Facing"): com.ct.qa.keywords.ChannelProductsDataKeywords.visitChannelWiseProductsData is PASSED

2019-04-19 19:14:02 - [MESSAGE][PASSED] - Keyboard is hidden

2019-04-19 19:14:05 - [MESSAGE][PASSED] - Keyboard is hidden

2019-04-19 19:14:08 - [MESSAGE][PASSED] - Keyboard is hidden

2019-04-19 19:14:11 - [MESSAGE][PASSED] - Keyboard is hidden

2019-04-19 19:14:13 - [MESSAGE][PASSED] - Swiped from 42,359 to 42,250

2019-04-19 19:14:14 - [MESSAGE][PASSED] - com.ct.qa.keywords.ChannelProductsDataKeywords.visitChannelWiseProductsData is PASSED

2019-04-19 19:14:14 - [TEST_STEP][PASSED] - tap(findTestObject("ShopOpen/RemainingCategories/SubmitButton", ["package":PACKAGENAME]), 0): Tapped on element 'Object Repository/ShopOpen/RemainingCategories/SubmitButton'

2019-04-19 19:14:14 - [MESSAGE][WARNING] - Timeout '0' is invalid. Using default page load timeout: '6'

2019-04-19 19:14:15 - [MESSAGE][PASSED] - Tapped on element 'Object Repository/ShopOpen/RemainingCategories/SubmitButton'

2019-04-19 19:14:15 - [TEST_STEP][PASSED] - verifyElementText(findTestObject("ShopOpen/RemainingCategories/Validate_ProductCategoryAssetScreen", ["package":PACKAGENAME]), "Facing"): Actual text and expected text of test object 'Object Repository/ShopOpen/RemainingCategories/Validate_ProductCategoryAssetScreen' are matched.

2019-04-19 19:14:16 - [MESSAGE][PASSED] - Actual text and expected text of test object 'Object Repository/ShopOpen/RemainingCategories/Validate_ProductCategoryAssetScreen' are matched.

2019-04-19 19:14:16 - [TEST_STEP][PASSED] - tap(findTestObject("ShopOpen/RemainingCategories/StockTaking", ["package":PACKAGENAME]), 0): Tapped on element 'Object Repository/ShopOpen/RemainingCategories/StockTaking'

2019-04-19 19:14:16 - [MESSAGE][WARNING] - Timeout '0' is invalid. Using default page load timeout: '6'

2019-04-19 19:14:16 - [MESSAGE][PASSED] - Tapped on element 'Object Repository/ShopOpen/RemainingCategories/StockTaking'

2019-04-19 19:14:16 - [TEST_STEP][PASSED] - verifyElementText(findTestObject("ShopOpen/RemainingCategories/Validate_StockTakingScreen", ["package":PACKAGENAME]), "Stock Taking"): Actual text and expected text of test object 'Object Repository/ShopOpen/RemainingCategories/Validate_StockTakingScreen' are matched.

2019-04-19 19:14:18 - [MESSAGE][PASSED] - Actual text and expected text of test object 'Object Repository/ShopOpen/RemainingCategories/Validate_StockTakingScreen' are matched.

2019-04-19 19:14:18 - [TEST_STEP][PASSED] - com.ct.qa.keywords.ChannelProductsDataKeywords.visitChannelWiseProductsData(CHANNEL_DSA_STOCKTAKING, "Stock Taking"): com.ct.qa.keywords.ChannelProductsDataKeywords.visitChannelWiseProductsData is PASSED

2019-04-19 19:14:21 - [MESSAGE][PASSED] - Keyboard is hidden

2019-04-19 19:14:24 - [MESSAGE][PASSED] - Keyboard is hidden

2019-04-19 19:14:27 - [MESSAGE][PASSED] - Keyboard is hidden

2019-04-19 19:14:30 - [MESSAGE][PASSED] - Keyboard is hidden

2019-04-19 19:14:32 - [MESSAGE][PASSED] - Swiped from 42,359 to 42,250

2019-04-19 19:14:32 - [MESSAGE][PASSED] - com.ct.qa.keywords.ChannelProductsDataKeywords.visitChannelWiseProductsData is PASSED

2019-04-19 19:14:32 - [TEST_STEP][PASSED] - tap(findTestObject("ShopOpen/RemainingCategories/SubmitButton", ["package":PACKAGENAME]), 0): Tapped on element 'Object Repository/ShopOpen/RemainingCategories/SubmitButton'

2019-04-19 19:14:32 - [MESSAGE][WARNING] - Timeout '0' is invalid. Using default page load timeout: '6'

2019-04-19 19:14:33 - [MESSAGE][PASSED] - Tapped on element 'Object Repository/ShopOpen/RemainingCategories/SubmitButton'

2019-04-19 19:14:33 - [TEST_STEP][PASSED] - verifyElementText(findTestObject("ShopOpen/RemainingCategories/Validate_ProductCategoryAssetScreen", ["package":PACKAGENAME]), "Facing"): Actual text and expected text of test object 'Object Repository/ShopOpen/RemainingCategories/Validate_ProductCategoryAssetScreen' are matched.

2019-04-19 19:14:34 - [MESSAGE][PASSED] - Actual text and expected text of test object 'Object Repository/ShopOpen/RemainingCategories/Validate_ProductCategoryAssetScreen' are matched.

2019-04-19 19:14:34 - [TEST_STEP][PASSED] - com.ct.qa.keywords.CommonKeywords.visitPlanogramImageViewButton(): com.ct.qa.keywords.CommonKeywords.visitPlanogramImageViewButton is PASSED

2019-04-19 19:14:36 - [MESSAGE][WARNING] - Timeout '0' is invalid. Using default page load timeout: '6'

2019-04-19 19:14:43 - [MESSAGE][WARNING] - Object Object Repository/CommonScreenElements/InfoPopUp_OKButton not found
[[ATTACHMENT|F:\\Git Projects\\MMAPlus_Merchandising\\MMAPlus_Merchandising\\Reports\\MMA Plus Merchandising Data Verification\\20190419_190508\\1555683282131.png]]

2019-04-19 19:14:43 - [MESSAGE][PASSED] - com.ct.qa.keywords.CommonKeywords.visitPlanogramImageViewButton is PASSED

2019-04-19 19:14:43 - [TEST_STEP][PASSED] - verifyElementText(findTestObject("ShopOpen/RemainingCategories/Validate_ProductCategoryAssetScreen", ["package":PACKAGENAME]), "Facing"): Actual text and expected text of test object 'Object Repository/ShopOpen/RemainingCategories/Validate_ProductCategoryAssetScreen' are matched.

2019-04-19 19:14:44 - [MESSAGE][PASSED] - Actual text and expected text of test object 'Object Repository/ShopOpen/RemainingCategories/Validate_ProductCategoryAssetScreen' are matched.

2019-04-19 19:14:44 - [TEST_STEP][PASSED] - com.ct.qa.keywords.CommonKeywords.visitPictureImageViewButton(): com.ct.qa.keywords.CommonKeywords.visitPictureImageViewButton is PASSED

2019-04-19 19:14:47 - [MESSAGE][WARNING] - Timeout '0' is invalid. Using default page load timeout: '6'

2019-04-19 19:14:48 - [MESSAGE][PASSED] - Element 'Object Repository/CommonScreenElements/Validate_CameraScreen' is exist

2019-04-19 19:14:48 - [MESSAGE][WARNING] - Timeout '0' is invalid. Using default page load timeout: '6'

2019-04-19 19:14:51 - [MESSAGE][PASSED] - Tapped on element 'Object Repository/CommonScreenElements/Camera_TakePictureButton'

2019-04-19 19:14:56 - [MESSAGE][PASSED] - Delayed 5 second(s)

2019-04-19 19:14:56 - [MESSAGE][WARNING] - Timeout '0' is invalid. Using default page load timeout: '6'

2019-04-19 19:14:57 - [MESSAGE][PASSED] - Tapped on element 'Object Repository/CommonScreenElements/Camera_DoneButton'

2019-04-19 19:14:57 - [MESSAGE][PASSED] - com.ct.qa.keywords.CommonKeywords.visitPictureImageViewButton is PASSED

2019-04-19 19:14:57 - [TEST_STEP][PASSED] - verifyElementText(findTestObject("ShopOpen/RemainingCategories/Validate_ProductCategoryAssetScreen", ["package":PACKAGENAME]), "Facing"): Actual text and expected text of test object 'Object Repository/ShopOpen/RemainingCategories/Validate_ProductCategoryAssetScreen' are matched.

2019-04-19 19:14:58 - [MESSAGE][PASSED] - Actual text and expected text of test object 'Object Repository/ShopOpen/RemainingCategories/Validate_ProductCategoryAssetScreen' are matched.

2019-04-19 19:14:58 - [TEST_STEP][PASSED] - com.ct.qa.keywords.CommonKeywords.visitBackImageViewButton(): com.ct.qa.keywords.CommonKeywords.visitBackImageViewButton is PASSED

2019-04-19 19:14:59 - [MESSAGE][PASSED] - com.ct.qa.keywords.CommonKeywords.visitBackImageViewButton is PASSED

2019-04-19 19:14:59 - [TEST_STEP][PASSED] - verifyElementExist(findTestObject("ShopOpen/Validate_ShopCategoriesListScreen", ["package":PACKAGENAME]), 0): Element 'Object Repository/ShopOpen/Validate_ShopCategoriesListScreen' is exist

2019-04-19 19:14:59 - [MESSAGE][WARNING] - Timeout '0' is invalid. Using default page load timeout: '6'

2019-04-19 19:15:01 - [MESSAGE][PASSED] - Element 'Object Repository/ShopOpen/Validate_ShopCategoriesListScreen' is exist

2019-04-19 19:15:01 - [MESSAGE][PASSED] - Call Test Case 'Test Cases/ShopOpen/RemainingCategories/VisitRemainingCategoriesWithDSA' successfully

2019-04-19 19:15:02 - [MESSAGE][WARNING] - Timeout '0' is invalid. Using default page load timeout: '6'

2019-04-19 19:15:10 - [MESSAGE][WARNING] - Element 'Object Repository/CommonScreenElements/Validate_CameraScreen' not found
[[ATTACHMENT|F:\\Git Projects\\MMAPlus_Merchandising\\MMAPlus_Merchandising\\Reports\\MMA Plus Merchandising Data Verification\\20190419_190508\\1555683309327.png]]

2019-04-19 19:15:10 - [MESSAGE][PASSED] - Actual text and expected text of test object 'Object Repository/ShopOpen/RemainingCategories/Validate_MainCategoryDetailScreen' are matched.

2019-04-19 19:15:11 - [TEST_CASE][PASSED] - Test Cases/ShopOpen/RemainingCategories/VisitRemainingCategoriesWithDSA: Test Cases/ShopOpen/RemainingCategories/VisitRemainingCategoriesWithDSA

2019-04-19 19:15:11 - [TEST_STEP][PASSED] - verifyElementText(findTestObject("ShopOpen/RemainingCategories/Validate_ProductCategoryAssetScreen", ["package":PACKAGENAME]), "Facing"): Actual text and expected text of test object 'Object Repository/ShopOpen/RemainingCategories/Validate_ProductCategoryAssetScreen' are matched.

2019-04-19 19:15:13 - [MESSAGE][PASSED] - Actual text and expected text of test object 'Object Repository/ShopOpen/RemainingCategories/Validate_ProductCategoryAssetScreen' are matched.

2019-04-19 19:15:13 - [TEST_STEP][PASSED] - tap(findTestObject("ShopOpen/RemainingCategories/Facing", ["package":PACKAGENAME]), 0): Tapped on element 'Object Repository/ShopOpen/RemainingCategories/Facing'

2019-04-19 19:15:13 - [MESSAGE][WARNING] - Timeout '0' is invalid. Using default page load timeout: '6'

2019-04-19 19:15:13 - [MESSAGE][PASSED] - Tapped on element 'Object Repository/ShopOpen/RemainingCategories/Facing'

2019-04-19 19:15:13 - [TEST_STEP][PASSED] - verifyElementText(findTestObject("ShopOpen/RemainingCategories/Validate_FacingScreen", ["package":PACKAGENAME]), "Facing"): Actual text and expected text of test object 'Object Repository/ShopOpen/RemainingCategories/Validate_FacingScreen' are matched.

2019-04-19 19:15:15 - [MESSAGE][PASSED] - Actual text and expected text of test object 'Object Repository/ShopOpen/RemainingCategories/Validate_FacingScreen' are matched.

2019-04-19 19:15:15 - [TEST_STEP][PASSED] - com.ct.qa.keywords.ChannelProductsDataKeywords.visitChannelWiseProductsData(CHANNEL_DSA_FACING, "Facing"): com.ct.qa.keywords.ChannelProductsDataKeywords.visitChannelWiseProductsData is PASSED

2019-04-19 19:15:19 - [MESSAGE][PASSED] - Keyboard is hidden

2019-04-19 19:15:22 - [MESSAGE][PASSED] - Keyboard is hidden

2019-04-19 19:15:25 - [MESSAGE][PASSED] - Keyboard is hidden

2019-04-19 19:15:28 - [MESSAGE][PASSED] - Keyboard is hidden

2019-04-19 19:15:31 - [MESSAGE][PASSED] - Keyboard is hidden

2019-04-19 19:15:34 - [MESSAGE][PASSED] - Keyboard is hidden

2019-04-19 19:15:36 - [MESSAGE][PASSED] - Swiped from 25,359 to 25,250

2019-04-19 19:15:38 - [MESSAGE][PASSED] - com.ct.qa.keywords.ChannelProductsDataKeywords.visitChannelWiseProductsData is PASSED

2019-04-19 19:15:38 - [TEST_STEP][PASSED] - tap(findTestObject("ShopOpen/RemainingCategories/SubmitButton", ["package":PACKAGENAME]), 0): Tapped on element 'Object Repository/ShopOpen/RemainingCategories/SubmitButton'

2019-04-19 19:15:38 - [MESSAGE][WARNING] - Timeout '0' is invalid. Using default page load timeout: '6'

2019-04-19 19:15:39 - [MESSAGE][PASSED] - Tapped on element 'Object Repository/ShopOpen/RemainingCategories/SubmitButton'

2019-04-19 19:15:39 - [TEST_STEP][PASSED] - verifyElementText(findTestObject("ShopOpen/RemainingCategories/Validate_ProductCategoryAssetScreen", ["package":PACKAGENAME]), "Facing"): Actual text and expected text of test object 'Object Repository/ShopOpen/RemainingCategories/Validate_ProductCategoryAssetScreen' are matched.

2019-04-19 19:15:40 - [MESSAGE][PASSED] - Actual text and expected text of test object 'Object Repository/ShopOpen/RemainingCategories/Validate_ProductCategoryAssetScreen' are matched.

2019-04-19 19:15:40 - [TEST_STEP][PASSED] - tap(findTestObject("ShopOpen/RemainingCategories/StockTaking", ["package":PACKAGENAME]), 0): Tapped on element 'Object Repository/ShopOpen/RemainingCategories/StockTaking'

2019-04-19 19:15:40 - [MESSAGE][WARNING] - Timeout '0' is invalid. Using default page load timeout: '6'

2019-04-19 19:15:40 - [MESSAGE][PASSED] - Tapped on element 'Object Repository/ShopOpen/RemainingCategories/StockTaking'

2019-04-19 19:15:40 - [TEST_STEP][PASSED] - verifyElementText(findTestObject("ShopOpen/RemainingCategories/Validate_StockTakingScreen", ["package":PACKAGENAME]), "Stock Taking"): Actual text and expected text of test object 'Object Repository/ShopOpen/RemainingCategories/Validate_StockTakingScreen' are matched.

2019-04-19 19:15:42 - [MESSAGE][PASSED] - Actual text and expected text of test object 'Object Repository/ShopOpen/RemainingCategories/Validate_StockTakingScreen' are matched.

2019-04-19 19:15:42 - [TEST_STEP][PASSED] - com.ct.qa.keywords.ChannelProductsDataKeywords.visitChannelWiseProductsData(CHANNEL_DSA_STOCKTAKING, "Stock Taking"): com.ct.qa.keywords.ChannelProductsDataKeywords.visitChannelWiseProductsData is PASSED

2019-04-19 19:15:46 - [MESSAGE][PASSED] - Keyboard is hidden

2019-04-19 19:15:49 - [MESSAGE][PASSED] - Keyboard is hidden

2019-04-19 19:15:52 - [MESSAGE][PASSED] - Keyboard is hidden

2019-04-19 19:15:55 - [MESSAGE][PASSED] - Keyboard is hidden

2019-04-19 19:15:58 - [MESSAGE][PASSED] - Keyboard is hidden

2019-04-19 19:16:01 - [MESSAGE][PASSED] - Keyboard is hidden

2019-04-19 19:16:03 - [MESSAGE][PASSED] - Swiped from 25,359 to 25,250

2019-04-19 19:16:05 - [MESSAGE][PASSED] - com.ct.qa.keywords.ChannelProductsDataKeywords.visitChannelWiseProductsData is PASSED

2019-04-19 19:16:05 - [TEST_STEP][PASSED] - tap(findTestObject("ShopOpen/RemainingCategories/SubmitButton", ["package":PACKAGENAME]), 0): Tapped on element 'Object Repository/ShopOpen/RemainingCategories/SubmitButton'

2019-04-19 19:16:05 - [MESSAGE][WARNING] - Timeout '0' is invalid. Using default page load timeout: '6'

2019-04-19 19:16:05 - [MESSAGE][PASSED] - Tapped on element 'Object Repository/ShopOpen/RemainingCategories/SubmitButton'

2019-04-19 19:16:05 - [TEST_STEP][PASSED] - verifyElementText(findTestObject("ShopOpen/RemainingCategories/Validate_ProductCategoryAssetScreen", ["package":PACKAGENAME]), "Facing"): Actual text and expected text of test object 'Object Repository/ShopOpen/RemainingCategories/Validate_ProductCategoryAssetScreen' are matched.

2019-04-19 19:16:06 - [MESSAGE][PASSED] - Actual text and expected text of test object 'Object Repository/ShopOpen/RemainingCategories/Validate_ProductCategoryAssetScreen' are matched.

2019-04-19 19:16:06 - [TEST_STEP][PASSED] - com.ct.qa.keywords.CommonKeywords.visitPlanogramImageViewButton(): com.ct.qa.keywords.CommonKeywords.visitPlanogramImageViewButton is PASSED

2019-04-19 19:16:08 - [MESSAGE][WARNING] - Timeout '0' is invalid. Using default page load timeout: '6'

2019-04-19 19:16:15 - [MESSAGE][WARNING] - Object Object Repository/CommonScreenElements/InfoPopUp_OKButton not found
[[ATTACHMENT|F:\\Git Projects\\MMAPlus_Merchandising\\MMAPlus_Merchandising\\Reports\\MMA Plus Merchandising Data Verification\\20190419_190508\\1555683374657.png]]

2019-04-19 19:16:16 - [MESSAGE][PASSED] - com.ct.qa.keywords.CommonKeywords.visitPlanogramImageViewButton is PASSED

2019-04-19 19:16:16 - [TEST_STEP][PASSED] - verifyElementText(findTestObject("ShopOpen/RemainingCategories/Validate_ProductCategoryAssetScreen", ["package":PACKAGENAME]), "Facing"): Actual text and expected text of test object 'Object Repository/ShopOpen/RemainingCategories/Validate_ProductCategoryAssetScreen' are matched.

2019-04-19 19:16:17 - [MESSAGE][PASSED] - Actual text and expected text of test object 'Object Repository/ShopOpen/RemainingCategories/Validate_ProductCategoryAssetScreen' are matched.

2019-04-19 19:16:17 - [TEST_STEP][PASSED] - com.ct.qa.keywords.CommonKeywords.visitPictureImageViewButton(): com.ct.qa.keywords.CommonKeywords.visitPictureImageViewButton is PASSED

2019-04-19 19:16:19 - [MESSAGE][WARNING] - Timeout '0' is invalid. Using default page load timeout: '6'

2019-04-19 19:16:20 - [MESSAGE][PASSED] - Element 'Object Repository/CommonScreenElements/Validate_CameraScreen' is exist

2019-04-19 19:16:20 - [MESSAGE][WARNING] - Timeout '0' is invalid. Using default page load timeout: '6'

2019-04-19 19:16:24 - [MESSAGE][PASSED] - Tapped on element 'Object Repository/CommonScreenElements/Camera_TakePictureButton'

2019-04-19 19:16:29 - [MESSAGE][PASSED] - Delayed 5 second(s)

2019-04-19 19:16:29 - [MESSAGE][WARNING] - Timeout '0' is invalid. Using default page load timeout: '6'

2019-04-19 19:16:29 - [MESSAGE][PASSED] - Tapped on element 'Object Repository/CommonScreenElements/Camera_DoneButton'

2019-04-19 19:16:29 - [MESSAGE][PASSED] - com.ct.qa.keywords.CommonKeywords.visitPictureImageViewButton is PASSED

[...]

2019-04-19 19:24:10 - [MESSAGE][PASSED] - Element 'Object Repository/CommonScreenElements/Validate_InfoPopUP' is exist

2019-04-19 19:24:10 - [TEST_STEP][PASSED] - tap(findTestObject("CommonScreenElements/InfoPopUp_YesButton", ["package":PACKAGENAME]), 0): Tapped on element 'Object Repository/CommonScreenElements/InfoPopUp_YesButton'

2019-04-19 19:24:10 - [MESSAGE][WARNING] - Timeout '0' is invalid. Using default page load timeout: '6'

2019-04-19 19:24:11 - [MESSAGE][PASSED] - Tapped on element 'Object Repository/CommonScreenElements/InfoPopUp_YesButton'

2019-04-19 19:24:11 - [TEST_STEP][PASSED] - verifyElementText(findTestObject("Validate_ShopListScreen", ["package":PACKAGENAME]), "Shops on Route"): Actual text and expected text of test object 'Object Repository/Validate_ShopListScreen' are matched.

2019-04-19 19:24:12 - [MESSAGE][PASSED] - Actual text and expected text of test object 'Object Repository/Validate_ShopListScreen' are matched.

2019-04-19 19:24:12 - [MESSAGE][PASSED] - Call Test Case 'Test Cases/ShopOpen/SaveShop' successfully

2019-04-19 19:24:12 - [MESSAGE][WARNING] - Timeout '0' is invalid. Using default page load timeout: '6'

2019-04-19 19:24:13 - [MESSAGE][PASSED] - Element 'Object Repository/Validate_ShopListScreen' is exist

2019-04-19 19:24:13 - [MESSAGE][INFO] - 

---------------------------------------------Missing Shop Data-----------------------------------------------------------------------------------------------------

<-------------------------------------------------------------------------------------------------------------------------------------->

Shop Name: 786 Irfan store                                             Channel: Big General Store                                  

Visiting Scenarios:           Data Verification                                                                                   

Shop Categories:              Survey,   
above items are displaying on device more than to expected items...



Question Categories:

Main Category:                Survey                                                      
Question Categories:          Competition Tracking,	
above items are missing on device...



<-------------------------------------------------------------------------------------------------------------------------------------->



2019-04-19 19:24:13 - [MESSAGE][INFO] - 


---------------------------------------------Visited Shop Data-----------------------------------------------------------------------------------------------------

<-------------------------------------------------------------------------------------------------------------------------------------->

Shop Name: 786 Irfan store                                             Channel: Big General Store                                  

Shop Visiting Scenarios:                Shop Open                                                                                           

Other Categories Visiting Scenarios:    (1) 'RTM visit frequency' with 'Once a week'
                                            'Pop Application' with 'No' remark                                                                  
                                            'Retailer Remarks' with 'OB not visiting' remark                                                    
                                            'Hanger Availability' with 'Yes' remark                                                             
                                        (2) 'RTM visit frequency' with 'Twice a week'                                                       
                                            'Pop Application' with 'No' remark                                                                  
                                            'Retailer Remarks' with 'SM not visiting' remark                                                    
                                            'Hanger Availability' with 'No' remark                                                              

Main Category:                Chiller                                                     
Scenarios:                    Chiller Not Allocated  ==>  null                                                                                                  

Product Category:             Juices - 200ML                                              
Products:                                         Facing                      Stock Taking                Overwrite Facing            Overwrite Stock Taking      
NESFRUTA MANGO 200ML                              14700                       16514                       null                        null                        
FRUITA VITALS CHAUNSA 200ML                       14697                       16511                       null                        null                        
FRUITA VITALS RED GRAPES 200ML                    14698                       16512                       null                        null                        
FRUITA VITALS APPLE 200ML                         14699                       16513                       null                        null                        
FRUITA VITALS PEACH 200ML                         14701                       16515                       null                        null                        
FRUITA VITALS ROYAL MANGOES 200ML                 14702                       16516                       null                        null                        


Product Category:             Yogurt                                                      
Products:                                         Facing                      Stock Taking                Overwrite Facing            Overwrite Stock Taking      
Sweet & Tasty 400GM                               14704                       16518                       null                        null                        
PODINA RAITA 250GM                                14705                       16519                       null                        null                        
Nestle Nesvita YOGURT 400GM                       14706                       16520                       null                        null                        
NESTLE MILKPAK YOGURT POUCH 500GM                 14703                       16517                       null                        null                        
NESTLE ZEERA RAITA 250GM                          14707                       16521                       null                        null                        
NESTLE MILKPAK YOGURT CUP 450GM                   14708                       16522                       null                        null                        
Sweet & Tasty 200GM                               14709                       16523                       null                        null                        
NESTLE MILKPAK YOGURT POUCH 1000GM                14710                       16524                       null                        null                        


Product Category:             Flavoured Milk                                              
Products:                                         Facing                      Stock Taking                Overwrite Facing            Overwrite Stock Taking      
MILO RTD 200ML                                    14711                       16525                       null                        null                        


Product Category:             Water                                                       
Products:                                         Facing                      Stock Taking                Overwrite Facing            Overwrite Stock Taking      
Water Npl 500ML                                   14712                       16526                       null                        null                        
Water Npl 1500ML                                  14713                       16527                       null                        null                        
Water Npl 330ML                                   14714                       16528                       null                        null                        

                                ----------------------------------------------------------------------------------------------------                                


Main Category:                Nutrition                                                   
Scenarios:                    Display Space Available  ==>  null                                                                                                

Product Category:             Nutrition                                                   
Products:                                         Facing                      Stock Taking                Overwrite Facing            Overwrite Stock Taking      
CERELAC 3 Fruit 175GM                             219                         2033                        null                        null                        
CERELAC Wheat 350GM                               220                         2034                        null                        null                        
CERELAC RICE 175GM                                221                         2035                        null                        null                        
CERELAC Wheat 175GM                               222                         2036                        null                        null                        
NIDO NNS 1+ 400GM                                 223                         2037                        null                        null                        
CERELAC 3 Fruit 350GM                             218                         2032                        null                        null                        

                                ----------------------------------------------------------------------------------------------------                                


Main Category:                Dairy Liquid                                                
Scenarios:                    Display Space Available  ==>  null                                                                                                

Product Category:             Dairy Liquid                                                
Products:                                         Facing                      Stock Taking                Overwrite Facing            Overwrite Stock Taking      
MILKPAK UHT 250ML                                 203                         2017                        null                        null                        
MILKPAK UHT 1000ML                                204                         2018                        null                        null                        
MILKPAK CREAM 200ML                               206                         2020                        null                        null                        
EVERYDAY UHT 180ML                                205                         2019                        null                        null                        
EVERYDAY UHT 225ML                                207                         2021                        null                        null                        

                                ----------------------------------------------------------------------------------------------------                                


Main Category:                Powder Tea Whitener                                         
Scenarios:                    Display Space Available  ==>  null                                                                                                

Product Category:             Powder Tea Whitener                                         
Products:                                         Facing                      Stock Taking                Overwrite Facing            Overwrite Stock Taking      
NESTLE EVERYDAY ORIGINAL 375GM                    229                         2043                        null                        null                        
NESTLE EVERYDAY ORIGINAL 900GM                    228                         2042                        null                        null                        
NESTLE EVERYDAY MIXED TEA 250GM                   230                         2044                        null                        null                        
NESTLE EVERYDAY MIXED TEA 600GM                   231                         2045                        null                        null                        

                                ----------------------------------------------------------------------------------------------------                                


Main Category:                Juices                                                      
Scenarios:                    Display Space Available  ==>  null                                                                                                

Product Category:             Juices                                                      
Products:                                         Facing                      Stock Taking                Overwrite Facing            Overwrite Stock Taking      
FRUITA VITALS CHAUNSA 1000ML                      208                         2022                        null                        null                        
FRUITA VITALS RED GRAPES 1000ML                   209                         2023                        null                        null                        
FRUITA VITALS APPLE 1000ML                        210                         2024                        null                        null                        
NESFRUTA MANGO 1000ML                             211                         2025                        null                        null                        
FRUITA VITALS PEACH 1000ML                        212                         2026                        null                        null                        
FRUITA VITALS ROYAL MANGOES 1000ML                213                         2027                        null                        null                        

                                ----------------------------------------------------------------------------------------------------                                


Main Category:                Infant Nutrition                                            
Scenarios:                    Display Space Available  ==>  null                                                                                                

Product Category:             Infant Nutrition                                            
Products:                                         Facing                      Stock Taking                Overwrite Facing            Overwrite Stock Taking      
LACTOGEN 1 200GM                                  216                         2030                        null                        null                        
LACTOGEN 1 400GM                                  214                         2028                        null                        null                        
LACTOGEN 2 400GM                                  215                         2029                        null                        null                        
LACTOGEN 2 200GM                                  217                         2031                        null                        null                        

                                ----------------------------------------------------------------------------------------------------                                


Main Category:                Dairy Powder                                                
Scenarios:                    Display Space Available  ==>  null                                                                                                

Product Category:             Dairy Powder                                                
Products:                                         Facing                      Stock Taking                Overwrite Facing            Overwrite Stock Taking      
NESTLE BUNYAD 260GM                               224                         2038                        null                        null                        
Nido Fortigrow 910GM                              225                         2039                        null                        null                        
Nido Fortigrow 390GM                              226                         2040                        null                        null                        
NESTLE BUNYAD 910GM                               227                         2041                        null                        null                        

                                ----------------------------------------------------------------------------------------------------                                


Main Category:                Sachets                                                     
Scenarios:                    Display Space Available  ==>  null                                                                                                

Product Category:             Sachets                                                     
Products:                                         Facing                      Stock Taking                Overwrite Facing            Overwrite Stock Taking      
EVERYDAY 13GM                                     234                         2048                        null                        null                        
NESTLE BUNYAD 26GM                                232                         2046                        null                        null                        
CERELAC 3 FRUIT 25GM                              233                         2047                        null                        null                        
CERELAC RICE 25GM                                 238                         2052                        null                        null                        
CERELAC Wheat 25GM                                237                         2051                        null                        null                        
NESTLE BUNYAD 130GM                               235                         2049                        null                        null                        
NESTLE BUNYAD CHOCO 26GM                          239                         2053                        null                        null                        
EVERYDAY 30GM                                     236                         2050                        null                        null                        
NESCAFE 3IN1 STRING 20GM                          240                         2054                        null                        null                        

                                ----------------------------------------------------------------------------------------------------                                


<-------------------------------------------------------------------------------------------------------------------------------------->



2019-04-19 19:24:13 - [MESSAGE][PASSED] - com.ct.qa.keywords.ShopVisitingScenariosKeywords.visitShopWith_DataVerification is PASSED]]></system-out>
         <system-err><![CDATA[]]></system-err>
      </testcase>
      <system-out><![CDATA[2019-04-19 19:05:11 - [TEST_SUITE][PASSED] - MMA Plus Merchandising Data Verification: Test Cases/VisitShopScenarios/VisitShopsWithDataVerification]]></system-out>
      <system-err><![CDATA[]]></system-err>
   </testsuite>
</testsuites>
